Using pre-set license
Built from '2020.3/release' branch; Version is '2020.3.1f1 (77a89f25062f) revision 7841951'; Using compiler version '192528614'; Build Type 'Release'
OS: 'Windows 10 Pro; OS build 19041.867; Version 2004; 64bit' Language: 'en' Physical Memory: 16336 MB
BatchMode: 1, IsHumanControllingUs: 0, StartBugReporterOnCrash: 0, Is64bit: 1, IsPro: 0

 COMMAND LINE ARGUMENTS:
L:\Unity Editors\2020.3.1f1\Editor\Unity.exe
-adb2
-batchMode
-noUpm
-name
AssetImportWorker0
-projectPath
L:/Unity/MinecartGemGame
-logFile
Logs/AssetImportWorker0.log
-srvPort
52845
Successfully changed project path to: L:/Unity/MinecartGemGame
L:/Unity/MinecartGemGame
Using Asset Import Pipeline V2.
Refreshing native plugins compatible for Editor in 31.91 ms, found 0 plugins.
Preloading 0 native plugins for Editor in 0.00 ms.
Initialize engine version: 2020.3.1f1 (77a89f25062f)
[Subsystems] Discovering subsystems at path L:/Unity Editors/2020.3.1f1/Editor/Data/Resources/UnitySubsystems
[Subsystems] Discovering subsystems at path L:/Unity/MinecartGemGame/Assets
GfxDevice: creating device client; threaded=0
Direct3D:
    Version:  Direct3D 11.0 [level 11.1]
    Renderer: NVIDIA GeForce GTX 1080 (ID=0x1b80)
    Vendor:   
    VRAM:     8079 MB
    Driver:   27.21.14.6192
Initialize mono
Mono path[0] = 'L:/Unity Editors/2020.3.1f1/Editor/Data/Managed'
Mono path[1] = 'L:/Unity Editors/2020.3.1f1/Editor/Data/MonoBleedingEdge/lib/mono/unityjit'
Mono config path = 'L:/Unity Editors/2020.3.1f1/Editor/Data/MonoBleedingEdge/etc'
Using monoOptions --debugger-agent=transport=dt_socket,embedding=1,server=y,suspend=n,address=127.0.0.1:56496
Begin MonoManager ReloadAssembly
Registering precompiled unity dll's ...
Register platform support module: L:/Unity Editors/2020.3.1f1/Editor/Data/PlaybackEngines/WindowsStandaloneSupport/UnityEditor.WindowsStandalone.Extensions.dll
Registered in 0.001319 seconds.
Native extension for WindowsStandalone target not found
Refreshing native plugins compatible for Editor in 31.38 ms, found 0 plugins.
Preloading 0 native plugins for Editor in 0.00 ms.
Invoked RoslynAnalysisRunner static constructor.
RoslynAnalysisRunner will not be running.
RoslynAnalysisRunner has terminated.
Mono: successfully reloaded assembly
- Completed reload, in  1.209 seconds
Platform modules already initialized, skipping
Registering precompiled user dll's ...
Registered in 0.000732 seconds.
Begin MonoManager ReloadAssembly
Native extension for WindowsStandalone target not found
Refreshing native plugins compatible for Editor in 0.28 ms, found 0 plugins.
Preloading 0 native plugins for Editor in 0.00 ms.
Invoked RoslynAnalysisRunner static constructor.
RoslynAnalysisRunner will not be running.
RoslynAnalysisRunner has terminated.
Mono: successfully reloaded assembly
- Completed reload, in  1.068 seconds
Platform modules already initialized, skipping
========================================================================
Worker process is ready to serve import requests
Launched and connected shader compiler UnityShaderCompiler.exe after 0.05 seconds
Refreshing native plugins compatible for Editor in 0.46 ms, found 0 plugins.
Preloading 0 native plugins for Editor in 0.00 ms.
Unloading 1413 Unused Serialized files (Serialized files now loaded: 0)
System memory in use before: 66.4 MB.
System memory in use after: 66.5 MB.

Unloading 15 unused Assets to reduce memory usage. Loaded Objects now: 1859.
Total: 2.674800 ms (FindLiveObjects: 0.222100 ms CreateObjectMapping: 0.039400 ms MarkObjects: 2.335600 ms  DeleteObjects: 0.076500 ms)

========================================================================
Received Import Request.
  path: Assets/Scenes
  artifactKey: Guid(e58c2059c77beff4bb1c529cdf843fdb) Importer(815301076,1909f56bfc062723c751e8b465ee728b)
Start importing Assets/Scenes using Guid(e58c2059c77beff4bb1c529cdf843fdb) Importer(815301076,1909f56bfc062723c751e8b465ee728b)  -> (artifact id: '21395c218bb0fc8e3a6975909c76cc7f') in 0.048066 seconds
  Import took 0.061545 seconds .

========================================================================
Received Import Request.
  Time since last request: 2.735262 seconds.
  path: Assets
  artifactKey: Guid(00000000000000001000000000000000) Importer(815301076,1909f56bfc062723c751e8b465ee728b)
Start importing Assets using Guid(00000000000000001000000000000000) Importer(815301076,1909f56bfc062723c751e8b465ee728b)  -> (artifact id: 'a6374019befeac6ce670f13ba9960efb') in 0.008129 seconds
  Import took 0.010739 seconds .

========================================================================
Received Import Request.
  Time since last request: 26.403434 seconds.
  path: Assets/Player
  artifactKey: Guid(1391029e912e76f42a6e157ff87c022c) Importer(815301076,1909f56bfc062723c751e8b465ee728b)
Start importing Assets/Player using Guid(1391029e912e76f42a6e157ff87c022c) Importer(815301076,1909f56bfc062723c751e8b465ee728b)  -> (artifact id: '53c77710cc8df9d221db8a4274182454') in 0.009642 seconds
  Import took 0.012342 seconds .

========================================================================
Received Import Request.
  Time since last request: 14.743689 seconds.
  path: Assets/Player/Player.prefab
  artifactKey: Guid(9e6610374e8bd584da4240883088f572) Importer(815301076,1909f56bfc062723c751e8b465ee728b)
Start importing Assets/Player/Player.prefab using Guid(9e6610374e8bd584da4240883088f572) Importer(815301076,1909f56bfc062723c751e8b465ee728b)  -> (artifact id: '74d5c9442d59dcec68ec0ddef0503ecd') in 0.080744 seconds
  Import took 0.083611 seconds .

========================================================================
Received Import Request.
  Time since last request: 0.022575 seconds.
  path: Assets/Player/Player.prefab
  artifactKey: Guid(9e6610374e8bd584da4240883088f572) Importer(815301076,1909f56bfc062723c751e8b465ee728b)
Start importing Assets/Player/Player.prefab using Guid(9e6610374e8bd584da4240883088f572) Importer(815301076,1909f56bfc062723c751e8b465ee728b)  -> (artifact id: '74d5c9442d59dcec68ec0ddef0503ecd') in 0.004028 seconds
  Import took 0.006676 seconds .

========================================================================
Received Import Request.
  Time since last request: 18.910933 seconds.
  path: Assets/Player/Player.prefab
  artifactKey: Guid(9e6610374e8bd584da4240883088f572) Importer(815301076,1909f56bfc062723c751e8b465ee728b)
Start importing Assets/Player/Player.prefab using Guid(9e6610374e8bd584da4240883088f572) Importer(815301076,1909f56bfc062723c751e8b465ee728b)  -> (artifact id: 'e8d2bb734039164fd65583c42f025d8e') in 0.146938 seconds
  Import took 0.163186 seconds .

========================================================================
Received Import Request.
  Time since last request: 5.891381 seconds.
  path: Assets/Player/Player.prefab
  artifactKey: Guid(9e6610374e8bd584da4240883088f572) Importer(815301076,1909f56bfc062723c751e8b465ee728b)
Start importing Assets/Player/Player.prefab using Guid(9e6610374e8bd584da4240883088f572) Importer(815301076,1909f56bfc062723c751e8b465ee728b)  -> (artifact id: '6d52fef783e31673f04e404afa91c349') in 0.009051 seconds
  Import took 0.011915 seconds .

========================================================================
Received Import Request.
  Time since last request: 0.595372 seconds.
  path: Assets/Player/Player.prefab
  artifactKey: Guid(9e6610374e8bd584da4240883088f572) Importer(815301076,1909f56bfc062723c751e8b465ee728b)
Start importing Assets/Player/Player.prefab using Guid(9e6610374e8bd584da4240883088f572) Importer(815301076,1909f56bfc062723c751e8b465ee728b)  -> (artifact id: '756626c98209b77f32eca7239db3e620') in 0.008673 seconds
  Import took 0.011591 seconds .

========================================================================
Received Import Request.
  Time since last request: 10.888553 seconds.
  path: Assets/Player/Player.prefab
  artifactKey: Guid(9e6610374e8bd584da4240883088f572) Importer(815301076,1909f56bfc062723c751e8b465ee728b)
Start importing Assets/Player/Player.prefab using Guid(9e6610374e8bd584da4240883088f572) Importer(815301076,1909f56bfc062723c751e8b465ee728b)  -> (artifact id: '2cf9d0d8d8d44025d34cd8dd0d5e9bca') in 0.009139 seconds
  Import took 0.012053 seconds .

========================================================================
Received Import Request.
  Time since last request: 3.873041 seconds.
  path: Assets/Player/Player.prefab
  artifactKey: Guid(9e6610374e8bd584da4240883088f572) Importer(815301076,1909f56bfc062723c751e8b465ee728b)
Start importing Assets/Player/Player.prefab using Guid(9e6610374e8bd584da4240883088f572) Importer(815301076,1909f56bfc062723c751e8b465ee728b)  -> (artifact id: '949fc23f64df779a5db8860e70879905') in 0.014232 seconds
  Import took 0.017156 seconds .

========================================================================
Received Import Request.
  Time since last request: 5.218156 seconds.
  path: Packages/com.unity.2d.sprite/Editor/ObjectMenuCreation/DefaultAssets/Textures/9-Sliced.png
  artifactKey: Guid(cc35afd292fc349128b36a291fb3a165) Importer(815301076,1909f56bfc062723c751e8b465ee728b)
Start importing Packages/com.unity.2d.sprite/Editor/ObjectMenuCreation/DefaultAssets/Textures/9-Sliced.png using Guid(cc35afd292fc349128b36a291fb3a165) Importer(815301076,1909f56bfc062723c751e8b465ee728b)  -> (artifact id: '958711e20552fafe9c1fc2cd873c04ab') in 0.171624 seconds
  Import took 0.174490 seconds .

========================================================================
Received Import Request.
  Time since last request: 0.000258 seconds.
  path: Packages/com.unity.2d.sprite/Editor/ObjectMenuCreation/DefaultAssets/Textures/HexagonPointed-Top.png
  artifactKey: Guid(4b2a04fdbe0ef4d8da8f90eaca817cd1) Importer(815301076,1909f56bfc062723c751e8b465ee728b)
Start importing Packages/com.unity.2d.sprite/Editor/ObjectMenuCreation/DefaultAssets/Textures/HexagonPointed-Top.png using Guid(4b2a04fdbe0ef4d8da8f90eaca817cd1) Importer(815301076,1909f56bfc062723c751e8b465ee728b)  -> (artifact id: '664f93a004a9c365de95b4ce7c115ddd') in 0.082302 seconds
  Import took 0.085342 seconds .

========================================================================
Received Import Request.
  Time since last request: 0.000205 seconds.
  path: Packages/com.unity.2d.sprite/Editor/ObjectMenuCreation/DefaultAssets/Textures/HexagonFlat-Top.png
  artifactKey: Guid(a9716c16a44a94eed9b5c90fbf4d9bdd) Importer(815301076,1909f56bfc062723c751e8b465ee728b)
Start importing Packages/com.unity.2d.sprite/Editor/ObjectMenuCreation/DefaultAssets/Textures/HexagonFlat-Top.png using Guid(a9716c16a44a94eed9b5c90fbf4d9bdd) Importer(815301076,1909f56bfc062723c751e8b465ee728b)  -> (artifact id: '7ecf424496ad290eb3719e014a5a9dea') in 0.071438 seconds
  Import took 0.073851 seconds .

========================================================================
Received Import Request.
  Time since last request: 0.000188 seconds.
  path: Packages/com.unity.2d.sprite/Editor/ObjectMenuCreation/DefaultAssets/Textures/CircleMask.png
  artifactKey: Guid(87aaca0a643d54397ba969dab4fc8875) Importer(815301076,1909f56bfc062723c751e8b465ee728b)
Start importing Packages/com.unity.2d.sprite/Editor/ObjectMenuCreation/DefaultAssets/Textures/CircleMask.png using Guid(87aaca0a643d54397ba969dab4fc8875) Importer(815301076,1909f56bfc062723c751e8b465ee728b)  -> (artifact id: '8f44cd7bc3d35adf98db5836d0d82f09') in 0.055924 seconds
  Import took 0.058425 seconds .

========================================================================
Received Import Request.
  Time since last request: 0.000270 seconds.
  path: Packages/com.unity.2d.sprite/Editor/ObjectMenuCreation/DefaultAssets/Textures/9-Sliced.png
  artifactKey: Guid(cc35afd292fc349128b36a291fb3a165) Importer(815301076,1909f56bfc062723c751e8b465ee728b)
Start importing Packages/com.unity.2d.sprite/Editor/ObjectMenuCreation/DefaultAssets/Textures/9-Sliced.png using Guid(cc35afd292fc349128b36a291fb3a165) Importer(815301076,1909f56bfc062723c751e8b465ee728b)  -> (artifact id: '958711e20552fafe9c1fc2cd873c04ab') in 0.011377 seconds
  Import took 0.013796 seconds .

========================================================================
Received Import Request.
  Time since last request: 0.000226 seconds.
  path: Packages/com.unity.2d.sprite/Editor/ObjectMenuCreation/DefaultAssets/Textures/Circle.png
  artifactKey: Guid(4adeaf2d2b1c7417e89f026626d8264f) Importer(815301076,1909f56bfc062723c751e8b465ee728b)
Start importing Packages/com.unity.2d.sprite/Editor/ObjectMenuCreation/DefaultAssets/Textures/Circle.png using Guid(4adeaf2d2b1c7417e89f026626d8264f) Importer(815301076,1909f56bfc062723c751e8b465ee728b)  -> (artifact id: 'e019b68cfe10de2662d75f1cf507cdfa') in 0.050274 seconds
  Import took 0.052943 seconds .

========================================================================
Received Import Request.
  Time since last request: 0.000241 seconds.
  path: Packages/com.unity.2d.sprite/Editor/ObjectMenuCreation/DefaultAssets/Textures/Square.png
  artifactKey: Guid(db750325989564987a34393247d883b4) Importer(815301076,1909f56bfc062723c751e8b465ee728b)
Start importing Packages/com.unity.2d.sprite/Editor/ObjectMenuCreation/DefaultAssets/Textures/Square.png using Guid(db750325989564987a34393247d883b4) Importer(815301076,1909f56bfc062723c751e8b465ee728b)  -> (artifact id: '01564d6a2f741367e4c3c30eb7297365') in 0.020730 seconds
  Import took 0.023154 seconds .

========================================================================
Received Import Request.
  Time since last request: 0.000267 seconds.
  path: Packages/com.unity.2d.sprite/Editor/ObjectMenuCreation/DefaultAssets/Textures/Capsule.png
  artifactKey: Guid(34587324d412940a79d530020c957dc0) Importer(815301076,1909f56bfc062723c751e8b465ee728b)
Start importing Packages/com.unity.2d.sprite/Editor/ObjectMenuCreation/DefaultAssets/Textures/Capsule.png using Guid(34587324d412940a79d530020c957dc0) Importer(815301076,1909f56bfc062723c751e8b465ee728b)  -> (artifact id: 'c99e8992aee196fe7f1bc50837eb4af5') in 0.052209 seconds
  Import took 0.054657 seconds .

========================================================================
Received Import Request.
  Time since last request: 0.000268 seconds.
  path: Packages/com.unity.2d.sprite/Editor/ObjectMenuCreation/DefaultAssets/Textures/IsometricDiamond.png
  artifactKey: Guid(0d267bc78a0864eb48358689b29ed20a) Importer(815301076,1909f56bfc062723c751e8b465ee728b)
Start importing Packages/com.unity.2d.sprite/Editor/ObjectMenuCreation/DefaultAssets/Textures/IsometricDiamond.png using Guid(0d267bc78a0864eb48358689b29ed20a) Importer(815301076,1909f56bfc062723c751e8b465ee728b)  -> (artifact id: 'afabe840d427a3d1fbe7be5acc9154cf') in 0.053238 seconds
  Import took 0.055836 seconds .

========================================================================
Received Import Request.
  Time since last request: 0.002967 seconds.
  path: Packages/com.unity.2d.sprite/Editor/ObjectMenuCreation/DefaultAssets/Textures/IsometricDiamond.png
  artifactKey: Guid(0d267bc78a0864eb48358689b29ed20a) Importer(815301076,1909f56bfc062723c751e8b465ee728b)
Start importing Packages/com.unity.2d.sprite/Editor/ObjectMenuCreation/DefaultAssets/Textures/IsometricDiamond.png using Guid(0d267bc78a0864eb48358689b29ed20a) Importer(815301076,1909f56bfc062723c751e8b465ee728b)  -> (artifact id: 'afabe840d427a3d1fbe7be5acc9154cf') in 0.008200 seconds
  Import took 0.010691 seconds .

========================================================================
Received Import Request.
  Time since last request: 188.846533 seconds.
  path: Assets/Player/Player.prefab
  artifactKey: Guid(9e6610374e8bd584da4240883088f572) Importer(815301076,1909f56bfc062723c751e8b465ee728b)
Start importing Assets/Player/Player.prefab using Guid(9e6610374e8bd584da4240883088f572) Importer(815301076,1909f56bfc062723c751e8b465ee728b)  -> (artifact id: 'f08ed8a41392d6c19f232e80e9d27c50') in 0.010004 seconds
  Import took 0.013214 seconds .

========================================================================
Received Import Request.
  Time since last request: 12.192809 seconds.
  path: Assets/Player/Player.cs
  artifactKey: Guid(da9806e7ae15dd546bdb5aea8873e9ef) Importer(815301076,1909f56bfc062723c751e8b465ee728b)
Start importing Assets/Player/Player.cs using Guid(da9806e7ae15dd546bdb5aea8873e9ef) Importer(815301076,1909f56bfc062723c751e8b465ee728b)  -> (artifact id: '5469f591f9120984fb7f9b7b54da2a04') in 0.014971 seconds
  Import took 0.017803 seconds .

========================================================================
Received Import Request.
  Time since last request: 0.004349 seconds.
  path: Assets/Player/Player.cs
  artifactKey: Guid(da9806e7ae15dd546bdb5aea8873e9ef) Importer(815301076,1909f56bfc062723c751e8b465ee728b)
Start importing Assets/Player/Player.cs using Guid(da9806e7ae15dd546bdb5aea8873e9ef) Importer(815301076,1909f56bfc062723c751e8b465ee728b)  -> (artifact id: '5469f591f9120984fb7f9b7b54da2a04') in 0.003142 seconds
  Import took 0.005826 seconds .

========================================================================
Received Prepare
Registering precompiled user dll's ...
Registered in 0.000735 seconds.
Begin MonoManager ReloadAssembly
Native extension for WindowsStandalone target not found
Refreshing native plugins compatible for Editor in 0.52 ms, found 0 plugins.
Preloading 0 native plugins for Editor in 0.00 ms.
Invoked RoslynAnalysisRunner static constructor.
RoslynAnalysisRunner will not be running.
RoslynAnalysisRunner has terminated.
Mono: successfully reloaded assembly
- Completed reload, in  1.155 seconds
Platform modules already initialized, skipping
Refreshing native plugins compatible for Editor in 0.39 ms, found 0 plugins.
Preloading 0 native plugins for Editor in 0.00 ms.
Unloading 1409 Unused Serialized files (Serialized files now loaded: 0)
System memory in use before: 69.6 MB.
System memory in use after: 69.7 MB.

Unloading 6 unused Assets to reduce memory usage. Loaded Objects now: 1882.
Total: 2.465300 ms (FindLiveObjects: 0.313700 ms CreateObjectMapping: 0.042700 ms MarkObjects: 2.084100 ms  DeleteObjects: 0.022600 ms)

========================================================================
Received Prepare
Registering precompiled user dll's ...
Registered in 0.000698 seconds.
Begin MonoManager ReloadAssembly
Native extension for WindowsStandalone target not found
Refreshing native plugins compatible for Editor in 0.29 ms, found 0 plugins.
Preloading 0 native plugins for Editor in 0.00 ms.
Invoked RoslynAnalysisRunner static constructor.
RoslynAnalysisRunner will not be running.
RoslynAnalysisRunner has terminated.
Mono: successfully reloaded assembly
- Completed reload, in  1.021 seconds
Platform modules already initialized, skipping
Refreshing native plugins compatible for Editor in 0.45 ms, found 0 plugins.
Preloading 0 native plugins for Editor in 0.00 ms.
Unloading 1408 Unused Serialized files (Serialized files now loaded: 0)
System memory in use before: 69.6 MB.
System memory in use after: 69.7 MB.

Unloading 6 unused Assets to reduce memory usage. Loaded Objects now: 1886.
Total: 2.708100 ms (FindLiveObjects: 0.292100 ms CreateObjectMapping: 0.044200 ms MarkObjects: 2.346600 ms  DeleteObjects: 0.023900 ms)

========================================================================
Received Import Request.
  Time since last request: 58.382376 seconds.
  path: Assets/Player/Player.prefab
  artifactKey: Guid(9e6610374e8bd584da4240883088f572) Importer(815301076,1909f56bfc062723c751e8b465ee728b)
Start importing Assets/Player/Player.prefab using Guid(9e6610374e8bd584da4240883088f572) Importer(815301076,1909f56bfc062723c751e8b465ee728b)  -> (artifact id: 'b2a8333cb9733735b52310ae13131ab5') in 0.065990 seconds
  Import took 0.069057 seconds .

========================================================================
Received Prepare
Registering precompiled user dll's ...
Registered in 0.000698 seconds.
Begin MonoManager ReloadAssembly
Native extension for WindowsStandalone target not found
Refreshing native plugins compatible for Editor in 0.33 ms, found 0 plugins.
Preloading 0 native plugins for Editor in 0.00 ms.
Invoked RoslynAnalysisRunner static constructor.
RoslynAnalysisRunner will not be running.
RoslynAnalysisRunner has terminated.
Mono: successfully reloaded assembly
- Completed reload, in  1.016 seconds
Platform modules already initialized, skipping
Refreshing native plugins compatible for Editor in 0.46 ms, found 0 plugins.
Preloading 0 native plugins for Editor in 0.00 ms.
Unloading 1408 Unused Serialized files (Serialized files now loaded: 0)
System memory in use before: 69.6 MB.
System memory in use after: 69.7 MB.

Unloading 6 unused Assets to reduce memory usage. Loaded Objects now: 1891.
Total: 2.190200 ms (FindLiveObjects: 0.216900 ms CreateObjectMapping: 0.038800 ms MarkObjects: 1.916300 ms  DeleteObjects: 0.017300 ms)

========================================================================
Received Import Request.
  Time since last request: 3147.259158 seconds.
  path: Assets/Scenes/SampleScene.unity
  artifactKey: Guid(2cda990e2423bbf4892e6590ba056729) Importer(815301076,1909f56bfc062723c751e8b465ee728b)
Start importing Assets/Scenes/SampleScene.unity using Guid(2cda990e2423bbf4892e6590ba056729) Importer(815301076,1909f56bfc062723c751e8b465ee728b)  -> (artifact id: 'c63c3c4e7c8d699658e57d7183baa33b') in 0.020435 seconds
  Import took 0.023283 seconds .

========================================================================
Received Prepare
Registering precompiled user dll's ...
Registered in 0.000672 seconds.
Begin MonoManager ReloadAssembly
Native extension for WindowsStandalone target not found
Refreshing native plugins compatible for Editor in 0.31 ms, found 0 plugins.
Preloading 0 native plugins for Editor in 0.00 ms.
Invoked RoslynAnalysisRunner static constructor.
RoslynAnalysisRunner will not be running.
RoslynAnalysisRunner has terminated.
Mono: successfully reloaded assembly
- Completed reload, in  1.029 seconds
Platform modules already initialized, skipping
Refreshing native plugins compatible for Editor in 0.43 ms, found 0 plugins.
Preloading 0 native plugins for Editor in 0.00 ms.
Unloading 1408 Unused Serialized files (Serialized files now loaded: 0)
System memory in use before: 69.7 MB.
System memory in use after: 69.8 MB.

Unloading 6 unused Assets to reduce memory usage. Loaded Objects now: 1895.
Total: 2.198400 ms (FindLiveObjects: 0.252000 ms CreateObjectMapping: 0.040500 ms MarkObjects: 1.887900 ms  DeleteObjects: 0.016700 ms)

========================================================================
Received Prepare
Registering precompiled user dll's ...
Registered in 0.000691 seconds.
Begin MonoManager ReloadAssembly
Native extension for WindowsStandalone target not found
Refreshing native plugins compatible for Editor in 0.29 ms, found 0 plugins.
Preloading 0 native plugins for Editor in 0.00 ms.
Invoked RoslynAnalysisRunner static constructor.
RoslynAnalysisRunner will not be running.
RoslynAnalysisRunner has terminated.
Mono: successfully reloaded assembly
- Completed reload, in  1.015 seconds
Platform modules already initialized, skipping
Refreshing native plugins compatible for Editor in 0.31 ms, found 0 plugins.
Preloading 0 native plugins for Editor in 0.00 ms.
Unloading 1408 Unused Serialized files (Serialized files now loaded: 0)
System memory in use before: 69.7 MB.
System memory in use after: 69.8 MB.

Unloading 6 unused Assets to reduce memory usage. Loaded Objects now: 1899.
Total: 2.150000 ms (FindLiveObjects: 0.253300 ms CreateObjectMapping: 0.042300 ms MarkObjects: 1.837100 ms  DeleteObjects: 0.016000 ms)

========================================================================
Received Import Request.
  Time since last request: 4776.239725 seconds.
  path: Assets/Player/Player.prefab
  artifactKey: Guid(9e6610374e8bd584da4240883088f572) Importer(815301076,1909f56bfc062723c751e8b465ee728b)
Start importing Assets/Player/Player.prefab using Guid(9e6610374e8bd584da4240883088f572) Importer(815301076,1909f56bfc062723c751e8b465ee728b)  -> (artifact id: 'fc08889ee0ad8fa9044e9de666a7618a') in 0.078202 seconds
  Import took 0.081022 seconds .

========================================================================
Received Prepare
Registering precompiled user dll's ...
Registered in 0.000757 seconds.
Begin MonoManager ReloadAssembly
Native extension for WindowsStandalone target not found
Refreshing native plugins compatible for Editor in 0.29 ms, found 0 plugins.
Preloading 0 native plugins for Editor in 0.00 ms.
Invoked RoslynAnalysisRunner static constructor.
RoslynAnalysisRunner will not be running.
RoslynAnalysisRunner has terminated.
Mono: successfully reloaded assembly
- Completed reload, in  0.995 seconds
Platform modules already initialized, skipping
Refreshing native plugins compatible for Editor in 0.30 ms, found 0 plugins.
Preloading 0 native plugins for Editor in 0.00 ms.
Unloading 1408 Unused Serialized files (Serialized files now loaded: 0)
System memory in use before: 69.7 MB.
System memory in use after: 69.8 MB.

Unloading 6 unused Assets to reduce memory usage. Loaded Objects now: 1904.
Total: 2.062400 ms (FindLiveObjects: 0.212800 ms CreateObjectMapping: 0.045600 ms MarkObjects: 1.782400 ms  DeleteObjects: 0.020600 ms)

========================================================================
Received Prepare
Registering precompiled user dll's ...
Registered in 0.000799 seconds.
Begin MonoManager ReloadAssembly
Native extension for WindowsStandalone target not found
Refreshing native plugins compatible for Editor in 0.29 ms, found 0 plugins.
Preloading 0 native plugins for Editor in 0.00 ms.
Invoked RoslynAnalysisRunner static constructor.
RoslynAnalysisRunner will not be running.
RoslynAnalysisRunner has terminated.
Mono: successfully reloaded assembly
- Completed reload, in  1.022 seconds
Platform modules already initialized, skipping
Refreshing native plugins compatible for Editor in 0.47 ms, found 0 plugins.
Preloading 0 native plugins for Editor in 0.00 ms.
Unloading 1408 Unused Serialized files (Serialized files now loaded: 0)
System memory in use before: 69.7 MB.
System memory in use after: 69.8 MB.

Unloading 6 unused Assets to reduce memory usage. Loaded Objects now: 1908.
Total: 2.307400 ms (FindLiveObjects: 0.268900 ms CreateObjectMapping: 0.061100 ms MarkObjects: 1.955100 ms  DeleteObjects: 0.020900 ms)

========================================================================
Received Import Request.
  Time since last request: 124.802918 seconds.
  path: Assets/Player/Player.prefab
  artifactKey: Guid(9e6610374e8bd584da4240883088f572) Importer(815301076,1909f56bfc062723c751e8b465ee728b)
Start importing Assets/Player/Player.prefab using Guid(9e6610374e8bd584da4240883088f572) Importer(815301076,1909f56bfc062723c751e8b465ee728b)  -> (artifact id: '957939af3136c32b4bd326f013895e20') in 0.064105 seconds
  Import took 0.067076 seconds .

========================================================================
Received Import Request.
  Time since last request: 9.599457 seconds.
  path: Assets/Player/Player.prefab
  artifactKey: Guid(9e6610374e8bd584da4240883088f572) Importer(815301076,1909f56bfc062723c751e8b465ee728b)
Start importing Assets/Player/Player.prefab using Guid(9e6610374e8bd584da4240883088f572) Importer(815301076,1909f56bfc062723c751e8b465ee728b)  -> (artifact id: 'c24502d0c13d4941f2d629f06fe597d5') in 0.011265 seconds
  Import took 0.026017 seconds .

========================================================================
Received Prepare
Registering precompiled user dll's ...
Registered in 0.000704 seconds.
Begin MonoManager ReloadAssembly
Native extension for WindowsStandalone target not found
Refreshing native plugins compatible for Editor in 0.35 ms, found 0 plugins.
Preloading 0 native plugins for Editor in 0.00 ms.
Invoked RoslynAnalysisRunner static constructor.
RoslynAnalysisRunner will not be running.
RoslynAnalysisRunner has terminated.
Mono: successfully reloaded assembly
- Completed reload, in  1.043 seconds
Platform modules already initialized, skipping
Refreshing native plugins compatible for Editor in 0.55 ms, found 0 plugins.
Preloading 0 native plugins for Editor in 0.00 ms.
Unloading 1408 Unused Serialized files (Serialized files now loaded: 0)
System memory in use before: 69.7 MB.
System memory in use after: 69.8 MB.

Unloading 6 unused Assets to reduce memory usage. Loaded Objects now: 1913.
Total: 2.262600 ms (FindLiveObjects: 0.235600 ms CreateObjectMapping: 0.047900 ms MarkObjects: 1.959200 ms  DeleteObjects: 0.018500 ms)

========================================================================
Received Import Request.
  Time since last request: 266.373378 seconds.
  path: Assets/Player/Player.prefab
  artifactKey: Guid(9e6610374e8bd584da4240883088f572) Importer(815301076,1909f56bfc062723c751e8b465ee728b)
Start importing Assets/Player/Player.prefab using Guid(9e6610374e8bd584da4240883088f572) Importer(815301076,1909f56bfc062723c751e8b465ee728b)  -> (artifact id: '5ddd19801474331dd3f5de87a10bc011') in 0.072346 seconds
  Import took 0.075215 seconds .

========================================================================
Received Import Request.
  Time since last request: 7.657013 seconds.
  path: Assets/Player/Player.prefab
  artifactKey: Guid(9e6610374e8bd584da4240883088f572) Importer(815301076,1909f56bfc062723c751e8b465ee728b)
Start importing Assets/Player/Player.prefab using Guid(9e6610374e8bd584da4240883088f572) Importer(815301076,1909f56bfc062723c751e8b465ee728b)  -> (artifact id: 'cdb30a907c99bd44c1f961896ec176df') in 0.011621 seconds
  Import took 0.014621 seconds .

========================================================================
Received Import Request.
  Time since last request: 4.221246 seconds.
  path: Assets/Player/Player.prefab
  artifactKey: Guid(9e6610374e8bd584da4240883088f572) Importer(815301076,1909f56bfc062723c751e8b465ee728b)
Start importing Assets/Player/Player.prefab using Guid(9e6610374e8bd584da4240883088f572) Importer(815301076,1909f56bfc062723c751e8b465ee728b)  -> (artifact id: 'f3c07ecd68996a3324a76159f82f738f') in 0.010697 seconds
  Import took 0.013588 seconds .

========================================================================
Received Import Request.
  Time since last request: 771.371664 seconds.
  path: Assets/Player/Player.prefab
  artifactKey: Guid(9e6610374e8bd584da4240883088f572) Importer(815301076,1909f56bfc062723c751e8b465ee728b)
Start importing Assets/Player/Player.prefab using Guid(9e6610374e8bd584da4240883088f572) Importer(815301076,1909f56bfc062723c751e8b465ee728b)  -> (artifact id: '7219d1e98e5db34e5f45a15aa02b2633') in 0.011010 seconds
  Import took 0.014054 seconds .

========================================================================
Received Import Request.
  Time since last request: 3.940047 seconds.
  path: Assets/Player/Player.prefab
  artifactKey: Guid(9e6610374e8bd584da4240883088f572) Importer(815301076,1909f56bfc062723c751e8b465ee728b)
Start importing Assets/Player/Player.prefab using Guid(9e6610374e8bd584da4240883088f572) Importer(815301076,1909f56bfc062723c751e8b465ee728b)  -> (artifact id: '6b1179da5d14d04d09628e694c85bfa0') in 0.009986 seconds
  Import took 0.012884 seconds .

========================================================================
Received Import Request.
  Time since last request: 10.830800 seconds.
  path: Assets/Player/Player.prefab
  artifactKey: Guid(9e6610374e8bd584da4240883088f572) Importer(815301076,1909f56bfc062723c751e8b465ee728b)
Start importing Assets/Player/Player.prefab using Guid(9e6610374e8bd584da4240883088f572) Importer(815301076,1909f56bfc062723c751e8b465ee728b)  -> (artifact id: '19339a791a7c5cdfe7fce77db9610be7') in 0.010070 seconds
  Import took 0.013237 seconds .

========================================================================
Received Import Request.
  Time since last request: 5.310823 seconds.
  path: Assets/Player/Player.prefab
  artifactKey: Guid(9e6610374e8bd584da4240883088f572) Importer(815301076,1909f56bfc062723c751e8b465ee728b)
Start importing Assets/Player/Player.prefab using Guid(9e6610374e8bd584da4240883088f572) Importer(815301076,1909f56bfc062723c751e8b465ee728b)  -> (artifact id: 'eab1543bae455d93c15dbfabb45d7915') in 0.009549 seconds
  Import took 0.012397 seconds .

========================================================================
Received Import Request.
  Time since last request: 1.779908 seconds.
  path: Assets/Player/Player.prefab
  artifactKey: Guid(9e6610374e8bd584da4240883088f572) Importer(815301076,1909f56bfc062723c751e8b465ee728b)
Start importing Assets/Player/Player.prefab using Guid(9e6610374e8bd584da4240883088f572) Importer(815301076,1909f56bfc062723c751e8b465ee728b)  -> (artifact id: '079a983ac92e8556d7883cafa59c5935') in 0.009733 seconds
  Import took 0.012626 seconds .

========================================================================
Received Import Request.
  Time since last request: 14.332827 seconds.
  path: Assets/Player/Player.prefab
  artifactKey: Guid(9e6610374e8bd584da4240883088f572) Importer(815301076,1909f56bfc062723c751e8b465ee728b)
Start importing Assets/Player/Player.prefab using Guid(9e6610374e8bd584da4240883088f572) Importer(815301076,1909f56bfc062723c751e8b465ee728b)  -> (artifact id: 'bd82cda9d4999616b33bdcf23fc418d3') in 0.010176 seconds
  Import took 0.013179 seconds .

========================================================================
Received Import Request.
  Time since last request: 18.104938 seconds.
  path: Assets/Player/Player.prefab
  artifactKey: Guid(9e6610374e8bd584da4240883088f572) Importer(815301076,1909f56bfc062723c751e8b465ee728b)
Start importing Assets/Player/Player.prefab using Guid(9e6610374e8bd584da4240883088f572) Importer(815301076,1909f56bfc062723c751e8b465ee728b)  -> (artifact id: 'f726db17a1df3ba2ea07aaed00a0676e') in 0.012334 seconds
  Import took 0.015356 seconds .

========================================================================
Received Import Request.
  Time since last request: 3.853877 seconds.
  path: Assets/Player/Player.prefab
  artifactKey: Guid(9e6610374e8bd584da4240883088f572) Importer(815301076,1909f56bfc062723c751e8b465ee728b)
Start importing Assets/Player/Player.prefab using Guid(9e6610374e8bd584da4240883088f572) Importer(815301076,1909f56bfc062723c751e8b465ee728b)  -> (artifact id: 'e740d81f0480c9eebc8703d8d674bd1c') in 0.009129 seconds
  Import took 0.012042 seconds .

========================================================================
Received Import Request.
  Time since last request: 16.004102 seconds.
  path: Assets/Player/Player.prefab
  artifactKey: Guid(9e6610374e8bd584da4240883088f572) Importer(815301076,1909f56bfc062723c751e8b465ee728b)
Start importing Assets/Player/Player.prefab using Guid(9e6610374e8bd584da4240883088f572) Importer(815301076,1909f56bfc062723c751e8b465ee728b)  -> (artifact id: 'a4342eae74e7b3c227cf67fa6b63c21f') in 0.009470 seconds
  Import took 0.012443 seconds .

========================================================================
Received Prepare
Registering precompiled user dll's ...
Registered in 0.000705 seconds.
Begin MonoManager ReloadAssembly
Native extension for WindowsStandalone target not found
Refreshing native plugins compatible for Editor in 0.30 ms, found 0 plugins.
Preloading 0 native plugins for Editor in 0.00 ms.
Invoked RoslynAnalysisRunner static constructor.
RoslynAnalysisRunner will not be running.
RoslynAnalysisRunner has terminated.
Mono: successfully reloaded assembly
- Completed reload, in  1.011 seconds
Platform modules already initialized, skipping
Refreshing native plugins compatible for Editor in 0.33 ms, found 0 plugins.
Preloading 0 native plugins for Editor in 0.00 ms.
Unloading 1408 Unused Serialized files (Serialized files now loaded: 0)
System memory in use before: 69.7 MB.
System memory in use after: 69.8 MB.

Unloading 6 unused Assets to reduce memory usage. Loaded Objects now: 1918.
Total: 2.358400 ms (FindLiveObjects: 0.316200 ms CreateObjectMapping: 0.064500 ms MarkObjects: 1.956300 ms  DeleteObjects: 0.020300 ms)

========================================================================
Received Import Request.
  Time since last request: 1450.613999 seconds.
  path: Assets/Player/Player.prefab
  artifactKey: Guid(9e6610374e8bd584da4240883088f572) Importer(815301076,1909f56bfc062723c751e8b465ee728b)
Start importing Assets/Player/Player.prefab using Guid(9e6610374e8bd584da4240883088f572) Importer(815301076,1909f56bfc062723c751e8b465ee728b)  -> (artifact id: '1aba367f394d1d1534327d83517ced06') in 0.082758 seconds
  Import took 0.085692 seconds .

========================================================================
Received Import Request.
  Time since last request: 0.135341 seconds.
  path: Assets/Player/Player.prefab
  artifactKey: Guid(9e6610374e8bd584da4240883088f572) Importer(815301076,1909f56bfc062723c751e8b465ee728b)
Start importing Assets/Player/Player.prefab using Guid(9e6610374e8bd584da4240883088f572) Importer(815301076,1909f56bfc062723c751e8b465ee728b)  -> (artifact id: '1aba367f394d1d1534327d83517ced06') in 0.013343 seconds
  Import took 0.016214 seconds .

========================================================================
Received Prepare
Registering precompiled user dll's ...
Registered in 0.000671 seconds.
Begin MonoManager ReloadAssembly
Native extension for WindowsStandalone target not found
Refreshing native plugins compatible for Editor in 0.32 ms, found 0 plugins.
Preloading 0 native plugins for Editor in 0.00 ms.
Invoked RoslynAnalysisRunner static constructor.
RoslynAnalysisRunner will not be running.
RoslynAnalysisRunner has terminated.
Mono: successfully reloaded assembly
- Completed reload, in  1.015 seconds
Platform modules already initialized, skipping
Refreshing native plugins compatible for Editor in 0.45 ms, found 0 plugins.
Preloading 0 native plugins for Editor in 0.00 ms.
Unloading 1408 Unused Serialized files (Serialized files now loaded: 0)
System memory in use before: 69.7 MB.
System memory in use after: 69.8 MB.

Unloading 6 unused Assets to reduce memory usage. Loaded Objects now: 1923.
Total: 2.165800 ms (FindLiveObjects: 0.208300 ms CreateObjectMapping: 0.037900 ms MarkObjects: 1.900600 ms  DeleteObjects: 0.017600 ms)

========================================================================
Received Prepare
Registering precompiled user dll's ...
Registered in 0.000744 seconds.
Begin MonoManager ReloadAssembly
Native extension for WindowsStandalone target not found
Refreshing native plugins compatible for Editor in 0.31 ms, found 0 plugins.
Preloading 0 native plugins for Editor in 0.00 ms.
Invoked RoslynAnalysisRunner static constructor.
RoslynAnalysisRunner will not be running.
RoslynAnalysisRunner has terminated.
Mono: successfully reloaded assembly
- Completed reload, in  1.015 seconds
Platform modules already initialized, skipping
Refreshing native plugins compatible for Editor in 0.45 ms, found 0 plugins.
Preloading 0 native plugins for Editor in 0.00 ms.
Unloading 1408 Unused Serialized files (Serialized files now loaded: 0)
System memory in use before: 69.9 MB.
System memory in use after: 70.0 MB.

Unloading 6 unused Assets to reduce memory usage. Loaded Objects now: 1927.
Total: 2.093600 ms (FindLiveObjects: 0.220900 ms CreateObjectMapping: 0.040900 ms MarkObjects: 1.816100 ms  DeleteObjects: 0.014900 ms)

========================================================================
Received Prepare
Registering precompiled user dll's ...
Registered in 0.000732 seconds.
Begin MonoManager ReloadAssembly
Native extension for WindowsStandalone target not found
Refreshing native plugins compatible for Editor in 0.29 ms, found 0 plugins.
Preloading 0 native plugins for Editor in 0.00 ms.
Invoked RoslynAnalysisRunner static constructor.
RoslynAnalysisRunner will not be running.
RoslynAnalysisRunner has terminated.
Mono: successfully reloaded assembly
- Completed reload, in  1.026 seconds
Platform modules already initialized, skipping
Refreshing native plugins compatible for Editor in 0.47 ms, found 0 plugins.
Preloading 0 native plugins for Editor in 0.00 ms.
Unloading 1408 Unused Serialized files (Serialized files now loaded: 0)
System memory in use before: 69.7 MB.
System memory in use after: 69.8 MB.

Unloading 6 unused Assets to reduce memory usage. Loaded Objects now: 1931.
Total: 2.994800 ms (FindLiveObjects: 0.258300 ms CreateObjectMapping: 0.042200 ms MarkObjects: 2.666000 ms  DeleteObjects: 0.026900 ms)

========================================================================
Received Import Request.
  Time since last request: 519.736714 seconds.
  path: Assets/Player/Player.prefab
  artifactKey: Guid(9e6610374e8bd584da4240883088f572) Importer(815301076,1909f56bfc062723c751e8b465ee728b)
Start importing Assets/Player/Player.prefab using Guid(9e6610374e8bd584da4240883088f572) Importer(815301076,1909f56bfc062723c751e8b465ee728b)  -> (artifact id: 'de294a131cabdec60f6f44f512016467') in 0.065160 seconds
  Import took 0.068259 seconds .

========================================================================
Received Import Request.
  Time since last request: 88.981725 seconds.
  path: Assets/Player/Player.prefab
  artifactKey: Guid(9e6610374e8bd584da4240883088f572) Importer(815301076,1909f56bfc062723c751e8b465ee728b)
Start importing Assets/Player/Player.prefab using Guid(9e6610374e8bd584da4240883088f572) Importer(815301076,1909f56bfc062723c751e8b465ee728b)  -> (artifact id: '09933d8b3b8955706b416e7b4bce2169') in 0.009949 seconds
  Import took 0.012885 seconds .

========================================================================
Received Import Request.
  Time since last request: 12.639952 seconds.
  path: Assets/Player/Player.prefab
  artifactKey: Guid(9e6610374e8bd584da4240883088f572) Importer(815301076,1909f56bfc062723c751e8b465ee728b)
Start importing Assets/Player/Player.prefab using Guid(9e6610374e8bd584da4240883088f572) Importer(815301076,1909f56bfc062723c751e8b465ee728b)  -> (artifact id: '1dd8211342707e446dc38f5d455a7922') in 0.009372 seconds
  Import took 0.012229 seconds .

========================================================================
Received Import Request.
  Time since last request: 2.789737 seconds.
  path: ProjectSettings/TagManager.asset
  artifactKey: Guid(00000000000000003000000000000000) Importer(815301076,1909f56bfc062723c751e8b465ee728b)
Start importing ProjectSettings/TagManager.asset using Guid(00000000000000003000000000000000) Importer(815301076,1909f56bfc062723c751e8b465ee728b)  -> (artifact id: '4e1ade904f8483502412a943970edefa') in 0.010949 seconds
  Import took 0.013807 seconds .

========================================================================
Received Import Request.
  Time since last request: 0.001802 seconds.
  path: ProjectSettings/TagManager.asset
  artifactKey: Guid(00000000000000003000000000000000) Importer(815301076,1909f56bfc062723c751e8b465ee728b)
Start importing ProjectSettings/TagManager.asset using Guid(00000000000000003000000000000000) Importer(815301076,1909f56bfc062723c751e8b465ee728b)  -> (artifact id: '4e1ade904f8483502412a943970edefa') in 0.003517 seconds
  Import took 0.006198 seconds .

========================================================================
Received Import Request.
  Time since last request: 20.670459 seconds.
  path: Assets/Player/Player.prefab
  artifactKey: Guid(9e6610374e8bd584da4240883088f572) Importer(815301076,1909f56bfc062723c751e8b465ee728b)
Start importing Assets/Player/Player.prefab using Guid(9e6610374e8bd584da4240883088f572) Importer(815301076,1909f56bfc062723c751e8b465ee728b)  -> (artifact id: '53d8abe4229994b431ae8ed90dfdf671') in 0.012434 seconds
  Import took 0.015328 seconds .

========================================================================
Received Import Request.
  Time since last request: 15.404211 seconds.
  path: Assets/Scenes/SampleScene.unity
  artifactKey: Guid(2cda990e2423bbf4892e6590ba056729) Importer(815301076,1909f56bfc062723c751e8b465ee728b)
Start importing Assets/Scenes/SampleScene.unity using Guid(2cda990e2423bbf4892e6590ba056729) Importer(815301076,1909f56bfc062723c751e8b465ee728b)  -> (artifact id: '85f1ce61785b0b3c9f9d6396bc4a809b') in 0.008918 seconds
  Import took 0.011673 seconds .

========================================================================
Received Prepare
Registering precompiled user dll's ...
Registered in 0.000767 seconds.
Begin MonoManager ReloadAssembly
Native extension for WindowsStandalone target not found
Refreshing native plugins compatible for Editor in 0.29 ms, found 0 plugins.
Preloading 0 native plugins for Editor in 0.00 ms.
Invoked RoslynAnalysisRunner static constructor.
RoslynAnalysisRunner will not be running.
RoslynAnalysisRunner has terminated.
Mono: successfully reloaded assembly
- Completed reload, in  1.049 seconds
Platform modules already initialized, skipping
Refreshing native plugins compatible for Editor in 0.44 ms, found 0 plugins.
Preloading 0 native plugins for Editor in 0.00 ms.
Unloading 1408 Unused Serialized files (Serialized files now loaded: 0)
System memory in use before: 69.8 MB.
System memory in use after: 69.9 MB.

Unloading 8 unused Assets to reduce memory usage. Loaded Objects now: 1936.
Total: 2.295000 ms (FindLiveObjects: 0.248700 ms CreateObjectMapping: 0.039800 ms MarkObjects: 1.984600 ms  DeleteObjects: 0.020900 ms)

========================================================================
Received Prepare
Registering precompiled user dll's ...
Registered in 0.000897 seconds.
Begin MonoManager ReloadAssembly
Native extension for WindowsStandalone target not found
Refreshing native plugins compatible for Editor in 0.29 ms, found 0 plugins.
Preloading 0 native plugins for Editor in 0.00 ms.
Invoked RoslynAnalysisRunner static constructor.
RoslynAnalysisRunner will not be running.
RoslynAnalysisRunner has terminated.
Mono: successfully reloaded assembly
- Completed reload, in  1.043 seconds
Platform modules already initialized, skipping
Refreshing native plugins compatible for Editor in 0.45 ms, found 0 plugins.
Preloading 0 native plugins for Editor in 0.00 ms.
Unloading 1408 Unused Serialized files (Serialized files now loaded: 0)
System memory in use before: 69.8 MB.
System memory in use after: 69.9 MB.

Unloading 6 unused Assets to reduce memory usage. Loaded Objects now: 1940.
Total: 2.133500 ms (FindLiveObjects: 0.224800 ms CreateObjectMapping: 0.040500 ms MarkObjects: 1.849400 ms  DeleteObjects: 0.017500 ms)

========================================================================
Received Prepare
Registering precompiled user dll's ...
Registered in 0.000716 seconds.
Begin MonoManager ReloadAssembly
Native extension for WindowsStandalone target not found
Refreshing native plugins compatible for Editor in 0.31 ms, found 0 plugins.
Preloading 0 native plugins for Editor in 0.00 ms.
Invoked RoslynAnalysisRunner static constructor.
RoslynAnalysisRunner will not be running.
RoslynAnalysisRunner has terminated.
Mono: successfully reloaded assembly
- Completed reload, in  1.017 seconds
Platform modules already initialized, skipping
Refreshing native plugins compatible for Editor in 0.43 ms, found 0 plugins.
Preloading 0 native plugins for Editor in 0.00 ms.
Unloading 1408 Unused Serialized files (Serialized files now loaded: 0)
System memory in use before: 69.8 MB.
System memory in use after: 69.9 MB.

Unloading 6 unused Assets to reduce memory usage. Loaded Objects now: 1944.
Total: 2.206000 ms (FindLiveObjects: 0.227000 ms CreateObjectMapping: 0.042700 ms MarkObjects: 1.919100 ms  DeleteObjects: 0.016200 ms)

========================================================================
Received Prepare
Registering precompiled user dll's ...
Registered in 0.001127 seconds.
Begin MonoManager ReloadAssembly
Native extension for WindowsStandalone target not found
Refreshing native plugins compatible for Editor in 0.28 ms, found 0 plugins.
Preloading 0 native plugins for Editor in 0.00 ms.
Invoked RoslynAnalysisRunner static constructor.
RoslynAnalysisRunner will not be running.
RoslynAnalysisRunner has terminated.
Mono: successfully reloaded assembly
- Completed reload, in  1.002 seconds
Platform modules already initialized, skipping
Refreshing native plugins compatible for Editor in 0.45 ms, found 0 plugins.
Preloading 0 native plugins for Editor in 0.00 ms.
Unloading 1408 Unused Serialized files (Serialized files now loaded: 0)
System memory in use before: 69.8 MB.
System memory in use after: 69.9 MB.

Unloading 6 unused Assets to reduce memory usage. Loaded Objects now: 1948.
Total: 2.321800 ms (FindLiveObjects: 0.265500 ms CreateObjectMapping: 0.048600 ms MarkObjects: 1.986900 ms  DeleteObjects: 0.019500 ms)

========================================================================
Received Prepare
Registering precompiled user dll's ...
Registered in 0.000709 seconds.
Begin MonoManager ReloadAssembly
Native extension for WindowsStandalone target not found
Refreshing native plugins compatible for Editor in 0.30 ms, found 0 plugins.
Preloading 0 native plugins for Editor in 0.00 ms.
Invoked RoslynAnalysisRunner static constructor.
RoslynAnalysisRunner will not be running.
RoslynAnalysisRunner has terminated.
Mono: successfully reloaded assembly
- Completed reload, in  1.055 seconds
Platform modules already initialized, skipping
Refreshing native plugins compatible for Editor in 0.45 ms, found 0 plugins.
Preloading 0 native plugins for Editor in 0.00 ms.
Unloading 1408 Unused Serialized files (Serialized files now loaded: 0)
System memory in use before: 69.8 MB.
System memory in use after: 69.9 MB.

Unloading 6 unused Assets to reduce memory usage. Loaded Objects now: 1952.
Total: 3.102500 ms (FindLiveObjects: 0.234300 ms CreateObjectMapping: 0.039600 ms MarkObjects: 2.803400 ms  DeleteObjects: 0.023500 ms)

========================================================================
Received Prepare
Registering precompiled user dll's ...
Registered in 0.000731 seconds.
Begin MonoManager ReloadAssembly
Native extension for WindowsStandalone target not found
Refreshing native plugins compatible for Editor in 0.29 ms, found 0 plugins.
Preloading 0 native plugins for Editor in 0.00 ms.
Invoked RoslynAnalysisRunner static constructor.
RoslynAnalysisRunner will not be running.
RoslynAnalysisRunner has terminated.
Mono: successfully reloaded assembly
- Completed reload, in  1.016 seconds
Platform modules already initialized, skipping
Refreshing native plugins compatible for Editor in 0.46 ms, found 0 plugins.
Preloading 0 native plugins for Editor in 0.00 ms.
Unloading 1409 Unused Serialized files (Serialized files now loaded: 0)
System memory in use before: 69.8 MB.
System memory in use after: 69.9 MB.

Unloading 6 unused Assets to reduce memory usage. Loaded Objects now: 1957.
Total: 2.300500 ms (FindLiveObjects: 0.252000 ms CreateObjectMapping: 0.042600 ms MarkObjects: 1.986000 ms  DeleteObjects: 0.018700 ms)

========================================================================
Received Import Request.
  Time since last request: 628.062846 seconds.
  path: Assets/Player/Player.cs
  artifactKey: Guid(da9806e7ae15dd546bdb5aea8873e9ef) Importer(815301076,1909f56bfc062723c751e8b465ee728b)
Start importing Assets/Player/Player.cs using Guid(da9806e7ae15dd546bdb5aea8873e9ef) Importer(815301076,1909f56bfc062723c751e8b465ee728b)  -> (artifact id: 'c22a8bb75460bcc4964576fa9bdf6f8a') in 0.005952 seconds
  Import took 0.008697 seconds .

========================================================================
Received Import Request.
  Time since last request: 0.001944 seconds.
  path: Assets/Player/Player.cs
  artifactKey: Guid(da9806e7ae15dd546bdb5aea8873e9ef) Importer(815301076,1909f56bfc062723c751e8b465ee728b)
Start importing Assets/Player/Player.cs using Guid(da9806e7ae15dd546bdb5aea8873e9ef) Importer(815301076,1909f56bfc062723c751e8b465ee728b)  -> (artifact id: 'c22a8bb75460bcc4964576fa9bdf6f8a') in 0.003194 seconds
  Import took 0.005595 seconds .

========================================================================
Received Prepare
Registering precompiled user dll's ...
Registered in 0.000667 seconds.
Begin MonoManager ReloadAssembly
Native extension for WindowsStandalone target not found
Refreshing native plugins compatible for Editor in 0.30 ms, found 0 plugins.
Preloading 0 native plugins for Editor in 0.00 ms.
Invoked RoslynAnalysisRunner static constructor.
RoslynAnalysisRunner will not be running.
RoslynAnalysisRunner has terminated.
Mono: successfully reloaded assembly
- Completed reload, in  1.016 seconds
Platform modules already initialized, skipping
Refreshing native plugins compatible for Editor in 0.45 ms, found 0 plugins.
Preloading 0 native plugins for Editor in 0.00 ms.
Unloading 1408 Unused Serialized files (Serialized files now loaded: 0)
System memory in use before: 69.9 MB.
System memory in use after: 70.0 MB.

Unloading 6 unused Assets to reduce memory usage. Loaded Objects now: 1961.
Total: 2.276300 ms (FindLiveObjects: 0.231100 ms CreateObjectMapping: 0.039600 ms MarkObjects: 1.983200 ms  DeleteObjects: 0.020800 ms)

========================================================================
Received Import Request.
  Time since last request: 7.790818 seconds.
  path: Assets/Player/Player.prefab
  artifactKey: Guid(9e6610374e8bd584da4240883088f572) Importer(815301076,1909f56bfc062723c751e8b465ee728b)
Start importing Assets/Player/Player.prefab using Guid(9e6610374e8bd584da4240883088f572) Importer(815301076,1909f56bfc062723c751e8b465ee728b)  -> (artifact id: '33acb6dd320f1d862e97d5e58deb3bfb') in 0.075326 seconds
  Import took 0.078219 seconds .

========================================================================
Received Prepare
Registering precompiled user dll's ...
Registered in 0.000657 seconds.
Begin MonoManager ReloadAssembly
Native extension for WindowsStandalone target not found
Refreshing native plugins compatible for Editor in 0.29 ms, found 0 plugins.
Preloading 0 native plugins for Editor in 0.00 ms.
Invoked RoslynAnalysisRunner static constructor.
RoslynAnalysisRunner will not be running.
RoslynAnalysisRunner has terminated.
Mono: successfully reloaded assembly
- Completed reload, in  1.010 seconds
Platform modules already initialized, skipping
Refreshing native plugins compatible for Editor in 0.62 ms, found 0 plugins.
Preloading 0 native plugins for Editor in 0.00 ms.
Unloading 1409 Unused Serialized files (Serialized files now loaded: 0)
System memory in use before: 69.9 MB.
System memory in use after: 70.0 MB.

Unloading 6 unused Assets to reduce memory usage. Loaded Objects now: 1966.
Total: 2.097400 ms (FindLiveObjects: 0.234900 ms CreateObjectMapping: 0.041200 ms MarkObjects: 1.805100 ms  DeleteObjects: 0.015300 ms)

========================================================================
Received Import Request.
  Time since last request: 11.818342 seconds.
  path: Assets/Player/Player.prefab
  artifactKey: Guid(9e6610374e8bd584da4240883088f572) Importer(815301076,1909f56bfc062723c751e8b465ee728b)
Start importing Assets/Player/Player.prefab using Guid(9e6610374e8bd584da4240883088f572) Importer(815301076,1909f56bfc062723c751e8b465ee728b)  -> (artifact id: 'dcc0dc213e8fd7efe5665ebced517cbd') in 0.067608 seconds
  Import took 0.070466 seconds .

========================================================================
Received Import Request.
  Time since last request: 11.041804 seconds.
  path: Assets/Player/Player.prefab
  artifactKey: Guid(9e6610374e8bd584da4240883088f572) Importer(815301076,1909f56bfc062723c751e8b465ee728b)
Start importing Assets/Player/Player.prefab using Guid(9e6610374e8bd584da4240883088f572) Importer(815301076,1909f56bfc062723c751e8b465ee728b)  -> (artifact id: 'f8d0af09a320856a6e5049a44119f87c') in 0.011765 seconds
  Import took 0.014745 seconds .

========================================================================
Received Import Request.
  Time since last request: 63.461630 seconds.
  path: Assets/Player/Controller2D.cs
  artifactKey: Guid(7c16692e0b2f1574a8d52a55fe00cd8a) Importer(815301076,1909f56bfc062723c751e8b465ee728b)
Start importing Assets/Player/Controller2D.cs using Guid(7c16692e0b2f1574a8d52a55fe00cd8a) Importer(815301076,1909f56bfc062723c751e8b465ee728b)  -> (artifact id: '80392a56b334e7e12a42db60224edde6') in 0.012141 seconds
  Import took 0.014959 seconds .

========================================================================
Received Import Request.
  Time since last request: 0.000487 seconds.
  path: Assets/Player/Controller2D.cs
  artifactKey: Guid(7c16692e0b2f1574a8d52a55fe00cd8a) Importer(815301076,1909f56bfc062723c751e8b465ee728b)
Start importing Assets/Player/Controller2D.cs using Guid(7c16692e0b2f1574a8d52a55fe00cd8a) Importer(815301076,1909f56bfc062723c751e8b465ee728b)  -> (artifact id: '80392a56b334e7e12a42db60224edde6') in 0.003121 seconds
  Import took 0.005515 seconds .

========================================================================
Received Import Request.
  Time since last request: 1.778572 seconds.
  path: Assets/Player/Player.cs
  artifactKey: Guid(da9806e7ae15dd546bdb5aea8873e9ef) Importer(815301076,1909f56bfc062723c751e8b465ee728b)
Start importing Assets/Player/Player.cs using Guid(da9806e7ae15dd546bdb5aea8873e9ef) Importer(815301076,1909f56bfc062723c751e8b465ee728b)  -> (artifact id: '2970efa1aab5f007e6012c749c8088c2') in 0.003279 seconds
  Import took 0.006390 seconds .

========================================================================
Received Import Request.
  Time since last request: 0.002828 seconds.
  path: Assets/Player/Player.cs
  artifactKey: Guid(da9806e7ae15dd546bdb5aea8873e9ef) Importer(815301076,1909f56bfc062723c751e8b465ee728b)
Start importing Assets/Player/Player.cs using Guid(da9806e7ae15dd546bdb5aea8873e9ef) Importer(815301076,1909f56bfc062723c751e8b465ee728b)  -> (artifact id: '2970efa1aab5f007e6012c749c8088c2') in 0.003027 seconds
  Import took 0.006071 seconds .

========================================================================
Received Prepare
Registering precompiled user dll's ...
Registered in 0.000698 seconds.
Begin MonoManager ReloadAssembly
Native extension for WindowsStandalone target not found
Refreshing native plugins compatible for Editor in 0.30 ms, found 0 plugins.
Preloading 0 native plugins for Editor in 0.00 ms.
Invoked RoslynAnalysisRunner static constructor.
RoslynAnalysisRunner will not be running.
RoslynAnalysisRunner has terminated.
Mono: successfully reloaded assembly
- Completed reload, in  1.010 seconds
Platform modules already initialized, skipping
Refreshing native plugins compatible for Editor in 0.47 ms, found 0 plugins.
Preloading 0 native plugins for Editor in 0.00 ms.
Unloading 1409 Unused Serialized files (Serialized files now loaded: 0)
System memory in use before: 69.9 MB.
System memory in use after: 70.0 MB.

Unloading 6 unused Assets to reduce memory usage. Loaded Objects now: 1971.
Total: 2.330000 ms (FindLiveObjects: 0.299900 ms CreateObjectMapping: 0.039500 ms MarkObjects: 1.968900 ms  DeleteObjects: 0.020200 ms)

========================================================================
Received Import Request.
  Time since last request: 32.273095 seconds.
  path: Assets/Player/Player.prefab
  artifactKey: Guid(9e6610374e8bd584da4240883088f572) Importer(815301076,1909f56bfc062723c751e8b465ee728b)
Start importing Assets/Player/Player.prefab using Guid(9e6610374e8bd584da4240883088f572) Importer(815301076,1909f56bfc062723c751e8b465ee728b)  -> (artifact id: 'df559e78fc75892e19e96294f1d0308c') in 0.062841 seconds
  Import took 0.065625 seconds .

========================================================================
Received Import Request.
  Time since last request: 5.938229 seconds.
  path: Assets/Player/Player.prefab
  artifactKey: Guid(9e6610374e8bd584da4240883088f572) Importer(815301076,1909f56bfc062723c751e8b465ee728b)
Start importing Assets/Player/Player.prefab using Guid(9e6610374e8bd584da4240883088f572) Importer(815301076,1909f56bfc062723c751e8b465ee728b)  -> (artifact id: '6f62f702415e2cd9773e69e4c04a647b') in 0.010018 seconds
  Import took 0.012932 seconds .

========================================================================
Received Import Request.
  Time since last request: 5.447655 seconds.
  path: Assets/Player/Player.prefab
  artifactKey: Guid(9e6610374e8bd584da4240883088f572) Importer(815301076,1909f56bfc062723c751e8b465ee728b)
Start importing Assets/Player/Player.prefab using Guid(9e6610374e8bd584da4240883088f572) Importer(815301076,1909f56bfc062723c751e8b465ee728b)  -> (artifact id: 'd426a5d47f4783429ad01d0c8febc417') in 0.009860 seconds
  Import took 0.012979 seconds .

========================================================================
Received Prepare
Registering precompiled user dll's ...
Registered in 0.000640 seconds.
Begin MonoManager ReloadAssembly
Native extension for WindowsStandalone target not found
Refreshing native plugins compatible for Editor in 0.30 ms, found 0 plugins.
Preloading 0 native plugins for Editor in 0.00 ms.
Invoked RoslynAnalysisRunner static constructor.
RoslynAnalysisRunner will not be running.
RoslynAnalysisRunner has terminated.
Mono: successfully reloaded assembly
- Completed reload, in  1.020 seconds
Platform modules already initialized, skipping
Refreshing native plugins compatible for Editor in 0.43 ms, found 0 plugins.
Preloading 0 native plugins for Editor in 0.00 ms.
Unloading 1409 Unused Serialized files (Serialized files now loaded: 0)
System memory in use before: 70.0 MB.
System memory in use after: 70.1 MB.

Unloading 6 unused Assets to reduce memory usage. Loaded Objects now: 1976.
Total: 2.791100 ms (FindLiveObjects: 0.253300 ms CreateObjectMapping: 0.042900 ms MarkObjects: 2.470100 ms  DeleteObjects: 0.023400 ms)

========================================================================
Received Import Request.
  Time since last request: 88.639754 seconds.
  path: Assets/Player/Player.prefab
  artifactKey: Guid(9e6610374e8bd584da4240883088f572) Importer(815301076,1909f56bfc062723c751e8b465ee728b)
Start importing Assets/Player/Player.prefab using Guid(9e6610374e8bd584da4240883088f572) Importer(815301076,1909f56bfc062723c751e8b465ee728b)  -> (artifact id: 'ab1e4b09d73f2cfdbe392735137a6194') in 0.065761 seconds
  Import took 0.068729 seconds .

========================================================================
Received Prepare
Registering precompiled user dll's ...
Registered in 0.000716 seconds.
Begin MonoManager ReloadAssembly
Native extension for WindowsStandalone target not found
Refreshing native plugins compatible for Editor in 0.33 ms, found 0 plugins.
Preloading 0 native plugins for Editor in 0.00 ms.
Invoked RoslynAnalysisRunner static constructor.
RoslynAnalysisRunner will not be running.
RoslynAnalysisRunner has terminated.
Mono: successfully reloaded assembly
- Completed reload, in  1.031 seconds
Platform modules already initialized, skipping
Refreshing native plugins compatible for Editor in 0.44 ms, found 0 plugins.
Preloading 0 native plugins for Editor in 0.00 ms.
Unloading 1409 Unused Serialized files (Serialized files now loaded: 0)
System memory in use before: 70.0 MB.
System memory in use after: 70.1 MB.

Unloading 6 unused Assets to reduce memory usage. Loaded Objects now: 1981.
Total: 2.431100 ms (FindLiveObjects: 0.361900 ms CreateObjectMapping: 0.041600 ms MarkObjects: 2.007500 ms  DeleteObjects: 0.019100 ms)

========================================================================
Received Import Request.
  Time since last request: 115.405517 seconds.
  path: Assets/Player/Player.prefab
  artifactKey: Guid(9e6610374e8bd584da4240883088f572) Importer(815301076,1909f56bfc062723c751e8b465ee728b)
Start importing Assets/Player/Player.prefab using Guid(9e6610374e8bd584da4240883088f572) Importer(815301076,1909f56bfc062723c751e8b465ee728b)  -> (artifact id: '24fb06fb9d2ee72e505261878183a72e') in 0.064964 seconds
  Import took 0.068062 seconds .

========================================================================
Received Prepare
Registering precompiled user dll's ...
Registered in 0.001347 seconds.
Begin MonoManager ReloadAssembly
Native extension for WindowsStandalone target not found
Refreshing native plugins compatible for Editor in 0.29 ms, found 0 plugins.
Preloading 0 native plugins for Editor in 0.00 ms.
Invoked RoslynAnalysisRunner static constructor.
RoslynAnalysisRunner will not be running.
RoslynAnalysisRunner has terminated.
Mono: successfully reloaded assembly
- Completed reload, in  1.008 seconds
Platform modules already initialized, skipping
Refreshing native plugins compatible for Editor in 0.48 ms, found 0 plugins.
Preloading 0 native plugins for Editor in 0.00 ms.
Unloading 1409 Unused Serialized files (Serialized files now loaded: 0)
System memory in use before: 70.0 MB.
System memory in use after: 70.1 MB.

Unloading 6 unused Assets to reduce memory usage. Loaded Objects now: 1986.
Total: 2.208700 ms (FindLiveObjects: 0.230400 ms CreateObjectMapping: 0.038800 ms MarkObjects: 1.921100 ms  DeleteObjects: 0.017400 ms)

========================================================================
Received Prepare
Registering precompiled user dll's ...
Registered in 0.000712 seconds.
Begin MonoManager ReloadAssembly
Native extension for WindowsStandalone target not found
Refreshing native plugins compatible for Editor in 0.29 ms, found 0 plugins.
Preloading 0 native plugins for Editor in 0.00 ms.
Invoked RoslynAnalysisRunner static constructor.
RoslynAnalysisRunner will not be running.
RoslynAnalysisRunner has terminated.
Mono: successfully reloaded assembly
- Completed reload, in  0.994 seconds
Platform modules already initialized, skipping
Refreshing native plugins compatible for Editor in 0.48 ms, found 0 plugins.
Preloading 0 native plugins for Editor in 0.00 ms.
Unloading 1409 Unused Serialized files (Serialized files now loaded: 0)
System memory in use before: 70.1 MB.
System memory in use after: 70.2 MB.

Unloading 6 unused Assets to reduce memory usage. Loaded Objects now: 1990.
Total: 2.177800 ms (FindLiveObjects: 0.249400 ms CreateObjectMapping: 0.043900 ms MarkObjects: 1.867400 ms  DeleteObjects: 0.015800 ms)

========================================================================
Received Prepare
Registering precompiled user dll's ...
Registered in 0.001054 seconds.
Begin MonoManager ReloadAssembly
Native extension for WindowsStandalone target not found
Refreshing native plugins compatible for Editor in 0.29 ms, found 0 plugins.
Preloading 0 native plugins for Editor in 0.00 ms.
Invoked RoslynAnalysisRunner static constructor.
RoslynAnalysisRunner will not be running.
RoslynAnalysisRunner has terminated.
Mono: successfully reloaded assembly
- Completed reload, in  1.010 seconds
Platform modules already initialized, skipping
Refreshing native plugins compatible for Editor in 0.43 ms, found 0 plugins.
Preloading 0 native plugins for Editor in 0.00 ms.
Unloading 1409 Unused Serialized files (Serialized files now loaded: 0)
System memory in use before: 70.0 MB.
System memory in use after: 70.1 MB.

Unloading 6 unused Assets to reduce memory usage. Loaded Objects now: 1994.
Total: 2.293900 ms (FindLiveObjects: 0.210700 ms CreateObjectMapping: 0.047000 ms MarkObjects: 2.012800 ms  DeleteObjects: 0.022100 ms)

========================================================================
Received Import Request.
  Time since last request: 1093.558496 seconds.
  path: Assets/Player/Player.prefab
  artifactKey: Guid(9e6610374e8bd584da4240883088f572) Importer(815301076,1909f56bfc062723c751e8b465ee728b)
Start importing Assets/Player/Player.prefab using Guid(9e6610374e8bd584da4240883088f572) Importer(815301076,1909f56bfc062723c751e8b465ee728b)  -> (artifact id: 'a2e4f10dc72c98f179b63629d5a6002f') in 0.077944 seconds
  Import took 0.088805 seconds .

========================================================================
Received Import Request.
  Time since last request: 2.396746 seconds.
  path: Assets/Scenes/SampleScene.unity
  artifactKey: Guid(2cda990e2423bbf4892e6590ba056729) Importer(815301076,1909f56bfc062723c751e8b465ee728b)
Start importing Assets/Scenes/SampleScene.unity using Guid(2cda990e2423bbf4892e6590ba056729) Importer(815301076,1909f56bfc062723c751e8b465ee728b)  -> (artifact id: '7f2b4b4559db9345bb7f1d69f2e77118') in 0.003721 seconds
  Import took 0.006653 seconds .

========================================================================
Received Import Request.
  Time since last request: 0.000727 seconds.
  path: Assets/Scenes/SampleScene.unity
  artifactKey: Guid(2cda990e2423bbf4892e6590ba056729) Importer(815301076,1909f56bfc062723c751e8b465ee728b)
Start importing Assets/Scenes/SampleScene.unity using Guid(2cda990e2423bbf4892e6590ba056729) Importer(815301076,1909f56bfc062723c751e8b465ee728b)  -> (artifact id: '7f2b4b4559db9345bb7f1d69f2e77118') in 0.003307 seconds
  Import took 0.005987 seconds .

========================================================================
Received Prepare
Registering precompiled user dll's ...
Registered in 0.000688 seconds.
Begin MonoManager ReloadAssembly
Native extension for WindowsStandalone target not found
Refreshing native plugins compatible for Editor in 0.29 ms, found 0 plugins.
Preloading 0 native plugins for Editor in 0.00 ms.
Invoked RoslynAnalysisRunner static constructor.
RoslynAnalysisRunner will not be running.
RoslynAnalysisRunner has terminated.
Mono: successfully reloaded assembly
- Completed reload, in  1.000 seconds
Platform modules already initialized, skipping
Refreshing native plugins compatible for Editor in 0.65 ms, found 0 plugins.
Preloading 0 native plugins for Editor in 0.00 ms.
Unloading 1409 Unused Serialized files (Serialized files now loaded: 0)
System memory in use before: 70.0 MB.
System memory in use after: 70.1 MB.

Unloading 6 unused Assets to reduce memory usage. Loaded Objects now: 1999.
Total: 2.385800 ms (FindLiveObjects: 0.339500 ms CreateObjectMapping: 0.042900 ms MarkObjects: 1.980100 ms  DeleteObjects: 0.021400 ms)

========================================================================
Received Prepare
Registering precompiled user dll's ...
Registered in 0.000752 seconds.
Begin MonoManager ReloadAssembly
Native extension for WindowsStandalone target not found
Refreshing native plugins compatible for Editor in 0.30 ms, found 0 plugins.
Preloading 0 native plugins for Editor in 0.00 ms.
Invoked RoslynAnalysisRunner static constructor.
RoslynAnalysisRunner will not be running.
RoslynAnalysisRunner has terminated.
Mono: successfully reloaded assembly
- Completed reload, in  1.010 seconds
Platform modules already initialized, skipping
Refreshing native plugins compatible for Editor in 0.47 ms, found 0 plugins.
Preloading 0 native plugins for Editor in 0.00 ms.
Unloading 1409 Unused Serialized files (Serialized files now loaded: 0)
System memory in use before: 70.0 MB.
System memory in use after: 70.1 MB.

Unloading 6 unused Assets to reduce memory usage. Loaded Objects now: 2003.
Total: 2.260100 ms (FindLiveObjects: 0.380900 ms CreateObjectMapping: 0.041800 ms MarkObjects: 1.818800 ms  DeleteObjects: 0.016600 ms)

========================================================================
Received Prepare
Registering precompiled user dll's ...
Registered in 0.000870 seconds.
Begin MonoManager ReloadAssembly
Native extension for WindowsStandalone target not found
Refreshing native plugins compatible for Editor in 0.33 ms, found 0 plugins.
Preloading 0 native plugins for Editor in 0.00 ms.
Invoked RoslynAnalysisRunner static constructor.
RoslynAnalysisRunner will not be running.
RoslynAnalysisRunner has terminated.
Mono: successfully reloaded assembly
- Completed reload, in  1.016 seconds
Platform modules already initialized, skipping
Refreshing native plugins compatible for Editor in 0.44 ms, found 0 plugins.
Preloading 0 native plugins for Editor in 0.00 ms.
Unloading 1409 Unused Serialized files (Serialized files now loaded: 0)
System memory in use before: 70.0 MB.
System memory in use after: 70.1 MB.

Unloading 6 unused Assets to reduce memory usage. Loaded Objects now: 2007.
Total: 2.430900 ms (FindLiveObjects: 0.243000 ms CreateObjectMapping: 0.040900 ms MarkObjects: 2.126100 ms  DeleteObjects: 0.019400 ms)

========================================================================
Received Import Request.
  Time since last request: 520.303356 seconds.
  path: Assets/Player/Player.prefab
  artifactKey: Guid(9e6610374e8bd584da4240883088f572) Importer(815301076,1909f56bfc062723c751e8b465ee728b)
Start importing Assets/Player/Player.prefab using Guid(9e6610374e8bd584da4240883088f572) Importer(815301076,1909f56bfc062723c751e8b465ee728b)  -> (artifact id: '3a30b7997c71f750445d5f27ccdc1eb6') in 0.079053 seconds
  Import took 0.082474 seconds .

========================================================================
Received Import Request.
  Time since last request: 2.260910 seconds.
  path: Assets/Player/Player.prefab
  artifactKey: Guid(9e6610374e8bd584da4240883088f572) Importer(815301076,1909f56bfc062723c751e8b465ee728b)
Start importing Assets/Player/Player.prefab using Guid(9e6610374e8bd584da4240883088f572) Importer(815301076,1909f56bfc062723c751e8b465ee728b)  -> (artifact id: 'bf339df811074bbd684c389ccdcad6da') in 0.010236 seconds
  Import took 0.013431 seconds .

========================================================================
Received Import Request.
  Time since last request: 7.164175 seconds.
  path: Assets/Scenes/SampleScene.unity
  artifactKey: Guid(2cda990e2423bbf4892e6590ba056729) Importer(815301076,1909f56bfc062723c751e8b465ee728b)
Start importing Assets/Scenes/SampleScene.unity using Guid(2cda990e2423bbf4892e6590ba056729) Importer(815301076,1909f56bfc062723c751e8b465ee728b)  -> (artifact id: '5797c2f6ff50cfc7ed82f98f327a4cd3') in 0.009448 seconds
  Import took 0.012219 seconds .

========================================================================
Received Prepare
Registering precompiled user dll's ...
Registered in 0.000726 seconds.
Begin MonoManager ReloadAssembly
Native extension for WindowsStandalone target not found
Refreshing native plugins compatible for Editor in 0.30 ms, found 0 plugins.
Preloading 0 native plugins for Editor in 0.00 ms.
Invoked RoslynAnalysisRunner static constructor.
RoslynAnalysisRunner will not be running.
RoslynAnalysisRunner has terminated.
Mono: successfully reloaded assembly
- Completed reload, in  1.176 seconds
Platform modules already initialized, skipping
Refreshing native plugins compatible for Editor in 0.51 ms, found 0 plugins.
Preloading 0 native plugins for Editor in 0.00 ms.
Unloading 1409 Unused Serialized files (Serialized files now loaded: 0)
System memory in use before: 70.2 MB.
System memory in use after: 70.3 MB.

Unloading 6 unused Assets to reduce memory usage. Loaded Objects now: 2012.
Total: 2.831500 ms (FindLiveObjects: 0.245900 ms CreateObjectMapping: 0.040200 ms MarkObjects: 2.521500 ms  DeleteObjects: 0.022500 ms)

========================================================================
Received Prepare
Registering precompiled user dll's ...
Registered in 0.000689 seconds.
Begin MonoManager ReloadAssembly
Native extension for WindowsStandalone target not found
Refreshing native plugins compatible for Editor in 0.56 ms, found 0 plugins.
Preloading 0 native plugins for Editor in 0.00 ms.
Invoked RoslynAnalysisRunner static constructor.
RoslynAnalysisRunner will not be running.
RoslynAnalysisRunner has terminated.
Mono: successfully reloaded assembly
- Completed reload, in  1.178 seconds
Platform modules already initialized, skipping
Refreshing native plugins compatible for Editor in 0.60 ms, found 0 plugins.
Preloading 0 native plugins for Editor in 0.00 ms.
Unloading 1409 Unused Serialized files (Serialized files now loaded: 0)
System memory in use before: 70.2 MB.
System memory in use after: 70.3 MB.

Unloading 6 unused Assets to reduce memory usage. Loaded Objects now: 2016.
Total: 2.130000 ms (FindLiveObjects: 0.247700 ms CreateObjectMapping: 0.039800 ms MarkObjects: 1.824200 ms  DeleteObjects: 0.016800 ms)

========================================================================
Received Prepare
Registering precompiled user dll's ...
Registered in 0.000782 seconds.
Begin MonoManager ReloadAssembly
Native extension for WindowsStandalone target not found
Refreshing native plugins compatible for Editor in 0.31 ms, found 0 plugins.
Preloading 0 native plugins for Editor in 0.00 ms.
Invoked RoslynAnalysisRunner static constructor.
RoslynAnalysisRunner will not be running.
RoslynAnalysisRunner has terminated.
Mono: successfully reloaded assembly
- Completed reload, in  1.144 seconds
Platform modules already initialized, skipping
Refreshing native plugins compatible for Editor in 0.44 ms, found 0 plugins.
Preloading 0 native plugins for Editor in 0.00 ms.
Unloading 1409 Unused Serialized files (Serialized files now loaded: 0)
System memory in use before: 70.0 MB.
System memory in use after: 70.2 MB.

Unloading 6 unused Assets to reduce memory usage. Loaded Objects now: 2020.
Total: 2.792900 ms (FindLiveObjects: 0.403400 ms CreateObjectMapping: 0.085600 ms MarkObjects: 2.281700 ms  DeleteObjects: 0.020200 ms)

========================================================================
Received Prepare
Registering precompiled user dll's ...
Registered in 0.000700 seconds.
Begin MonoManager ReloadAssembly
Native extension for WindowsStandalone target not found
Refreshing native plugins compatible for Editor in 0.29 ms, found 0 plugins.
Preloading 0 native plugins for Editor in 0.00 ms.
Invoked RoslynAnalysisRunner static constructor.
RoslynAnalysisRunner will not be running.
RoslynAnalysisRunner has terminated.
Mono: successfully reloaded assembly
- Completed reload, in  1.062 seconds
Platform modules already initialized, skipping
Refreshing native plugins compatible for Editor in 0.41 ms, found 0 plugins.
Preloading 0 native plugins for Editor in 0.00 ms.
Unloading 1409 Unused Serialized files (Serialized files now loaded: 0)
System memory in use before: 70.1 MB.
System memory in use after: 70.2 MB.

Unloading 6 unused Assets to reduce memory usage. Loaded Objects now: 2024.
Total: 2.363100 ms (FindLiveObjects: 0.235400 ms CreateObjectMapping: 0.040800 ms MarkObjects: 2.066900 ms  DeleteObjects: 0.018400 ms)

========================================================================
Received Import Request.
  Time since last request: 455.064857 seconds.
  path: Assets/Scenes/SampleScene.unity
  artifactKey: Guid(2cda990e2423bbf4892e6590ba056729) Importer(815301076,1909f56bfc062723c751e8b465ee728b)
Start importing Assets/Scenes/SampleScene.unity using Guid(2cda990e2423bbf4892e6590ba056729) Importer(815301076,1909f56bfc062723c751e8b465ee728b)  -> (artifact id: '83ac6f9f3c1aa67077e9b5a5e70ae3bd') in 0.020036 seconds
  Import took 0.022891 seconds .

========================================================================
Received Prepare
Registering precompiled user dll's ...
Registered in 0.000856 seconds.
Begin MonoManager ReloadAssembly
Native extension for WindowsStandalone target not found
Refreshing native plugins compatible for Editor in 0.33 ms, found 0 plugins.
Preloading 0 native plugins for Editor in 0.00 ms.
Invoked RoslynAnalysisRunner static constructor.
RoslynAnalysisRunner will not be running.
RoslynAnalysisRunner has terminated.
Mono: successfully reloaded assembly
- Completed reload, in  1.070 seconds
Platform modules already initialized, skipping
Refreshing native plugins compatible for Editor in 0.50 ms, found 0 plugins.
Preloading 0 native plugins for Editor in 0.00 ms.
Unloading 1409 Unused Serialized files (Serialized files now loaded: 0)
System memory in use before: 70.1 MB.
System memory in use after: 70.2 MB.

Unloading 6 unused Assets to reduce memory usage. Loaded Objects now: 2028.
Total: 2.858700 ms (FindLiveObjects: 0.252900 ms CreateObjectMapping: 0.039500 ms MarkObjects: 2.544200 ms  DeleteObjects: 0.020500 ms)

========================================================================
Received Prepare
Registering precompiled user dll's ...
Registered in 0.001207 seconds.
Begin MonoManager ReloadAssembly
Native extension for WindowsStandalone target not found
Refreshing native plugins compatible for Editor in 0.31 ms, found 0 plugins.
Preloading 0 native plugins for Editor in 0.00 ms.
Invoked RoslynAnalysisRunner static constructor.
RoslynAnalysisRunner will not be running.
RoslynAnalysisRunner has terminated.
Mono: successfully reloaded assembly
- Completed reload, in  1.072 seconds
Platform modules already initialized, skipping
Refreshing native plugins compatible for Editor in 0.49 ms, found 0 plugins.
Preloading 0 native plugins for Editor in 0.00 ms.
Unloading 1409 Unused Serialized files (Serialized files now loaded: 0)
System memory in use before: 70.1 MB.
System memory in use after: 70.2 MB.

Unloading 6 unused Assets to reduce memory usage. Loaded Objects now: 2032.
Total: 2.261100 ms (FindLiveObjects: 0.239800 ms CreateObjectMapping: 0.045700 ms MarkObjects: 1.945600 ms  DeleteObjects: 0.028100 ms)

========================================================================
Received Import Request.
  Time since last request: 98.851805 seconds.
  path: Assets/Controller2D.cs
  artifactKey: Guid(7c16692e0b2f1574a8d52a55fe00cd8a) Importer(815301076,1909f56bfc062723c751e8b465ee728b)
Start importing Assets/Controller2D.cs using Guid(7c16692e0b2f1574a8d52a55fe00cd8a) Importer(815301076,1909f56bfc062723c751e8b465ee728b)  -> (artifact id: 'fee4805ff65c7e792914a0763603d8b7') in 0.010740 seconds
  Import took 0.013552 seconds .

========================================================================
Received Prepare
Registering precompiled user dll's ...
Registered in 0.001119 seconds.
Begin MonoManager ReloadAssembly
Native extension for WindowsStandalone target not found
Refreshing native plugins compatible for Editor in 0.29 ms, found 0 plugins.
Preloading 0 native plugins for Editor in 0.00 ms.
Invoked RoslynAnalysisRunner static constructor.
RoslynAnalysisRunner will not be running.
RoslynAnalysisRunner has terminated.
Mono: successfully reloaded assembly
- Completed reload, in  1.037 seconds
Platform modules already initialized, skipping
Refreshing native plugins compatible for Editor in 0.43 ms, found 0 plugins.
Preloading 0 native plugins for Editor in 0.00 ms.
Unloading 1409 Unused Serialized files (Serialized files now loaded: 0)
System memory in use before: 70.2 MB.
System memory in use after: 70.3 MB.

Unloading 6 unused Assets to reduce memory usage. Loaded Objects now: 2036.
Total: 2.522800 ms (FindLiveObjects: 0.505200 ms CreateObjectMapping: 0.050900 ms MarkObjects: 1.947100 ms  DeleteObjects: 0.018600 ms)

========================================================================
Received Import Request.
  Time since last request: 543.379672 seconds.
  path: Assets/Controller2D.cs
  artifactKey: Guid(7c16692e0b2f1574a8d52a55fe00cd8a) Importer(815301076,1909f56bfc062723c751e8b465ee728b)
Start importing Assets/Controller2D.cs using Guid(7c16692e0b2f1574a8d52a55fe00cd8a) Importer(815301076,1909f56bfc062723c751e8b465ee728b)  -> (artifact id: 'd68006ebd61205f66b73de875aec97fa') in 0.005878 seconds
  Import took 0.008688 seconds .

========================================================================
Received Import Request.
  Time since last request: 0.006575 seconds.
  path: Assets/Controller2D.cs
  artifactKey: Guid(7c16692e0b2f1574a8d52a55fe00cd8a) Importer(815301076,1909f56bfc062723c751e8b465ee728b)
Start importing Assets/Controller2D.cs using Guid(7c16692e0b2f1574a8d52a55fe00cd8a) Importer(815301076,1909f56bfc062723c751e8b465ee728b)  -> (artifact id: 'd68006ebd61205f66b73de875aec97fa') in 0.002861 seconds
  Import took 0.005446 seconds .

========================================================================
Received Prepare
Registering precompiled user dll's ...
Registered in 0.000917 seconds.
Begin MonoManager ReloadAssembly
Native extension for WindowsStandalone target not found
Refreshing native plugins compatible for Editor in 0.35 ms, found 0 plugins.
Preloading 0 native plugins for Editor in 0.00 ms.
Invoked RoslynAnalysisRunner static constructor.
RoslynAnalysisRunner will not be running.
RoslynAnalysisRunner has terminated.
Mono: successfully reloaded assembly
- Completed reload, in  1.169 seconds
Platform modules already initialized, skipping
Refreshing native plugins compatible for Editor in 0.45 ms, found 0 plugins.
Preloading 0 native plugins for Editor in 0.00 ms.
Unloading 1409 Unused Serialized files (Serialized files now loaded: 0)
System memory in use before: 69.8 MB.
System memory in use after: 69.9 MB.

Unloading 6 unused Assets to reduce memory usage. Loaded Objects now: 2040.
Total: 2.586000 ms (FindLiveObjects: 0.397900 ms CreateObjectMapping: 0.074800 ms MarkObjects: 2.087500 ms  DeleteObjects: 0.023700 ms)

========================================================================
Received Prepare
Registering precompiled user dll's ...
Registered in 0.000724 seconds.
Begin MonoManager ReloadAssembly
Native extension for WindowsStandalone target not found
Refreshing native plugins compatible for Editor in 0.30 ms, found 0 plugins.
Preloading 0 native plugins for Editor in 0.00 ms.
Invoked RoslynAnalysisRunner static constructor.
RoslynAnalysisRunner will not be running.
RoslynAnalysisRunner has terminated.
Mono: successfully reloaded assembly
- Completed reload, in  1.002 seconds
Platform modules already initialized, skipping
Refreshing native plugins compatible for Editor in 0.45 ms, found 0 plugins.
Preloading 0 native plugins for Editor in 0.00 ms.
Unloading 1409 Unused Serialized files (Serialized files now loaded: 0)
System memory in use before: 70.1 MB.
System memory in use after: 70.2 MB.

Unloading 6 unused Assets to reduce memory usage. Loaded Objects now: 2044.
Total: 2.246200 ms (FindLiveObjects: 0.250700 ms CreateObjectMapping: 0.044000 ms MarkObjects: 1.933800 ms  DeleteObjects: 0.016600 ms)

========================================================================
Received Import Request.
  Time since last request: 43.912734 seconds.
  path: Assets/Player/Player.cs
  artifactKey: Guid(da9806e7ae15dd546bdb5aea8873e9ef) Importer(815301076,1909f56bfc062723c751e8b465ee728b)
Start importing Assets/Player/Player.cs using Guid(da9806e7ae15dd546bdb5aea8873e9ef) Importer(815301076,1909f56bfc062723c751e8b465ee728b)  -> (artifact id: '1b10642cabb25316a5b1ab4c2934ceee') in 0.010564 seconds
  Import took 0.013141 seconds .

========================================================================
Received Prepare
Registering precompiled user dll's ...
Registered in 0.000683 seconds.
Begin MonoManager ReloadAssembly
Native extension for WindowsStandalone target not found
Refreshing native plugins compatible for Editor in 0.30 ms, found 0 plugins.
Preloading 0 native plugins for Editor in 0.00 ms.
Invoked RoslynAnalysisRunner static constructor.
RoslynAnalysisRunner will not be running.
RoslynAnalysisRunner has terminated.
Mono: successfully reloaded assembly
- Completed reload, in  1.011 seconds
Platform modules already initialized, skipping
Refreshing native plugins compatible for Editor in 0.44 ms, found 0 plugins.
Preloading 0 native plugins for Editor in 0.00 ms.
Unloading 1409 Unused Serialized files (Serialized files now loaded: 0)
System memory in use before: 70.1 MB.
System memory in use after: 70.2 MB.

Unloading 6 unused Assets to reduce memory usage. Loaded Objects now: 2048.
Total: 2.123400 ms (FindLiveObjects: 0.221100 ms CreateObjectMapping: 0.040900 ms MarkObjects: 1.845900 ms  DeleteObjects: 0.014600 ms)

========================================================================
Received Prepare
Registering precompiled user dll's ...
Registered in 0.000670 seconds.
Begin MonoManager ReloadAssembly
Native extension for WindowsStandalone target not found
Refreshing native plugins compatible for Editor in 0.30 ms, found 0 plugins.
Preloading 0 native plugins for Editor in 0.00 ms.
Invoked RoslynAnalysisRunner static constructor.
RoslynAnalysisRunner will not be running.
RoslynAnalysisRunner has terminated.
Mono: successfully reloaded assembly
- Completed reload, in  1.016 seconds
Platform modules already initialized, skipping
Refreshing native plugins compatible for Editor in 0.43 ms, found 0 plugins.
Preloading 0 native plugins for Editor in 0.00 ms.
Unloading 1409 Unused Serialized files (Serialized files now loaded: 0)
System memory in use before: 70.1 MB.
System memory in use after: 70.2 MB.

Unloading 6 unused Assets to reduce memory usage. Loaded Objects now: 2052.
Total: 2.309000 ms (FindLiveObjects: 0.244900 ms CreateObjectMapping: 0.047900 ms MarkObjects: 1.993200 ms  DeleteObjects: 0.021700 ms)

AssetImportWorkerClient::OnTransportError - code=2 error=End of file
