Using pre-set license
Built from '2020.3/release' branch; Version is '2020.3.1f1 (77a89f25062f) revision 7841951'; Using compiler version '192528614'; Build Type 'Release'
OS: 'Windows 10 Pro; OS build 19041.867; Version 2004; 64bit' Language: 'en' Physical Memory: 16336 MB
BatchMode: 1, IsHumanControllingUs: 0, StartBugReporterOnCrash: 0, Is64bit: 1, IsPro: 0

 COMMAND LINE ARGUMENTS:
L:\Unity Editors\2020.3.1f1\Editor\Unity.exe
-adb2
-batchMode
-noUpm
-name
AssetImportWorker0
-projectPath
L:/Unity/MinecartGemGame
-logFile
Logs/AssetImportWorker0.log
-srvPort
51931
Successfully changed project path to: L:/Unity/MinecartGemGame
L:/Unity/MinecartGemGame
Using Asset Import Pipeline V2.
Refreshing native plugins compatible for Editor in 57.19 ms, found 0 plugins.
Preloading 0 native plugins for Editor in 0.00 ms.
Initialize engine version: 2020.3.1f1 (77a89f25062f)
[Subsystems] Discovering subsystems at path L:/Unity Editors/2020.3.1f1/Editor/Data/Resources/UnitySubsystems
[Subsystems] Discovering subsystems at path L:/Unity/MinecartGemGame/Assets
GfxDevice: creating device client; threaded=0
Direct3D:
    Version:  Direct3D 11.0 [level 11.1]
    Renderer: NVIDIA GeForce GTX 1080 (ID=0x1b80)
    Vendor:   
    VRAM:     8079 MB
    Driver:   27.21.14.6192
Shader 'Universal Render Pipeline/Particles/Lit': fallback shader 'Universal Render Pipeline/Particles/SimpleLit' not found
Initialize mono
Mono path[0] = 'L:/Unity Editors/2020.3.1f1/Editor/Data/Managed'
Mono path[1] = 'L:/Unity Editors/2020.3.1f1/Editor/Data/MonoBleedingEdge/lib/mono/unityjit'
Mono config path = 'L:/Unity Editors/2020.3.1f1/Editor/Data/MonoBleedingEdge/etc'
Using monoOptions --debugger-agent=transport=dt_socket,embedding=1,server=y,suspend=n,address=127.0.0.1:56500
Begin MonoManager ReloadAssembly
Registering precompiled unity dll's ...
Register platform support module: L:/Unity Editors/2020.3.1f1/Editor/Data/PlaybackEngines/WindowsStandaloneSupport/UnityEditor.WindowsStandalone.Extensions.dll
Registered in 0.001356 seconds.
Native extension for WindowsStandalone target not found
Refreshing native plugins compatible for Editor in 55.87 ms, found 0 plugins.
Preloading 0 native plugins for Editor in 0.00 ms.
Invoked RoslynAnalysisRunner static constructor.
RoslynAnalysisRunner will not be running.
RoslynAnalysisRunner has terminated.
Mono: successfully reloaded assembly
- Completed reload, in  1.244 seconds
Platform modules already initialized, skipping
Registering precompiled user dll's ...
Registered in 0.001303 seconds.
Begin MonoManager ReloadAssembly
Native extension for WindowsStandalone target not found
Refreshing native plugins compatible for Editor in 57.61 ms, found 0 plugins.
Preloading 0 native plugins for Editor in 0.00 ms.
Invoked RoslynAnalysisRunner static constructor.
RoslynAnalysisRunner will not be running.
RoslynAnalysisRunner has terminated.
Mono: successfully reloaded assembly
- Completed reload, in  1.260 seconds
Platform modules already initialized, skipping
========================================================================
Worker process is ready to serve import requests
Shader 'Universal Render Pipeline/Particles/Lit': fallback shader 'Universal Render Pipeline/Particles/SimpleLit' not found
Launched and connected shader compiler UnityShaderCompiler.exe after 0.05 seconds
Refreshing native plugins compatible for Editor in 0.58 ms, found 0 plugins.
Preloading 0 native plugins for Editor in 0.00 ms.
Unloading 2674 Unused Serialized files (Serialized files now loaded: 0)
System memory in use before: 117.5 MB.
System memory in use after: 117.7 MB.

Unloading 16 unused Assets to reduce memory usage. Loaded Objects now: 3121.
Total: 3.334400 ms (FindLiveObjects: 0.502400 ms CreateObjectMapping: 0.126500 ms MarkObjects: 2.594700 ms  DeleteObjects: 0.109200 ms)

========================================================================
Received Import Request.
  path: Assets/Rails/RailGrid.prefab
  artifactKey: Guid(e6c8142516da3dd4f931ee70a0c519bd) Importer(815301076,1909f56bfc062723c751e8b465ee728b)
Start importing Assets/Rails/RailGrid.prefab using Guid(e6c8142516da3dd4f931ee70a0c519bd) Importer(815301076,1909f56bfc062723c751e8b465ee728b)  -> (artifact id: '4047b2f0874eee8d240bbe86e2d5368d') in 0.095863 seconds
  Import took 0.100864 seconds .

========================================================================
Received Import Request.
  Time since last request: 12.385602 seconds.
  path: Assets/Rails/RailController.cs
  artifactKey: Guid(4a9e6881de506954186a7dbf4e2c98f5) Importer(815301076,1909f56bfc062723c751e8b465ee728b)
Start importing Assets/Rails/RailController.cs using Guid(4a9e6881de506954186a7dbf4e2c98f5) Importer(815301076,1909f56bfc062723c751e8b465ee728b)  -> (artifact id: '01b46cb7a83bbf902bd19799316d92fa') in 0.016465 seconds
  Import took 0.021299 seconds .

========================================================================
Received Import Request.
  Time since last request: 26.984375 seconds.
  path: Assets/Rails/RailGrid.prefab
  artifactKey: Guid(e6c8142516da3dd4f931ee70a0c519bd) Importer(815301076,1909f56bfc062723c751e8b465ee728b)
Start importing Assets/Rails/RailGrid.prefab using Guid(e6c8142516da3dd4f931ee70a0c519bd) Importer(815301076,1909f56bfc062723c751e8b465ee728b)  -> (artifact id: 'df0a2a4c372788c7cbb5978793b81624') in 0.005321 seconds
  Import took 0.009953 seconds .

========================================================================
Received Prepare
Registering precompiled user dll's ...
Registered in 0.001416 seconds.
Begin MonoManager ReloadAssembly
Native extension for WindowsStandalone target not found
Refreshing native plugins compatible for Editor in 0.52 ms, found 0 plugins.
Preloading 0 native plugins for Editor in 0.00 ms.
Invoked RoslynAnalysisRunner static constructor.
RoslynAnalysisRunner will not be running.
RoslynAnalysisRunner has terminated.
Mono: successfully reloaded assembly
- Completed reload, in  1.144 seconds
Platform modules already initialized, skipping
Shader 'Universal Render Pipeline/Particles/Lit': fallback shader 'Universal Render Pipeline/Particles/SimpleLit' not found
Refreshing native plugins compatible for Editor in 0.67 ms, found 0 plugins.
Preloading 0 native plugins for Editor in 0.00 ms.
Unloading 2612 Unused Serialized files (Serialized files now loaded: 0)
System memory in use before: 113.2 MB.
System memory in use after: 113.4 MB.

Unloading 7 unused Assets to reduce memory usage. Loaded Objects now: 3125.
Total: 4.808100 ms (FindLiveObjects: 0.589100 ms CreateObjectMapping: 0.153300 ms MarkObjects: 4.032900 ms  DeleteObjects: 0.031200 ms)

========================================================================
Received Import Request.
  Time since last request: 59.775786 seconds.
  path: Assets/Rails/RailGrid.prefab
  artifactKey: Guid(e6c8142516da3dd4f931ee70a0c519bd) Importer(815301076,1909f56bfc062723c751e8b465ee728b)
Start importing Assets/Rails/RailGrid.prefab using Guid(e6c8142516da3dd4f931ee70a0c519bd) Importer(815301076,1909f56bfc062723c751e8b465ee728b)  -> (artifact id: '45106cce34489f4160f657ed924d9b61') in 0.033062 seconds
  Import took 0.037825 seconds .

========================================================================
Received Import Request.
  Time since last request: 6.466152 seconds.
  path: Assets/Rails/RailGrid.prefab
  artifactKey: Guid(e6c8142516da3dd4f931ee70a0c519bd) Importer(815301076,1909f56bfc062723c751e8b465ee728b)
Start importing Assets/Rails/RailGrid.prefab using Guid(e6c8142516da3dd4f931ee70a0c519bd) Importer(815301076,1909f56bfc062723c751e8b465ee728b)  -> (artifact id: '4d9f8a9d9201ae79bb7491f4b0fdc028') in 0.004917 seconds
  Import took 0.009668 seconds .

========================================================================
Received Import Request.
  Time since last request: 5.245969 seconds.
  path: Assets/Rails/RailGrid.prefab
  artifactKey: Guid(e6c8142516da3dd4f931ee70a0c519bd) Importer(815301076,1909f56bfc062723c751e8b465ee728b)
Start importing Assets/Rails/RailGrid.prefab using Guid(e6c8142516da3dd4f931ee70a0c519bd) Importer(815301076,1909f56bfc062723c751e8b465ee728b)  -> (artifact id: 'db0b21014453d5af4d8b9805b0065655') in 0.005100 seconds
  Import took 0.009770 seconds .

========================================================================
Received Import Request.
  Time since last request: 10.765937 seconds.
  path: Assets/Scenes/SampleScene.unity
  artifactKey: Guid(2cda990e2423bbf4892e6590ba056729) Importer(815301076,1909f56bfc062723c751e8b465ee728b)
Start importing Assets/Scenes/SampleScene.unity using Guid(2cda990e2423bbf4892e6590ba056729) Importer(815301076,1909f56bfc062723c751e8b465ee728b)  -> (artifact id: '4beffe0e44a0956f6aca662116a4faad') in 0.003896 seconds
  Import took 0.009005 seconds .

========================================================================
Received Import Request.
  Time since last request: 0.003066 seconds.
  path: Assets/Scenes/SampleScene.unity
  artifactKey: Guid(2cda990e2423bbf4892e6590ba056729) Importer(815301076,1909f56bfc062723c751e8b465ee728b)
Start importing Assets/Scenes/SampleScene.unity using Guid(2cda990e2423bbf4892e6590ba056729) Importer(815301076,1909f56bfc062723c751e8b465ee728b)  -> (artifact id: '4beffe0e44a0956f6aca662116a4faad') in 0.003359 seconds
  Import took 0.007956 seconds .

========================================================================
Received Prepare
Registering precompiled user dll's ...
Registered in 0.001322 seconds.
Begin MonoManager ReloadAssembly
Native extension for WindowsStandalone target not found
Refreshing native plugins compatible for Editor in 0.53 ms, found 0 plugins.
Preloading 0 native plugins for Editor in 0.00 ms.
Invoked RoslynAnalysisRunner static constructor.
RoslynAnalysisRunner will not be running.
RoslynAnalysisRunner has terminated.
Mono: successfully reloaded assembly
- Completed reload, in  1.129 seconds
Platform modules already initialized, skipping
Shader 'Universal Render Pipeline/Particles/Lit': fallback shader 'Universal Render Pipeline/Particles/SimpleLit' not found
Refreshing native plugins compatible for Editor in 0.64 ms, found 0 plugins.
Preloading 0 native plugins for Editor in 0.00 ms.
Unloading 2612 Unused Serialized files (Serialized files now loaded: 0)
System memory in use before: 113.4 MB.
System memory in use after: 113.6 MB.

Unloading 7 unused Assets to reduce memory usage. Loaded Objects now: 3129.
Total: 5.095600 ms (FindLiveObjects: 0.645400 ms CreateObjectMapping: 0.208000 ms MarkObjects: 4.209300 ms  DeleteObjects: 0.031400 ms)

========================================================================
Received Prepare
Registering precompiled user dll's ...
Registered in 0.001463 seconds.
Begin MonoManager ReloadAssembly
Native extension for WindowsStandalone target not found
Refreshing native plugins compatible for Editor in 0.59 ms, found 0 plugins.
Preloading 0 native plugins for Editor in 0.00 ms.
Invoked RoslynAnalysisRunner static constructor.
RoslynAnalysisRunner will not be running.
RoslynAnalysisRunner has terminated.
Mono: successfully reloaded assembly
- Completed reload, in  1.234 seconds
Platform modules already initialized, skipping
Shader 'Universal Render Pipeline/Particles/Lit': fallback shader 'Universal Render Pipeline/Particles/SimpleLit' not found
Refreshing native plugins compatible for Editor in 0.82 ms, found 0 plugins.
Preloading 0 native plugins for Editor in 0.00 ms.
Unloading 2612 Unused Serialized files (Serialized files now loaded: 0)
System memory in use before: 113.0 MB.
System memory in use after: 113.2 MB.

Unloading 7 unused Assets to reduce memory usage. Loaded Objects now: 3133.
Total: 4.853100 ms (FindLiveObjects: 0.321700 ms CreateObjectMapping: 0.087400 ms MarkObjects: 4.419200 ms  DeleteObjects: 0.022700 ms)

========================================================================
Received Import Request.
  Time since last request: 86.187149 seconds.
  path: Assets/Rails/RailGrid.prefab
  artifactKey: Guid(e6c8142516da3dd4f931ee70a0c519bd) Importer(815301076,1909f56bfc062723c751e8b465ee728b)
Start importing Assets/Rails/RailGrid.prefab using Guid(e6c8142516da3dd4f931ee70a0c519bd) Importer(815301076,1909f56bfc062723c751e8b465ee728b)  -> (artifact id: '96f6b2a89ce5b9f02775af5bb6363eee') in 0.033474 seconds
  Import took 0.038260 seconds .

========================================================================
Received Import Request.
  Time since last request: 2.748048 seconds.
  path: Assets/Rails/RailGrid.prefab
  artifactKey: Guid(e6c8142516da3dd4f931ee70a0c519bd) Importer(815301076,1909f56bfc062723c751e8b465ee728b)
Start importing Assets/Rails/RailGrid.prefab using Guid(e6c8142516da3dd4f931ee70a0c519bd) Importer(815301076,1909f56bfc062723c751e8b465ee728b)  -> (artifact id: '388ee624863cbdd6519bce34674a4af7') in 0.006706 seconds
  Import took 0.011282 seconds .

========================================================================
Received Import Request.
  Time since last request: 2.244711 seconds.
  path: Assets/Rails/RailGrid.prefab
  artifactKey: Guid(e6c8142516da3dd4f931ee70a0c519bd) Importer(815301076,1909f56bfc062723c751e8b465ee728b)
Start importing Assets/Rails/RailGrid.prefab using Guid(e6c8142516da3dd4f931ee70a0c519bd) Importer(815301076,1909f56bfc062723c751e8b465ee728b)  -> (artifact id: 'ff4fe383183b373d2a3297cdc14d6ff9') in 0.005251 seconds
  Import took 0.009960 seconds .

========================================================================
Received Import Request.
  Time since last request: 2.071585 seconds.
  path: Assets/Rails/RailGrid.prefab
  artifactKey: Guid(e6c8142516da3dd4f931ee70a0c519bd) Importer(815301076,1909f56bfc062723c751e8b465ee728b)
Start importing Assets/Rails/RailGrid.prefab using Guid(e6c8142516da3dd4f931ee70a0c519bd) Importer(815301076,1909f56bfc062723c751e8b465ee728b)  -> (artifact id: 'a3b8493ceb11c05687cd4165e8188336') in 0.005629 seconds
  Import took 0.010498 seconds .

========================================================================
Received Prepare
Registering precompiled user dll's ...
Registered in 0.001383 seconds.
Begin MonoManager ReloadAssembly
Native extension for WindowsStandalone target not found
Refreshing native plugins compatible for Editor in 0.52 ms, found 0 plugins.
Preloading 0 native plugins for Editor in 0.00 ms.
Invoked RoslynAnalysisRunner static constructor.
RoslynAnalysisRunner will not be running.
RoslynAnalysisRunner has terminated.
Mono: successfully reloaded assembly
- Completed reload, in  1.130 seconds
Platform modules already initialized, skipping
Shader 'Universal Render Pipeline/Particles/Lit': fallback shader 'Universal Render Pipeline/Particles/SimpleLit' not found
Refreshing native plugins compatible for Editor in 0.80 ms, found 0 plugins.
Preloading 0 native plugins for Editor in 0.00 ms.
Unloading 2612 Unused Serialized files (Serialized files now loaded: 0)
System memory in use before: 113.3 MB.
System memory in use after: 113.5 MB.

Unloading 7 unused Assets to reduce memory usage. Loaded Objects now: 3137.
Total: 3.196500 ms (FindLiveObjects: 0.412300 ms CreateObjectMapping: 0.083400 ms MarkObjects: 2.675300 ms  DeleteObjects: 0.023700 ms)

========================================================================
Received Import Request.
  Time since last request: 189.100787 seconds.
  path: Assets/Rails/RailGrid.prefab
  artifactKey: Guid(e6c8142516da3dd4f931ee70a0c519bd) Importer(815301076,1909f56bfc062723c751e8b465ee728b)
Start importing Assets/Rails/RailGrid.prefab using Guid(e6c8142516da3dd4f931ee70a0c519bd) Importer(815301076,1909f56bfc062723c751e8b465ee728b)  -> (artifact id: 'c60f0ef01ee27484f789ef20207ff1fb') in 0.047420 seconds
  Import took 0.053249 seconds .

========================================================================
Received Import Request.
  Time since last request: 5.257191 seconds.
  path: Assets/Rails/RailGrid.prefab
  artifactKey: Guid(e6c8142516da3dd4f931ee70a0c519bd) Importer(815301076,1909f56bfc062723c751e8b465ee728b)
Start importing Assets/Rails/RailGrid.prefab using Guid(e6c8142516da3dd4f931ee70a0c519bd) Importer(815301076,1909f56bfc062723c751e8b465ee728b)  -> (artifact id: '4de1e8d4deeb1a53780bed25e9f3630b') in 0.076213 seconds
  Import took 0.081077 seconds .

========================================================================
Received Import Request.
  Time since last request: 4.560681 seconds.
  path: Assets/Rails/RailGrid.prefab
  artifactKey: Guid(e6c8142516da3dd4f931ee70a0c519bd) Importer(815301076,1909f56bfc062723c751e8b465ee728b)
Start importing Assets/Rails/RailGrid.prefab using Guid(e6c8142516da3dd4f931ee70a0c519bd) Importer(815301076,1909f56bfc062723c751e8b465ee728b)  -> (artifact id: '742ac93852951091ded9e20fb3a85d1a') in 0.014282 seconds
  Import took 0.019526 seconds .

========================================================================
Received Import Request.
  Time since last request: 10.639354 seconds.
  path: Assets/Rails/RailGrid.prefab
  artifactKey: Guid(e6c8142516da3dd4f931ee70a0c519bd) Importer(815301076,1909f56bfc062723c751e8b465ee728b)
Start importing Assets/Rails/RailGrid.prefab using Guid(e6c8142516da3dd4f931ee70a0c519bd) Importer(815301076,1909f56bfc062723c751e8b465ee728b)  -> (artifact id: '36944536897e6fa007eedb92dc316a94') in 0.005711 seconds
  Import took 0.010651 seconds .

========================================================================
Received Import Request.
  Time since last request: 5.227676 seconds.
  path: Assets/Enemies/Bat
  artifactKey: Guid(289579377f2511544af9268603e3c1de) Importer(815301076,1909f56bfc062723c751e8b465ee728b)
Start importing Assets/Enemies/Bat using Guid(289579377f2511544af9268603e3c1de) Importer(815301076,1909f56bfc062723c751e8b465ee728b)  -> (artifact id: '0cb26ddac18fb3c8a7fbf603c596f9ff') in 0.008122 seconds
  Import took 0.012737 seconds .

========================================================================
Received Import Request.
  Time since last request: 7.275851 seconds.
  path: Assets/Enemies/Bat/BatFly.png
  artifactKey: Guid(51a73d895a32cf14d8f916e3d050583d) Importer(815301076,1909f56bfc062723c751e8b465ee728b)
Start importing Assets/Enemies/Bat/BatFly.png using Guid(51a73d895a32cf14d8f916e3d050583d) Importer(815301076,1909f56bfc062723c751e8b465ee728b)  -> (artifact id: '23d498da15a1873b390509e1a4be3155') in 0.087484 seconds
  Import took 0.092368 seconds .

========================================================================
Received Import Request.
  Time since last request: 25.371054 seconds.
  path: Assets/Enemies/Bat/BatIdle.png
  artifactKey: Guid(429ebb53e5b76b6458f4d08196bb9175) Importer(815301076,1909f56bfc062723c751e8b465ee728b)
Start importing Assets/Enemies/Bat/BatIdle.png using Guid(429ebb53e5b76b6458f4d08196bb9175) Importer(815301076,1909f56bfc062723c751e8b465ee728b)  -> (artifact id: '0b5385cc4e5f908c3d9db787df0567f9') in 0.023386 seconds
  Import took 0.028148 seconds .

========================================================================
Received Import Request.
  Time since last request: 0.019782 seconds.
  path: Assets/Enemies/Bat/BatIdle.png
  artifactKey: Guid(429ebb53e5b76b6458f4d08196bb9175) Importer(815301076,1909f56bfc062723c751e8b465ee728b)
Start importing Assets/Enemies/Bat/BatIdle.png using Guid(429ebb53e5b76b6458f4d08196bb9175) Importer(815301076,1909f56bfc062723c751e8b465ee728b)  -> (artifact id: '0b5385cc4e5f908c3d9db787df0567f9') in 0.009091 seconds
  Import took 0.013832 seconds .

========================================================================
Received Import Request.
  Time since last request: 7.416218 seconds.
  path: Assets/Enemies/Bat/BatFly.png
  artifactKey: Guid(51a73d895a32cf14d8f916e3d050583d) Importer(815301076,1909f56bfc062723c751e8b465ee728b)
Start importing Assets/Enemies/Bat/BatFly.png using Guid(51a73d895a32cf14d8f916e3d050583d) Importer(815301076,1909f56bfc062723c751e8b465ee728b)  -> (artifact id: '0bd7a00cbd7fee04a44b02afb5cf3c2f') in 0.009221 seconds
  Import took 0.014637 seconds .

========================================================================
Received Import Request.
  Time since last request: 0.032507 seconds.
  path: Assets/Enemies/Bat/BatFly.png
  artifactKey: Guid(51a73d895a32cf14d8f916e3d050583d) Importer(815301076,1909f56bfc062723c751e8b465ee728b)
Start importing Assets/Enemies/Bat/BatFly.png using Guid(51a73d895a32cf14d8f916e3d050583d) Importer(815301076,1909f56bfc062723c751e8b465ee728b)  -> (artifact id: '0bd7a00cbd7fee04a44b02afb5cf3c2f') in 0.008734 seconds
  Import took 0.013505 seconds .

========================================================================
Received Import Request.
  Time since last request: 35.713525 seconds.
  path: Assets/Rails/RailTiles.png
  artifactKey: Guid(621b0670cb0841f4985d83c76490e80d) Importer(815301076,1909f56bfc062723c751e8b465ee728b)
Start importing Assets/Rails/RailTiles.png using Guid(621b0670cb0841f4985d83c76490e80d) Importer(815301076,1909f56bfc062723c751e8b465ee728b)  -> (artifact id: 'b35a633b95d726fbce90cf7d8c596a6d') in 0.024535 seconds
  Import took 0.029273 seconds .

========================================================================
Received Import Request.
  Time since last request: 0.020986 seconds.
  path: Assets/Rails/RailTiles.png
  artifactKey: Guid(621b0670cb0841f4985d83c76490e80d) Importer(815301076,1909f56bfc062723c751e8b465ee728b)
Start importing Assets/Rails/RailTiles.png using Guid(621b0670cb0841f4985d83c76490e80d) Importer(815301076,1909f56bfc062723c751e8b465ee728b)  -> (artifact id: 'b35a633b95d726fbce90cf7d8c596a6d') in 0.011495 seconds
  Import took 0.016574 seconds .

========================================================================
Received Import Request.
  Time since last request: 38.349894 seconds.
  path: Assets/Rails/Rails.prefab
  artifactKey: Guid(2547f3a1d0d29fd4899b9fa9b24a1255) Importer(815301076,1909f56bfc062723c751e8b465ee728b)
Start importing Assets/Rails/Rails.prefab using Guid(2547f3a1d0d29fd4899b9fa9b24a1255) Importer(815301076,1909f56bfc062723c751e8b465ee728b)  -> (artifact id: '0a8112473f04e10cc9590fb3cf430a39') in 0.010364 seconds
  Import took 0.015704 seconds .

========================================================================
Received Import Request.
  Time since last request: 0.176810 seconds.
  path: Assets/Rails/Rails.prefab
  artifactKey: Guid(2547f3a1d0d29fd4899b9fa9b24a1255) Importer(815301076,1909f56bfc062723c751e8b465ee728b)
Start importing Assets/Rails/Rails.prefab using Guid(2547f3a1d0d29fd4899b9fa9b24a1255) Importer(815301076,1909f56bfc062723c751e8b465ee728b)  -> (artifact id: '01c5091ff8908fba66fae03c520284a5') in 0.004760 seconds
  Import took 0.009479 seconds .

========================================================================
Received Import Request.
  Time since last request: 5.163463 seconds.
  path: Assets/Rails/Rails.prefab
  artifactKey: Guid(2547f3a1d0d29fd4899b9fa9b24a1255) Importer(815301076,1909f56bfc062723c751e8b465ee728b)
Start importing Assets/Rails/Rails.prefab using Guid(2547f3a1d0d29fd4899b9fa9b24a1255) Importer(815301076,1909f56bfc062723c751e8b465ee728b)  -> (artifact id: '2e945d6f127cf554dfdc9e7971d556b9') in 0.005133 seconds
  Import took 0.010097 seconds .

========================================================================
Received Import Request.
  Time since last request: 25.642207 seconds.
  path: Assets/Rails/Rails.prefab
  artifactKey: Guid(2547f3a1d0d29fd4899b9fa9b24a1255) Importer(815301076,1909f56bfc062723c751e8b465ee728b)
Start importing Assets/Rails/Rails.prefab using Guid(2547f3a1d0d29fd4899b9fa9b24a1255) Importer(815301076,1909f56bfc062723c751e8b465ee728b)  -> (artifact id: 'eeca73a203f43717aee852cfdf76504b') in 0.004783 seconds
  Import took 0.009550 seconds .

========================================================================
Received Import Request.
  Time since last request: 0.000274 seconds.
  path: Assets/Rails/RailTiles.png
  artifactKey: Guid(621b0670cb0841f4985d83c76490e80d) Importer(815301076,1909f56bfc062723c751e8b465ee728b)
Start importing Assets/Rails/RailTiles.png using Guid(621b0670cb0841f4985d83c76490e80d) Importer(815301076,1909f56bfc062723c751e8b465ee728b)  -> (artifact id: '36917cd250278ccf9821d3eb8f3eba0d') in 0.013485 seconds
  Import took 0.018426 seconds .

========================================================================
Received Import Request.
  Time since last request: 0.022231 seconds.
  path: Assets/Rails/RailTiles.png
  artifactKey: Guid(621b0670cb0841f4985d83c76490e80d) Importer(815301076,1909f56bfc062723c751e8b465ee728b)
Start importing Assets/Rails/RailTiles.png using Guid(621b0670cb0841f4985d83c76490e80d) Importer(815301076,1909f56bfc062723c751e8b465ee728b)  -> (artifact id: '36917cd250278ccf9821d3eb8f3eba0d') in 0.013228 seconds
  Import took 0.017889 seconds .

========================================================================
Received Import Request.
  Time since last request: 7.938446 seconds.
  path: Assets/Scenes/SampleScene.unity
  artifactKey: Guid(2cda990e2423bbf4892e6590ba056729) Importer(815301076,1909f56bfc062723c751e8b465ee728b)
Start importing Assets/Scenes/SampleScene.unity using Guid(2cda990e2423bbf4892e6590ba056729) Importer(815301076,1909f56bfc062723c751e8b465ee728b)  -> (artifact id: '6bae8addfa43b9e04f991e6f61a8372f') in 0.003606 seconds
  Import took 0.008233 seconds .

========================================================================
Received Prepare
Registering precompiled user dll's ...
Registered in 0.001444 seconds.
Begin MonoManager ReloadAssembly
Native extension for WindowsStandalone target not found
Refreshing native plugins compatible for Editor in 0.54 ms, found 0 plugins.
Preloading 0 native plugins for Editor in 0.00 ms.
Invoked RoslynAnalysisRunner static constructor.
RoslynAnalysisRunner will not be running.
RoslynAnalysisRunner has terminated.
Mono: successfully reloaded assembly
- Completed reload, in  1.152 seconds
Platform modules already initialized, skipping
Shader 'Universal Render Pipeline/Particles/Lit': fallback shader 'Universal Render Pipeline/Particles/SimpleLit' not found
Refreshing native plugins compatible for Editor in 0.98 ms, found 0 plugins.
Preloading 0 native plugins for Editor in 0.00 ms.
Unloading 2612 Unused Serialized files (Serialized files now loaded: 0)
System memory in use before: 116.3 MB.
System memory in use after: 116.5 MB.

Unloading 7 unused Assets to reduce memory usage. Loaded Objects now: 3156.
Total: 2.947700 ms (FindLiveObjects: 0.453400 ms CreateObjectMapping: 0.082000 ms MarkObjects: 2.386300 ms  DeleteObjects: 0.024200 ms)

========================================================================
Received Prepare
Registering precompiled user dll's ...
Registered in 0.001347 seconds.
Begin MonoManager ReloadAssembly
Native extension for WindowsStandalone target not found
Refreshing native plugins compatible for Editor in 0.54 ms, found 0 plugins.
Preloading 0 native plugins for Editor in 0.00 ms.
Invoked RoslynAnalysisRunner static constructor.
RoslynAnalysisRunner will not be running.
RoslynAnalysisRunner has terminated.
Mono: successfully reloaded assembly
- Completed reload, in  1.123 seconds
Platform modules already initialized, skipping
Shader 'Universal Render Pipeline/Particles/Lit': fallback shader 'Universal Render Pipeline/Particles/SimpleLit' not found
Refreshing native plugins compatible for Editor in 0.85 ms, found 0 plugins.
Preloading 0 native plugins for Editor in 0.00 ms.
Unloading 2612 Unused Serialized files (Serialized files now loaded: 0)
System memory in use before: 116.3 MB.
System memory in use after: 116.5 MB.

Unloading 7 unused Assets to reduce memory usage. Loaded Objects now: 3160.
Total: 4.168100 ms (FindLiveObjects: 0.675100 ms CreateObjectMapping: 0.190900 ms MarkObjects: 3.270900 ms  DeleteObjects: 0.028400 ms)

========================================================================
Received Prepare
Registering precompiled user dll's ...
Registered in 0.001349 seconds.
Begin MonoManager ReloadAssembly
Native extension for WindowsStandalone target not found
Refreshing native plugins compatible for Editor in 0.51 ms, found 0 plugins.
Preloading 0 native plugins for Editor in 0.00 ms.
Invoked RoslynAnalysisRunner static constructor.
RoslynAnalysisRunner will not be running.
RoslynAnalysisRunner has terminated.
Mono: successfully reloaded assembly
- Completed reload, in  1.127 seconds
Platform modules already initialized, skipping
Shader 'Universal Render Pipeline/Particles/Lit': fallback shader 'Universal Render Pipeline/Particles/SimpleLit' not found
Refreshing native plugins compatible for Editor in 0.87 ms, found 0 plugins.
Preloading 0 native plugins for Editor in 0.00 ms.
Unloading 2612 Unused Serialized files (Serialized files now loaded: 0)
System memory in use before: 116.3 MB.
System memory in use after: 116.6 MB.

Unloading 7 unused Assets to reduce memory usage. Loaded Objects now: 3164.
Total: 2.963100 ms (FindLiveObjects: 0.439300 ms CreateObjectMapping: 0.094400 ms MarkObjects: 2.407100 ms  DeleteObjects: 0.020100 ms)

========================================================================
Received Prepare
Registering precompiled user dll's ...
Registered in 0.001329 seconds.
Begin MonoManager ReloadAssembly
Native extension for WindowsStandalone target not found
Refreshing native plugins compatible for Editor in 0.53 ms, found 0 plugins.
Preloading 0 native plugins for Editor in 0.00 ms.
Invoked RoslynAnalysisRunner static constructor.
RoslynAnalysisRunner will not be running.
RoslynAnalysisRunner has terminated.
Mono: successfully reloaded assembly
- Completed reload, in  1.117 seconds
Platform modules already initialized, skipping
Shader 'Universal Render Pipeline/Particles/Lit': fallback shader 'Universal Render Pipeline/Particles/SimpleLit' not found
Refreshing native plugins compatible for Editor in 0.58 ms, found 0 plugins.
Preloading 0 native plugins for Editor in 0.00 ms.
Unloading 2612 Unused Serialized files (Serialized files now loaded: 0)
System memory in use before: 116.3 MB.
System memory in use after: 116.6 MB.

Unloading 7 unused Assets to reduce memory usage. Loaded Objects now: 3168.
Total: 4.864400 ms (FindLiveObjects: 0.606200 ms CreateObjectMapping: 0.149800 ms MarkObjects: 4.075000 ms  DeleteObjects: 0.031100 ms)

========================================================================
Received Prepare
Registering precompiled user dll's ...
Registered in 0.001532 seconds.
Begin MonoManager ReloadAssembly
Native extension for WindowsStandalone target not found
Refreshing native plugins compatible for Editor in 0.54 ms, found 0 plugins.
Preloading 0 native plugins for Editor in 0.00 ms.
Invoked RoslynAnalysisRunner static constructor.
RoslynAnalysisRunner will not be running.
RoslynAnalysisRunner has terminated.
Mono: successfully reloaded assembly
- Completed reload, in  1.108 seconds
Platform modules already initialized, skipping
Shader 'Universal Render Pipeline/Particles/Lit': fallback shader 'Universal Render Pipeline/Particles/SimpleLit' not found
Refreshing native plugins compatible for Editor in 0.61 ms, found 0 plugins.
Preloading 0 native plugins for Editor in 0.00 ms.
Unloading 2612 Unused Serialized files (Serialized files now loaded: 0)
System memory in use before: 116.4 MB.
System memory in use after: 116.6 MB.

Unloading 7 unused Assets to reduce memory usage. Loaded Objects now: 3172.
Total: 4.539500 ms (FindLiveObjects: 0.606500 ms CreateObjectMapping: 0.146500 ms MarkObjects: 3.759200 ms  DeleteObjects: 0.025200 ms)

========================================================================
Received Prepare
Registering precompiled user dll's ...
Registered in 0.001388 seconds.
Begin MonoManager ReloadAssembly
Native extension for WindowsStandalone target not found
Refreshing native plugins compatible for Editor in 0.56 ms, found 0 plugins.
Preloading 0 native plugins for Editor in 0.00 ms.
Invoked RoslynAnalysisRunner static constructor.
RoslynAnalysisRunner will not be running.
RoslynAnalysisRunner has terminated.
Mono: successfully reloaded assembly
- Completed reload, in  1.116 seconds
Platform modules already initialized, skipping
Shader 'Universal Render Pipeline/Particles/Lit': fallback shader 'Universal Render Pipeline/Particles/SimpleLit' not found
Refreshing native plugins compatible for Editor in 0.84 ms, found 0 plugins.
Preloading 0 native plugins for Editor in 0.00 ms.
Unloading 2612 Unused Serialized files (Serialized files now loaded: 0)
System memory in use before: 116.4 MB.
System memory in use after: 116.6 MB.

Unloading 7 unused Assets to reduce memory usage. Loaded Objects now: 3176.
Total: 4.204200 ms (FindLiveObjects: 0.797600 ms CreateObjectMapping: 0.099600 ms MarkObjects: 3.276300 ms  DeleteObjects: 0.028600 ms)

========================================================================
Received Import Request.
  Time since last request: 322.099544 seconds.
  path: Assets/Player/Player.prefab
  artifactKey: Guid(9e6610374e8bd584da4240883088f572) Importer(815301076,1909f56bfc062723c751e8b465ee728b)
Start importing Assets/Player/Player.prefab using Guid(9e6610374e8bd584da4240883088f572) Importer(815301076,1909f56bfc062723c751e8b465ee728b)  -> (artifact id: 'c1d80b1cdc3d2f7e4251457a8826d75c') in 0.076107 seconds
  Import took 0.082442 seconds .

========================================================================
Received Prepare
Registering precompiled user dll's ...
Registered in 0.001359 seconds.
Begin MonoManager ReloadAssembly
Native extension for WindowsStandalone target not found
Refreshing native plugins compatible for Editor in 0.60 ms, found 0 plugins.
Preloading 0 native plugins for Editor in 0.00 ms.
Invoked RoslynAnalysisRunner static constructor.
RoslynAnalysisRunner will not be running.
RoslynAnalysisRunner has terminated.
Mono: successfully reloaded assembly
- Completed reload, in  1.127 seconds
Platform modules already initialized, skipping
Shader 'Universal Render Pipeline/Particles/Lit': fallback shader 'Universal Render Pipeline/Particles/SimpleLit' not found
Refreshing native plugins compatible for Editor in 0.59 ms, found 0 plugins.
Preloading 0 native plugins for Editor in 0.00 ms.
Unloading 2612 Unused Serialized files (Serialized files now loaded: 0)
System memory in use before: 116.4 MB.
System memory in use after: 116.6 MB.

Unloading 7 unused Assets to reduce memory usage. Loaded Objects now: 3181.
Total: 3.646600 ms (FindLiveObjects: 0.636300 ms CreateObjectMapping: 0.128000 ms MarkObjects: 2.843900 ms  DeleteObjects: 0.035800 ms)

========================================================================
Received Import Request.
  Time since last request: 32.788001 seconds.
  path: Assets/Player/Player.prefab
  artifactKey: Guid(9e6610374e8bd584da4240883088f572) Importer(815301076,1909f56bfc062723c751e8b465ee728b)
Start importing Assets/Player/Player.prefab using Guid(9e6610374e8bd584da4240883088f572) Importer(815301076,1909f56bfc062723c751e8b465ee728b)  -> (artifact id: '20e0ae5335dcb4c1b261e5df33add82d') in 0.070877 seconds
  Import took 0.075871 seconds .

========================================================================
Received Prepare
Registering precompiled user dll's ...
Registered in 0.001852 seconds.
Begin MonoManager ReloadAssembly
Native extension for WindowsStandalone target not found
Refreshing native plugins compatible for Editor in 0.52 ms, found 0 plugins.
Preloading 0 native plugins for Editor in 0.00 ms.
Invoked RoslynAnalysisRunner static constructor.
RoslynAnalysisRunner will not be running.
RoslynAnalysisRunner has terminated.
Mono: successfully reloaded assembly
- Completed reload, in  1.123 seconds
Platform modules already initialized, skipping
Shader 'Universal Render Pipeline/Particles/Lit': fallback shader 'Universal Render Pipeline/Particles/SimpleLit' not found
Refreshing native plugins compatible for Editor in 0.94 ms, found 0 plugins.
Preloading 0 native plugins for Editor in 0.00 ms.
Unloading 2612 Unused Serialized files (Serialized files now loaded: 0)
System memory in use before: 116.4 MB.
System memory in use after: 116.6 MB.

Unloading 7 unused Assets to reduce memory usage. Loaded Objects now: 3186.
Total: 3.232400 ms (FindLiveObjects: 0.337100 ms CreateObjectMapping: 0.083800 ms MarkObjects: 2.784100 ms  DeleteObjects: 0.025400 ms)

========================================================================
Received Import Request.
  Time since last request: 16.500768 seconds.
  path: Assets/Player/Player.prefab
  artifactKey: Guid(9e6610374e8bd584da4240883088f572) Importer(815301076,1909f56bfc062723c751e8b465ee728b)
Start importing Assets/Player/Player.prefab using Guid(9e6610374e8bd584da4240883088f572) Importer(815301076,1909f56bfc062723c751e8b465ee728b)  -> (artifact id: 'cacb365fa118d78ef61618db030c7f9a') in 0.072257 seconds
  Import took 0.078313 seconds .

========================================================================
Received Prepare
Registering precompiled user dll's ...
Registered in 0.001454 seconds.
Begin MonoManager ReloadAssembly
Native extension for WindowsStandalone target not found
Refreshing native plugins compatible for Editor in 0.53 ms, found 0 plugins.
Preloading 0 native plugins for Editor in 0.00 ms.
Invoked RoslynAnalysisRunner static constructor.
RoslynAnalysisRunner will not be running.
RoslynAnalysisRunner has terminated.
Mono: successfully reloaded assembly
- Completed reload, in  1.137 seconds
Platform modules already initialized, skipping
Shader 'Universal Render Pipeline/Particles/Lit': fallback shader 'Universal Render Pipeline/Particles/SimpleLit' not found
Refreshing native plugins compatible for Editor in 0.63 ms, found 0 plugins.
Preloading 0 native plugins for Editor in 0.00 ms.
Unloading 2612 Unused Serialized files (Serialized files now loaded: 0)
System memory in use before: 116.4 MB.
System memory in use after: 116.6 MB.

Unloading 7 unused Assets to reduce memory usage. Loaded Objects now: 3191.
Total: 3.047200 ms (FindLiveObjects: 0.495600 ms CreateObjectMapping: 0.122300 ms MarkObjects: 2.408000 ms  DeleteObjects: 0.019800 ms)

========================================================================
Received Import Request.
  Time since last request: 28.495597 seconds.
  path: Assets/Minecart/Minecart.prefab
  artifactKey: Guid(71a3e6ca49281094780cb6a8893c1964) Importer(815301076,1909f56bfc062723c751e8b465ee728b)
Start importing Assets/Minecart/Minecart.prefab using Guid(71a3e6ca49281094780cb6a8893c1964) Importer(815301076,1909f56bfc062723c751e8b465ee728b)  -> (artifact id: 'dd18ca03ca9abe008da6da9527a780c0') in 0.085998 seconds
  Import took 0.091895 seconds .

========================================================================
Received Prepare
Registering precompiled user dll's ...
Registered in 0.001365 seconds.
Begin MonoManager ReloadAssembly
Native extension for WindowsStandalone target not found
Refreshing native plugins compatible for Editor in 0.51 ms, found 0 plugins.
Preloading 0 native plugins for Editor in 0.00 ms.
Invoked RoslynAnalysisRunner static constructor.
RoslynAnalysisRunner will not be running.
RoslynAnalysisRunner has terminated.
Mono: successfully reloaded assembly
- Completed reload, in  1.128 seconds
Platform modules already initialized, skipping
Shader 'Universal Render Pipeline/Particles/Lit': fallback shader 'Universal Render Pipeline/Particles/SimpleLit' not found
Refreshing native plugins compatible for Editor in 0.57 ms, found 0 plugins.
Preloading 0 native plugins for Editor in 0.00 ms.
Unloading 2612 Unused Serialized files (Serialized files now loaded: 0)
System memory in use before: 116.4 MB.
System memory in use after: 116.6 MB.

Unloading 7 unused Assets to reduce memory usage. Loaded Objects now: 3196.
Total: 3.320800 ms (FindLiveObjects: 0.384900 ms CreateObjectMapping: 0.081500 ms MarkObjects: 2.814500 ms  DeleteObjects: 0.037400 ms)

========================================================================
Received Import Request.
  Time since last request: 218.069319 seconds.
  path: Assets/Scenes/SampleScene.unity
  artifactKey: Guid(2cda990e2423bbf4892e6590ba056729) Importer(815301076,1909f56bfc062723c751e8b465ee728b)
Start importing Assets/Scenes/SampleScene.unity using Guid(2cda990e2423bbf4892e6590ba056729) Importer(815301076,1909f56bfc062723c751e8b465ee728b)  -> (artifact id: 'f38696c831f014cb0bf69bd7b59fd5d2') in 0.020512 seconds
  Import took 0.025453 seconds .

========================================================================
Received Prepare
Registering precompiled user dll's ...
Registered in 0.001343 seconds.
Begin MonoManager ReloadAssembly
Native extension for WindowsStandalone target not found
Refreshing native plugins compatible for Editor in 0.51 ms, found 0 plugins.
Preloading 0 native plugins for Editor in 0.00 ms.
Invoked RoslynAnalysisRunner static constructor.
RoslynAnalysisRunner will not be running.
RoslynAnalysisRunner has terminated.
Mono: successfully reloaded assembly
- Completed reload, in  1.119 seconds
Platform modules already initialized, skipping
Shader 'Universal Render Pipeline/Particles/Lit': fallback shader 'Universal Render Pipeline/Particles/SimpleLit' not found
Refreshing native plugins compatible for Editor in 0.75 ms, found 0 plugins.
Preloading 0 native plugins for Editor in 0.00 ms.
Unloading 2612 Unused Serialized files (Serialized files now loaded: 0)
System memory in use before: 116.4 MB.
System memory in use after: 116.6 MB.

Unloading 7 unused Assets to reduce memory usage. Loaded Objects now: 3200.
Total: 3.632100 ms (FindLiveObjects: 0.438700 ms CreateObjectMapping: 0.096800 ms MarkObjects: 3.071300 ms  DeleteObjects: 0.023400 ms)

========================================================================
Received Prepare
Registering precompiled user dll's ...
Registered in 0.001326 seconds.
Begin MonoManager ReloadAssembly
Native extension for WindowsStandalone target not found
Refreshing native plugins compatible for Editor in 0.54 ms, found 0 plugins.
Preloading 0 native plugins for Editor in 0.00 ms.
Invoked RoslynAnalysisRunner static constructor.
RoslynAnalysisRunner will not be running.
RoslynAnalysisRunner has terminated.
Mono: successfully reloaded assembly
- Completed reload, in  1.118 seconds
Platform modules already initialized, skipping
Shader 'Universal Render Pipeline/Particles/Lit': fallback shader 'Universal Render Pipeline/Particles/SimpleLit' not found
Refreshing native plugins compatible for Editor in 0.60 ms, found 0 plugins.
Preloading 0 native plugins for Editor in 0.00 ms.
Unloading 2612 Unused Serialized files (Serialized files now loaded: 0)
System memory in use before: 116.4 MB.
System memory in use after: 116.7 MB.

Unloading 7 unused Assets to reduce memory usage. Loaded Objects now: 3204.
Total: 4.447100 ms (FindLiveObjects: 0.480500 ms CreateObjectMapping: 0.086600 ms MarkObjects: 3.849500 ms  DeleteObjects: 0.028300 ms)

========================================================================
Received Prepare
Registering precompiled user dll's ...
Registered in 0.001358 seconds.
Begin MonoManager ReloadAssembly
Native extension for WindowsStandalone target not found
Refreshing native plugins compatible for Editor in 0.74 ms, found 0 plugins.
Preloading 0 native plugins for Editor in 0.00 ms.
Invoked RoslynAnalysisRunner static constructor.
RoslynAnalysisRunner will not be running.
RoslynAnalysisRunner has terminated.
Mono: successfully reloaded assembly
- Completed reload, in  1.117 seconds
Platform modules already initialized, skipping
Shader 'Universal Render Pipeline/Particles/Lit': fallback shader 'Universal Render Pipeline/Particles/SimpleLit' not found
Refreshing native plugins compatible for Editor in 0.63 ms, found 0 plugins.
Preloading 0 native plugins for Editor in 0.00 ms.
Unloading 2612 Unused Serialized files (Serialized files now loaded: 0)
System memory in use before: 116.4 MB.
System memory in use after: 116.7 MB.

Unloading 7 unused Assets to reduce memory usage. Loaded Objects now: 3208.
Total: 3.620600 ms (FindLiveObjects: 0.585900 ms CreateObjectMapping: 0.203000 ms MarkObjects: 2.795400 ms  DeleteObjects: 0.034600 ms)

========================================================================
Received Prepare
Registering precompiled user dll's ...
Registered in 0.001366 seconds.
Begin MonoManager ReloadAssembly
Native extension for WindowsStandalone target not found
Refreshing native plugins compatible for Editor in 0.53 ms, found 0 plugins.
Preloading 0 native plugins for Editor in 0.00 ms.
Invoked RoslynAnalysisRunner static constructor.
RoslynAnalysisRunner will not be running.
RoslynAnalysisRunner has terminated.
Mono: successfully reloaded assembly
- Completed reload, in  1.117 seconds
Platform modules already initialized, skipping
Shader 'Universal Render Pipeline/Particles/Lit': fallback shader 'Universal Render Pipeline/Particles/SimpleLit' not found
Refreshing native plugins compatible for Editor in 1.07 ms, found 0 plugins.
Preloading 0 native plugins for Editor in 0.00 ms.
Unloading 2612 Unused Serialized files (Serialized files now loaded: 0)
System memory in use before: 116.4 MB.
System memory in use after: 116.7 MB.

Unloading 7 unused Assets to reduce memory usage. Loaded Objects now: 3212.
Total: 4.249900 ms (FindLiveObjects: 0.472500 ms CreateObjectMapping: 0.087900 ms MarkObjects: 3.664900 ms  DeleteObjects: 0.022100 ms)

========================================================================
Received Prepare
Registering precompiled user dll's ...
Registered in 0.001336 seconds.
Begin MonoManager ReloadAssembly
Native extension for WindowsStandalone target not found
Refreshing native plugins compatible for Editor in 0.62 ms, found 0 plugins.
Preloading 0 native plugins for Editor in 0.00 ms.
Invoked RoslynAnalysisRunner static constructor.
RoslynAnalysisRunner will not be running.
RoslynAnalysisRunner has terminated.
Mono: successfully reloaded assembly
- Completed reload, in  1.103 seconds
Platform modules already initialized, skipping
Shader 'Universal Render Pipeline/Particles/Lit': fallback shader 'Universal Render Pipeline/Particles/SimpleLit' not found
Refreshing native plugins compatible for Editor in 0.86 ms, found 0 plugins.
Preloading 0 native plugins for Editor in 0.00 ms.
Unloading 2612 Unused Serialized files (Serialized files now loaded: 0)
System memory in use before: 116.5 MB.
System memory in use after: 116.8 MB.

Unloading 7 unused Assets to reduce memory usage. Loaded Objects now: 3216.
Total: 3.826100 ms (FindLiveObjects: 0.832900 ms CreateObjectMapping: 0.203300 ms MarkObjects: 2.757900 ms  DeleteObjects: 0.029800 ms)

========================================================================
Received Prepare
Registering precompiled user dll's ...
Registered in 0.001392 seconds.
Begin MonoManager ReloadAssembly
Native extension for WindowsStandalone target not found
Refreshing native plugins compatible for Editor in 0.53 ms, found 0 plugins.
Preloading 0 native plugins for Editor in 0.00 ms.
Invoked RoslynAnalysisRunner static constructor.
RoslynAnalysisRunner will not be running.
RoslynAnalysisRunner has terminated.
Mono: successfully reloaded assembly
- Completed reload, in  1.114 seconds
Platform modules already initialized, skipping
Shader 'Universal Render Pipeline/Particles/Lit': fallback shader 'Universal Render Pipeline/Particles/SimpleLit' not found
Refreshing native plugins compatible for Editor in 0.65 ms, found 0 plugins.
Preloading 0 native plugins for Editor in 0.00 ms.
Unloading 2612 Unused Serialized files (Serialized files now loaded: 0)
System memory in use before: 116.6 MB.
System memory in use after: 116.8 MB.

Unloading 7 unused Assets to reduce memory usage. Loaded Objects now: 3220.
Total: 3.538000 ms (FindLiveObjects: 0.482500 ms CreateObjectMapping: 0.097500 ms MarkObjects: 2.933700 ms  DeleteObjects: 0.021700 ms)

========================================================================
Received Prepare
Registering precompiled user dll's ...
Registered in 0.001345 seconds.
Begin MonoManager ReloadAssembly
Native extension for WindowsStandalone target not found
Refreshing native plugins compatible for Editor in 0.53 ms, found 0 plugins.
Preloading 0 native plugins for Editor in 0.00 ms.
Invoked RoslynAnalysisRunner static constructor.
RoslynAnalysisRunner will not be running.
RoslynAnalysisRunner has terminated.
Mono: successfully reloaded assembly
- Completed reload, in  1.125 seconds
Platform modules already initialized, skipping
Shader 'Universal Render Pipeline/Particles/Lit': fallback shader 'Universal Render Pipeline/Particles/SimpleLit' not found
Refreshing native plugins compatible for Editor in 0.86 ms, found 0 plugins.
Preloading 0 native plugins for Editor in 0.00 ms.
Unloading 2612 Unused Serialized files (Serialized files now loaded: 0)
System memory in use before: 116.6 MB.
System memory in use after: 116.8 MB.

Unloading 7 unused Assets to reduce memory usage. Loaded Objects now: 3224.
Total: 4.284600 ms (FindLiveObjects: 0.556400 ms CreateObjectMapping: 0.154500 ms MarkObjects: 3.538400 ms  DeleteObjects: 0.028700 ms)

========================================================================
Received Prepare
Registering precompiled user dll's ...
Registered in 0.001374 seconds.
Begin MonoManager ReloadAssembly
Native extension for WindowsStandalone target not found
Refreshing native plugins compatible for Editor in 0.52 ms, found 0 plugins.
Preloading 0 native plugins for Editor in 0.00 ms.
Invoked RoslynAnalysisRunner static constructor.
RoslynAnalysisRunner will not be running.
RoslynAnalysisRunner has terminated.
Mono: successfully reloaded assembly
- Completed reload, in  1.118 seconds
Platform modules already initialized, skipping
Shader 'Universal Render Pipeline/Particles/Lit': fallback shader 'Universal Render Pipeline/Particles/SimpleLit' not found
Refreshing native plugins compatible for Editor in 0.56 ms, found 0 plugins.
Preloading 0 native plugins for Editor in 0.00 ms.
Unloading 2612 Unused Serialized files (Serialized files now loaded: 0)
System memory in use before: 116.6 MB.
System memory in use after: 116.8 MB.

Unloading 7 unused Assets to reduce memory usage. Loaded Objects now: 3228.
Total: 3.216000 ms (FindLiveObjects: 0.413000 ms CreateObjectMapping: 0.087300 ms MarkObjects: 2.688100 ms  DeleteObjects: 0.025900 ms)

========================================================================
Received Prepare
Registering precompiled user dll's ...
Registered in 0.001357 seconds.
Begin MonoManager ReloadAssembly
Native extension for WindowsStandalone target not found
Refreshing native plugins compatible for Editor in 0.51 ms, found 0 plugins.
Preloading 0 native plugins for Editor in 0.00 ms.
Invoked RoslynAnalysisRunner static constructor.
RoslynAnalysisRunner will not be running.
RoslynAnalysisRunner has terminated.
Mono: successfully reloaded assembly
- Completed reload, in  1.201 seconds
Platform modules already initialized, skipping
Shader 'Universal Render Pipeline/Particles/Lit': fallback shader 'Universal Render Pipeline/Particles/SimpleLit' not found
Refreshing native plugins compatible for Editor in 1.01 ms, found 0 plugins.
Preloading 0 native plugins for Editor in 0.00 ms.
Unloading 2612 Unused Serialized files (Serialized files now loaded: 0)
System memory in use before: 116.3 MB.
System memory in use after: 116.5 MB.

Unloading 7 unused Assets to reduce memory usage. Loaded Objects now: 3232.
Total: 3.570500 ms (FindLiveObjects: 0.597600 ms CreateObjectMapping: 0.144000 ms MarkObjects: 2.807000 ms  DeleteObjects: 0.020200 ms)

========================================================================
Received Prepare
Registering precompiled user dll's ...
Registered in 0.001356 seconds.
Begin MonoManager ReloadAssembly
Native extension for WindowsStandalone target not found
Refreshing native plugins compatible for Editor in 0.52 ms, found 0 plugins.
Preloading 0 native plugins for Editor in 0.00 ms.
Invoked RoslynAnalysisRunner static constructor.
RoslynAnalysisRunner will not be running.
RoslynAnalysisRunner has terminated.
Mono: successfully reloaded assembly
- Completed reload, in  1.149 seconds
Platform modules already initialized, skipping
Shader 'Universal Render Pipeline/Particles/Lit': fallback shader 'Universal Render Pipeline/Particles/SimpleLit' not found
Refreshing native plugins compatible for Editor in 0.60 ms, found 0 plugins.
Preloading 0 native plugins for Editor in 0.00 ms.
Unloading 2612 Unused Serialized files (Serialized files now loaded: 0)
System memory in use before: 116.6 MB.
System memory in use after: 116.8 MB.

Unloading 7 unused Assets to reduce memory usage. Loaded Objects now: 3236.
Total: 4.993900 ms (FindLiveObjects: 0.550100 ms CreateObjectMapping: 0.147400 ms MarkObjects: 4.264100 ms  DeleteObjects: 0.029900 ms)

========================================================================
Received Prepare
Registering precompiled user dll's ...
Registered in 0.001341 seconds.
Begin MonoManager ReloadAssembly
Native extension for WindowsStandalone target not found
Refreshing native plugins compatible for Editor in 0.52 ms, found 0 plugins.
Preloading 0 native plugins for Editor in 0.00 ms.
Invoked RoslynAnalysisRunner static constructor.
RoslynAnalysisRunner will not be running.
RoslynAnalysisRunner has terminated.
Mono: successfully reloaded assembly
- Completed reload, in  1.124 seconds
Platform modules already initialized, skipping
Shader 'Universal Render Pipeline/Particles/Lit': fallback shader 'Universal Render Pipeline/Particles/SimpleLit' not found
Refreshing native plugins compatible for Editor in 0.59 ms, found 0 plugins.
Preloading 0 native plugins for Editor in 0.00 ms.
Unloading 2612 Unused Serialized files (Serialized files now loaded: 0)
System memory in use before: 116.6 MB.
System memory in use after: 116.8 MB.

Unloading 7 unused Assets to reduce memory usage. Loaded Objects now: 3240.
Total: 3.803300 ms (FindLiveObjects: 0.612600 ms CreateObjectMapping: 0.124900 ms MarkObjects: 3.037600 ms  DeleteObjects: 0.026500 ms)

========================================================================
Received Prepare
Registering precompiled user dll's ...
Registered in 0.001981 seconds.
Begin MonoManager ReloadAssembly
Native extension for WindowsStandalone target not found
Refreshing native plugins compatible for Editor in 0.52 ms, found 0 plugins.
Preloading 0 native plugins for Editor in 0.00 ms.
Invoked RoslynAnalysisRunner static constructor.
RoslynAnalysisRunner will not be running.
RoslynAnalysisRunner has terminated.
Mono: successfully reloaded assembly
- Completed reload, in  1.113 seconds
Platform modules already initialized, skipping
Shader 'Universal Render Pipeline/Particles/Lit': fallback shader 'Universal Render Pipeline/Particles/SimpleLit' not found
Refreshing native plugins compatible for Editor in 0.79 ms, found 0 plugins.
Preloading 0 native plugins for Editor in 0.00 ms.
Unloading 2612 Unused Serialized files (Serialized files now loaded: 0)
System memory in use before: 116.6 MB.
System memory in use after: 116.8 MB.

Unloading 7 unused Assets to reduce memory usage. Loaded Objects now: 3244.
Total: 4.497600 ms (FindLiveObjects: 0.544700 ms CreateObjectMapping: 0.092800 ms MarkObjects: 3.833300 ms  DeleteObjects: 0.024500 ms)

========================================================================
Received Prepare
Registering precompiled user dll's ...
Registered in 0.001317 seconds.
Begin MonoManager ReloadAssembly
Native extension for WindowsStandalone target not found
Refreshing native plugins compatible for Editor in 0.51 ms, found 0 plugins.
Preloading 0 native plugins for Editor in 0.00 ms.
Invoked RoslynAnalysisRunner static constructor.
RoslynAnalysisRunner will not be running.
RoslynAnalysisRunner has terminated.
Mono: successfully reloaded assembly
- Completed reload, in  1.126 seconds
Platform modules already initialized, skipping
Shader 'Universal Render Pipeline/Particles/Lit': fallback shader 'Universal Render Pipeline/Particles/SimpleLit' not found
Refreshing native plugins compatible for Editor in 0.55 ms, found 0 plugins.
Preloading 0 native plugins for Editor in 0.00 ms.
Unloading 2612 Unused Serialized files (Serialized files now loaded: 0)
System memory in use before: 116.6 MB.
System memory in use after: 116.8 MB.

Unloading 7 unused Assets to reduce memory usage. Loaded Objects now: 3248.
Total: 3.067100 ms (FindLiveObjects: 0.464300 ms CreateObjectMapping: 0.144100 ms MarkObjects: 2.433600 ms  DeleteObjects: 0.022900 ms)

========================================================================
Received Import Request.
  Time since last request: 3683.075719 seconds.
  path: Assets/Rails/RailGrid.prefab
  artifactKey: Guid(e6c8142516da3dd4f931ee70a0c519bd) Importer(815301076,1909f56bfc062723c751e8b465ee728b)
Start importing Assets/Rails/RailGrid.prefab using Guid(e6c8142516da3dd4f931ee70a0c519bd) Importer(815301076,1909f56bfc062723c751e8b465ee728b)  -> (artifact id: '8aac5d4b8c69a510a69546afbed3caca') in 0.037395 seconds
  Import took 0.042321 seconds .

========================================================================
Received Import Request.
  Time since last request: 0.000210 seconds.
  path: Assets/Rails/Rails.prefab
  artifactKey: Guid(2547f3a1d0d29fd4899b9fa9b24a1255) Importer(815301076,1909f56bfc062723c751e8b465ee728b)
Start importing Assets/Rails/Rails.prefab using Guid(2547f3a1d0d29fd4899b9fa9b24a1255) Importer(815301076,1909f56bfc062723c751e8b465ee728b)  -> (artifact id: '6e0f3eca88215b8926d785a427f399ee') in 0.010294 seconds
  Import took 0.014519 seconds .

========================================================================
Received Import Request.
  Time since last request: 6.022836 seconds.
  path: ProjectSettings/TagManager.asset
  artifactKey: Guid(00000000000000003000000000000000) Importer(815301076,1909f56bfc062723c751e8b465ee728b)
Start importing ProjectSettings/TagManager.asset using Guid(00000000000000003000000000000000) Importer(815301076,1909f56bfc062723c751e8b465ee728b)  -> (artifact id: 'a8f17b6725ea6fc19816ed018a7ff066') in 0.010892 seconds
  Import took 0.015523 seconds .

========================================================================
Received Import Request.
  Time since last request: 0.001964 seconds.
  path: ProjectSettings/TagManager.asset
  artifactKey: Guid(00000000000000003000000000000000) Importer(815301076,1909f56bfc062723c751e8b465ee728b)
Start importing ProjectSettings/TagManager.asset using Guid(00000000000000003000000000000000) Importer(815301076,1909f56bfc062723c751e8b465ee728b)  -> (artifact id: 'a8f17b6725ea6fc19816ed018a7ff066') in 0.003657 seconds
  Import took 0.008304 seconds .

========================================================================
Received Prepare
Registering precompiled user dll's ...
Registered in 0.001386 seconds.
Begin MonoManager ReloadAssembly
Native extension for WindowsStandalone target not found
Refreshing native plugins compatible for Editor in 0.59 ms, found 0 plugins.
Preloading 0 native plugins for Editor in 0.00 ms.
Invoked RoslynAnalysisRunner static constructor.
RoslynAnalysisRunner will not be running.
RoslynAnalysisRunner has terminated.
Mono: successfully reloaded assembly
- Completed reload, in  1.122 seconds
Platform modules already initialized, skipping
Shader 'Universal Render Pipeline/Particles/Lit': fallback shader 'Universal Render Pipeline/Particles/SimpleLit' not found
Refreshing native plugins compatible for Editor in 0.61 ms, found 0 plugins.
Preloading 0 native plugins for Editor in 0.00 ms.
Unloading 2612 Unused Serialized files (Serialized files now loaded: 0)
System memory in use before: 116.6 MB.
System memory in use after: 116.8 MB.

Unloading 9 unused Assets to reduce memory usage. Loaded Objects now: 3252.
Total: 4.710100 ms (FindLiveObjects: 0.576400 ms CreateObjectMapping: 0.140000 ms MarkObjects: 3.947100 ms  DeleteObjects: 0.044600 ms)

========================================================================
Received Import Request.
  Time since last request: 15.182332 seconds.
  path: Assets/Rails/RailGrid.prefab
  artifactKey: Guid(e6c8142516da3dd4f931ee70a0c519bd) Importer(815301076,1909f56bfc062723c751e8b465ee728b)
Start importing Assets/Rails/RailGrid.prefab using Guid(e6c8142516da3dd4f931ee70a0c519bd) Importer(815301076,1909f56bfc062723c751e8b465ee728b)  -> (artifact id: '740d62e29b750be1169e28b392d75da4') in 0.045922 seconds
  Import took 0.051289 seconds .

========================================================================
Received Import Request.
  Time since last request: 32.345844 seconds.
  path: Assets/Rails/RailGrid.prefab
  artifactKey: Guid(e6c8142516da3dd4f931ee70a0c519bd) Importer(815301076,1909f56bfc062723c751e8b465ee728b)
Start importing Assets/Rails/RailGrid.prefab using Guid(e6c8142516da3dd4f931ee70a0c519bd) Importer(815301076,1909f56bfc062723c751e8b465ee728b)  -> (artifact id: '5938fe2362f5763c94e072ece442f098') in 0.004955 seconds
  Import took 0.009815 seconds .

========================================================================
Received Import Request.
  Time since last request: 3022.904185 seconds.
  path: Assets/Player/Player.prefab
  artifactKey: Guid(9e6610374e8bd584da4240883088f572) Importer(815301076,1909f56bfc062723c751e8b465ee728b)
Start importing Assets/Player/Player.prefab using Guid(9e6610374e8bd584da4240883088f572) Importer(815301076,1909f56bfc062723c751e8b465ee728b)  -> (artifact id: '0769cca0fc98341cccb2c564da6b3692') in 0.088316 seconds
  Import took 0.097941 seconds .

========================================================================
Received Import Request.
  Time since last request: 13.112564 seconds.
  path: Assets/Player/Player.prefab
  artifactKey: Guid(9e6610374e8bd584da4240883088f572) Importer(815301076,1909f56bfc062723c751e8b465ee728b)
Start importing Assets/Player/Player.prefab using Guid(9e6610374e8bd584da4240883088f572) Importer(815301076,1909f56bfc062723c751e8b465ee728b)  -> (artifact id: '29be081da9ccc29e3eb52e7abcdbaed8') in 0.010115 seconds
  Import took 0.014978 seconds .

========================================================================
Received Import Request.
  Time since last request: 5.466863 seconds.
  path: Assets/Player/Player.prefab
  artifactKey: Guid(9e6610374e8bd584da4240883088f572) Importer(815301076,1909f56bfc062723c751e8b465ee728b)
Start importing Assets/Player/Player.prefab using Guid(9e6610374e8bd584da4240883088f572) Importer(815301076,1909f56bfc062723c751e8b465ee728b)  -> (artifact id: 'ada3150b05913c2bb7e5f124b81e0d48') in 0.010292 seconds
  Import took 0.015119 seconds .

========================================================================
Received Import Request.
  Time since last request: 3.231087 seconds.
  path: Assets/Player/Player.prefab
  artifactKey: Guid(9e6610374e8bd584da4240883088f572) Importer(815301076,1909f56bfc062723c751e8b465ee728b)
Start importing Assets/Player/Player.prefab using Guid(9e6610374e8bd584da4240883088f572) Importer(815301076,1909f56bfc062723c751e8b465ee728b)  -> (artifact id: 'f7579ea5012235817f4be3d8b8b4ec8c') in 0.009827 seconds
  Import took 0.014760 seconds .

========================================================================
Received Import Request.
  Time since last request: 17.257069 seconds.
  path: Assets/Player/Player.prefab
  artifactKey: Guid(9e6610374e8bd584da4240883088f572) Importer(815301076,1909f56bfc062723c751e8b465ee728b)
Start importing Assets/Player/Player.prefab using Guid(9e6610374e8bd584da4240883088f572) Importer(815301076,1909f56bfc062723c751e8b465ee728b)  -> (artifact id: '7ad057648c5001adca1a65da0e7e130e') in 0.020982 seconds
  Import took 0.026049 seconds .

========================================================================
Received Import Request.
  Time since last request: 49.965939 seconds.
  path: Assets/Player/Player.prefab
  artifactKey: Guid(9e6610374e8bd584da4240883088f572) Importer(815301076,1909f56bfc062723c751e8b465ee728b)
Start importing Assets/Player/Player.prefab using Guid(9e6610374e8bd584da4240883088f572) Importer(815301076,1909f56bfc062723c751e8b465ee728b)  -> (artifact id: '2eb619eb88bb4f9b250b9e9f85983106') in 0.010768 seconds
  Import took 0.015883 seconds .

========================================================================
Received Import Request.
  Time since last request: 6.349750 seconds.
  path: Assets/Player/Player.prefab
  artifactKey: Guid(9e6610374e8bd584da4240883088f572) Importer(815301076,1909f56bfc062723c751e8b465ee728b)
Start importing Assets/Player/Player.prefab using Guid(9e6610374e8bd584da4240883088f572) Importer(815301076,1909f56bfc062723c751e8b465ee728b)  -> (artifact id: '7cb8874a3606c8d1a802907eeaedaef4') in 0.011439 seconds
  Import took 0.016652 seconds .

========================================================================
Received Import Request.
  Time since last request: 8.075262 seconds.
  path: Assets/Player/Player.prefab
  artifactKey: Guid(9e6610374e8bd584da4240883088f572) Importer(815301076,1909f56bfc062723c751e8b465ee728b)
Start importing Assets/Player/Player.prefab using Guid(9e6610374e8bd584da4240883088f572) Importer(815301076,1909f56bfc062723c751e8b465ee728b)  -> (artifact id: '9c2900c70960a4c3d45c5326406affb9') in 0.010443 seconds
  Import took 0.015267 seconds .

========================================================================
Received Import Request.
  Time since last request: 4.839289 seconds.
  path: Assets/Player/Player.prefab
  artifactKey: Guid(9e6610374e8bd584da4240883088f572) Importer(815301076,1909f56bfc062723c751e8b465ee728b)
Start importing Assets/Player/Player.prefab using Guid(9e6610374e8bd584da4240883088f572) Importer(815301076,1909f56bfc062723c751e8b465ee728b)  -> (artifact id: 'e4ef21ade3718b939274319520bffd35') in 0.012961 seconds
  Import took 0.017977 seconds .

========================================================================
Received Import Request.
  Time since last request: 5.255683 seconds.
  path: Assets/Player/Player.prefab
  artifactKey: Guid(9e6610374e8bd584da4240883088f572) Importer(815301076,1909f56bfc062723c751e8b465ee728b)
Start importing Assets/Player/Player.prefab using Guid(9e6610374e8bd584da4240883088f572) Importer(815301076,1909f56bfc062723c751e8b465ee728b)  -> (artifact id: 'ef8a2a27e697a99fee209680f97c0dcd') in 0.010066 seconds
  Import took 0.014951 seconds .

========================================================================
Received Import Request.
  Time since last request: 4.029109 seconds.
  path: Assets/Player/Player.prefab
  artifactKey: Guid(9e6610374e8bd584da4240883088f572) Importer(815301076,1909f56bfc062723c751e8b465ee728b)
Start importing Assets/Player/Player.prefab using Guid(9e6610374e8bd584da4240883088f572) Importer(815301076,1909f56bfc062723c751e8b465ee728b)  -> (artifact id: '6039ebf094a46e9ef344aa8d30a576ee') in 0.010326 seconds
  Import took 0.015085 seconds .

========================================================================
Received Import Request.
  Time since last request: 4.016976 seconds.
  path: Assets/Player/Player.prefab
  artifactKey: Guid(9e6610374e8bd584da4240883088f572) Importer(815301076,1909f56bfc062723c751e8b465ee728b)
Start importing Assets/Player/Player.prefab using Guid(9e6610374e8bd584da4240883088f572) Importer(815301076,1909f56bfc062723c751e8b465ee728b)  -> (artifact id: 'e192622cc7cfb4a01c7fa1dcc09162d1') in 0.010629 seconds
  Import took 0.015713 seconds .

========================================================================
Received Import Request.
  Time since last request: 5.702284 seconds.
  path: Assets/Player/Player.prefab
  artifactKey: Guid(9e6610374e8bd584da4240883088f572) Importer(815301076,1909f56bfc062723c751e8b465ee728b)
Start importing Assets/Player/Player.prefab using Guid(9e6610374e8bd584da4240883088f572) Importer(815301076,1909f56bfc062723c751e8b465ee728b)  -> (artifact id: '02819a125961a2d9ef9a2617d5f20082') in 0.011474 seconds
  Import took 0.016265 seconds .

========================================================================
Received Import Request.
  Time since last request: 2.923749 seconds.
  path: Assets/Player/Player.prefab
  artifactKey: Guid(9e6610374e8bd584da4240883088f572) Importer(815301076,1909f56bfc062723c751e8b465ee728b)
Start importing Assets/Player/Player.prefab using Guid(9e6610374e8bd584da4240883088f572) Importer(815301076,1909f56bfc062723c751e8b465ee728b)  -> (artifact id: 'ed277418b2febc7b8d184aca7092565e') in 0.010088 seconds
  Import took 0.015065 seconds .

========================================================================
Received Prepare
Registering precompiled user dll's ...
Registered in 0.001354 seconds.
Begin MonoManager ReloadAssembly
Native extension for WindowsStandalone target not found
Refreshing native plugins compatible for Editor in 0.61 ms, found 0 plugins.
Preloading 0 native plugins for Editor in 0.00 ms.
Invoked RoslynAnalysisRunner static constructor.
RoslynAnalysisRunner will not be running.
RoslynAnalysisRunner has terminated.
Mono: successfully reloaded assembly
- Completed reload, in  1.134 seconds
Platform modules already initialized, skipping
Shader 'Universal Render Pipeline/Particles/Lit': fallback shader 'Universal Render Pipeline/Particles/SimpleLit' not found
Refreshing native plugins compatible for Editor in 0.55 ms, found 0 plugins.
Preloading 0 native plugins for Editor in 0.00 ms.
Unloading 2612 Unused Serialized files (Serialized files now loaded: 0)
System memory in use before: 116.7 MB.
System memory in use after: 116.9 MB.

Unloading 7 unused Assets to reduce memory usage. Loaded Objects now: 3259.
Total: 2.852600 ms (FindLiveObjects: 0.472300 ms CreateObjectMapping: 0.079400 ms MarkObjects: 2.280400 ms  DeleteObjects: 0.019100 ms)

========================================================================
Received Import Request.
  Time since last request: 68.898254 seconds.
  path: Assets/Player/Player.prefab
  artifactKey: Guid(9e6610374e8bd584da4240883088f572) Importer(815301076,1909f56bfc062723c751e8b465ee728b)
Start importing Assets/Player/Player.prefab using Guid(9e6610374e8bd584da4240883088f572) Importer(815301076,1909f56bfc062723c751e8b465ee728b)  -> (artifact id: '11c1cdf1b8bf06835784db93cbbad83b') in 0.092744 seconds
  Import took 0.097723 seconds .

========================================================================
Received Import Request.
  Time since last request: 1.310108 seconds.
  path: Assets/Player/Player.prefab
  artifactKey: Guid(9e6610374e8bd584da4240883088f572) Importer(815301076,1909f56bfc062723c751e8b465ee728b)
Start importing Assets/Player/Player.prefab using Guid(9e6610374e8bd584da4240883088f572) Importer(815301076,1909f56bfc062723c751e8b465ee728b)  -> (artifact id: 'c463174edb6fc4a1e16ca21a3c4b508a') in 0.011373 seconds
  Import took 0.016306 seconds .

========================================================================
Received Import Request.
  Time since last request: 152.509059 seconds.
  path: Assets/kongtext.ttf
  artifactKey: Guid(58db404779b62ba4ea4c85821e957a6a) Importer(815301076,1909f56bfc062723c751e8b465ee728b)
Start importing Assets/kongtext.ttf using Guid(58db404779b62ba4ea4c85821e957a6a) Importer(815301076,1909f56bfc062723c751e8b465ee728b)  -> (artifact id: 'fb72d471e105a0c3b2bf727c2dbd4cd4') in 0.074445 seconds
  Import took 0.079736 seconds .

========================================================================
Received Import Request.
  Time since last request: 0.003571 seconds.
  path: Assets/kongtext.ttf
  artifactKey: Guid(58db404779b62ba4ea4c85821e957a6a) Importer(815301076,1909f56bfc062723c751e8b465ee728b)
Start importing Assets/kongtext.ttf using Guid(58db404779b62ba4ea4c85821e957a6a) Importer(815301076,1909f56bfc062723c751e8b465ee728b)  -> (artifact id: 'fb72d471e105a0c3b2bf727c2dbd4cd4') in 0.012025 seconds
  Import took 0.016786 seconds .

========================================================================
Received Prepare
Registering precompiled user dll's ...
Registered in 0.001482 seconds.
Begin MonoManager ReloadAssembly
Native extension for WindowsStandalone target not found
Refreshing native plugins compatible for Editor in 0.51 ms, found 0 plugins.
Preloading 0 native plugins for Editor in 0.00 ms.
Invoked RoslynAnalysisRunner static constructor.
RoslynAnalysisRunner will not be running.
RoslynAnalysisRunner has terminated.
Mono: successfully reloaded assembly
- Completed reload, in  1.136 seconds
Platform modules already initialized, skipping
Shader 'Universal Render Pipeline/Particles/Lit': fallback shader 'Universal Render Pipeline/Particles/SimpleLit' not found
Refreshing native plugins compatible for Editor in 0.65 ms, found 0 plugins.
Preloading 0 native plugins for Editor in 0.00 ms.
Unloading 2612 Unused Serialized files (Serialized files now loaded: 0)
System memory in use before: 117.1 MB.
System memory in use after: 117.4 MB.

Unloading 7 unused Assets to reduce memory usage. Loaded Objects now: 3301.
Total: 3.800400 ms (FindLiveObjects: 0.608200 ms CreateObjectMapping: 0.148700 ms MarkObjects: 3.011700 ms  DeleteObjects: 0.029400 ms)

========================================================================
Received Import Request.
  Time since last request: 283.513024 seconds.
  path: Assets/Player/Player.prefab
  artifactKey: Guid(9e6610374e8bd584da4240883088f572) Importer(815301076,1909f56bfc062723c751e8b465ee728b)
Start importing Assets/Player/Player.prefab using Guid(9e6610374e8bd584da4240883088f572) Importer(815301076,1909f56bfc062723c751e8b465ee728b)  -> (artifact id: '4ea33e7d162e904d52add4c2e5b93bcc') in 0.083555 seconds
  Import took 0.088865 seconds .

========================================================================
Received Prepare
Registering precompiled user dll's ...
Registered in 0.001452 seconds.
Begin MonoManager ReloadAssembly
Native extension for WindowsStandalone target not found
Refreshing native plugins compatible for Editor in 0.55 ms, found 0 plugins.
Preloading 0 native plugins for Editor in 0.00 ms.
Invoked RoslynAnalysisRunner static constructor.
RoslynAnalysisRunner will not be running.
RoslynAnalysisRunner has terminated.
Mono: successfully reloaded assembly
- Completed reload, in  1.206 seconds
Platform modules already initialized, skipping
Shader 'Universal Render Pipeline/Particles/Lit': fallback shader 'Universal Render Pipeline/Particles/SimpleLit' not found
Refreshing native plugins compatible for Editor in 0.63 ms, found 0 plugins.
Preloading 0 native plugins for Editor in 0.00 ms.
Unloading 2613 Unused Serialized files (Serialized files now loaded: 0)
System memory in use before: 117.2 MB.
System memory in use after: 117.4 MB.

Unloading 7 unused Assets to reduce memory usage. Loaded Objects now: 3307.
Total: 4.808800 ms (FindLiveObjects: 0.458200 ms CreateObjectMapping: 0.083600 ms MarkObjects: 4.236300 ms  DeleteObjects: 0.028200 ms)

========================================================================
Received Import Request.
  Time since last request: 15.761778 seconds.
  path: Assets/Player/PlayerHUD.cs
  artifactKey: Guid(782da6507069ed442a73f6664bdd6b4d) Importer(815301076,1909f56bfc062723c751e8b465ee728b)
Start importing Assets/Player/PlayerHUD.cs using Guid(782da6507069ed442a73f6664bdd6b4d) Importer(815301076,1909f56bfc062723c751e8b465ee728b)  -> (artifact id: 'eefdc34fe3d139c78e3603a58be41993') in 0.016477 seconds
  Import took 0.022921 seconds .

========================================================================
Received Prepare
Registering precompiled user dll's ...
Registered in 0.001535 seconds.
Begin MonoManager ReloadAssembly
Native extension for WindowsStandalone target not found
Refreshing native plugins compatible for Editor in 0.50 ms, found 0 plugins.
Preloading 0 native plugins for Editor in 0.00 ms.
Invoked RoslynAnalysisRunner static constructor.
RoslynAnalysisRunner will not be running.
RoslynAnalysisRunner has terminated.
Mono: successfully reloaded assembly
- Completed reload, in  1.138 seconds
Platform modules already initialized, skipping
Shader 'Universal Render Pipeline/Particles/Lit': fallback shader 'Universal Render Pipeline/Particles/SimpleLit' not found
Refreshing native plugins compatible for Editor in 0.55 ms, found 0 plugins.
Preloading 0 native plugins for Editor in 0.00 ms.
Unloading 2613 Unused Serialized files (Serialized files now loaded: 0)
System memory in use before: 117.2 MB.
System memory in use after: 117.4 MB.

Unloading 7 unused Assets to reduce memory usage. Loaded Objects now: 3311.
Total: 3.641700 ms (FindLiveObjects: 0.569900 ms CreateObjectMapping: 0.097800 ms MarkObjects: 2.948900 ms  DeleteObjects: 0.023500 ms)

========================================================================
Received Import Request.
  Time since last request: 6.455483 seconds.
  path: Assets/Player/Player.prefab
  artifactKey: Guid(9e6610374e8bd584da4240883088f572) Importer(815301076,1909f56bfc062723c751e8b465ee728b)
Start importing Assets/Player/Player.prefab using Guid(9e6610374e8bd584da4240883088f572) Importer(815301076,1909f56bfc062723c751e8b465ee728b)  -> (artifact id: '109abc2a4446fa7e20d4984bddf89790') in 0.083741 seconds
  Import took 0.089168 seconds .

========================================================================
Received Prepare
Registering precompiled user dll's ...
Registered in 0.001417 seconds.
Begin MonoManager ReloadAssembly
Native extension for WindowsStandalone target not found
Refreshing native plugins compatible for Editor in 0.52 ms, found 0 plugins.
Preloading 0 native plugins for Editor in 0.00 ms.
Invoked RoslynAnalysisRunner static constructor.
RoslynAnalysisRunner will not be running.
RoslynAnalysisRunner has terminated.
Mono: successfully reloaded assembly
- Completed reload, in  1.134 seconds
Platform modules already initialized, skipping
Shader 'Universal Render Pipeline/Particles/Lit': fallback shader 'Universal Render Pipeline/Particles/SimpleLit' not found
Refreshing native plugins compatible for Editor in 0.88 ms, found 0 plugins.
Preloading 0 native plugins for Editor in 0.00 ms.
Unloading 2613 Unused Serialized files (Serialized files now loaded: 0)
System memory in use before: 117.2 MB.
System memory in use after: 117.4 MB.

Unloading 7 unused Assets to reduce memory usage. Loaded Objects now: 3316.
Total: 3.876700 ms (FindLiveObjects: 0.726200 ms CreateObjectMapping: 0.263500 ms MarkObjects: 2.863300 ms  DeleteObjects: 0.020500 ms)

========================================================================
Received Prepare
Registering precompiled user dll's ...
Registered in 0.001467 seconds.
Begin MonoManager ReloadAssembly
Native extension for WindowsStandalone target not found
Refreshing native plugins compatible for Editor in 0.58 ms, found 0 plugins.
Preloading 0 native plugins for Editor in 0.00 ms.
Invoked RoslynAnalysisRunner static constructor.
RoslynAnalysisRunner will not be running.
RoslynAnalysisRunner has terminated.
Mono: successfully reloaded assembly
- Completed reload, in  1.121 seconds
Platform modules already initialized, skipping
Shader 'Universal Render Pipeline/Particles/Lit': fallback shader 'Universal Render Pipeline/Particles/SimpleLit' not found
Refreshing native plugins compatible for Editor in 0.67 ms, found 0 plugins.
Preloading 0 native plugins for Editor in 0.00 ms.
Unloading 2613 Unused Serialized files (Serialized files now loaded: 0)
System memory in use before: 117.2 MB.
System memory in use after: 117.4 MB.

Unloading 7 unused Assets to reduce memory usage. Loaded Objects now: 3320.
Total: 5.196900 ms (FindLiveObjects: 0.636800 ms CreateObjectMapping: 0.139800 ms MarkObjects: 4.385100 ms  DeleteObjects: 0.032400 ms)

========================================================================
Received Import Request.
  Time since last request: 46.374190 seconds.
  path: Assets/Player/Player.prefab
  artifactKey: Guid(9e6610374e8bd584da4240883088f572) Importer(815301076,1909f56bfc062723c751e8b465ee728b)
Start importing Assets/Player/Player.prefab using Guid(9e6610374e8bd584da4240883088f572) Importer(815301076,1909f56bfc062723c751e8b465ee728b)  -> (artifact id: 'a2f2ecccaa326b7c4931b05430913d92') in 0.102045 seconds
  Import took 0.108064 seconds .

========================================================================
Received Import Request.
  Time since last request: 3.579683 seconds.
  path: Assets/Player/Player.prefab
  artifactKey: Guid(9e6610374e8bd584da4240883088f572) Importer(815301076,1909f56bfc062723c751e8b465ee728b)
Start importing Assets/Player/Player.prefab using Guid(9e6610374e8bd584da4240883088f572) Importer(815301076,1909f56bfc062723c751e8b465ee728b)  -> (artifact id: 'aa4735628a15ae347e3bc6ace028aa14') in 0.011831 seconds
  Import took 0.016935 seconds .

========================================================================
Received Prepare
Registering precompiled user dll's ...
Registered in 0.001552 seconds.
Begin MonoManager ReloadAssembly
Native extension for WindowsStandalone target not found
Refreshing native plugins compatible for Editor in 0.53 ms, found 0 plugins.
Preloading 0 native plugins for Editor in 0.00 ms.
Invoked RoslynAnalysisRunner static constructor.
RoslynAnalysisRunner will not be running.
RoslynAnalysisRunner has terminated.
Mono: successfully reloaded assembly
- Completed reload, in  1.127 seconds
Platform modules already initialized, skipping
Shader 'Universal Render Pipeline/Particles/Lit': fallback shader 'Universal Render Pipeline/Particles/SimpleLit' not found
Refreshing native plugins compatible for Editor in 0.64 ms, found 0 plugins.
Preloading 0 native plugins for Editor in 0.00 ms.
Unloading 2613 Unused Serialized files (Serialized files now loaded: 0)
System memory in use before: 117.2 MB.
System memory in use after: 117.4 MB.

Unloading 7 unused Assets to reduce memory usage. Loaded Objects now: 3325.
Total: 3.657700 ms (FindLiveObjects: 0.581900 ms CreateObjectMapping: 0.106200 ms MarkObjects: 2.943700 ms  DeleteObjects: 0.020600 ms)

========================================================================
Received Import Request.
  Time since last request: 91.969282 seconds.
  path: Assets/Player/Player.prefab
  artifactKey: Guid(9e6610374e8bd584da4240883088f572) Importer(815301076,1909f56bfc062723c751e8b465ee728b)
Start importing Assets/Player/Player.prefab using Guid(9e6610374e8bd584da4240883088f572) Importer(815301076,1909f56bfc062723c751e8b465ee728b)  -> (artifact id: '5970b0ff6683e6a4b71cf35cc24239cb') in 0.090478 seconds
  Import took 0.096669 seconds .

========================================================================
Received Import Request.
  Time since last request: 1.430579 seconds.
  path: Assets/Player/Player.prefab
  artifactKey: Guid(9e6610374e8bd584da4240883088f572) Importer(815301076,1909f56bfc062723c751e8b465ee728b)
Start importing Assets/Player/Player.prefab using Guid(9e6610374e8bd584da4240883088f572) Importer(815301076,1909f56bfc062723c751e8b465ee728b)  -> (artifact id: '82c429911b2d5f71f01ded0ef77e1d3f') in 0.010685 seconds
  Import took 0.015578 seconds .

========================================================================
Received Import Request.
  Time since last request: 18.767953 seconds.
  path: Assets/Player/Player.prefab
  artifactKey: Guid(9e6610374e8bd584da4240883088f572) Importer(815301076,1909f56bfc062723c751e8b465ee728b)
Start importing Assets/Player/Player.prefab using Guid(9e6610374e8bd584da4240883088f572) Importer(815301076,1909f56bfc062723c751e8b465ee728b)  -> (artifact id: '74cdf2c47cde6e10f84e81600df17aa6') in 0.011026 seconds
  Import took 0.016018 seconds .

========================================================================
Received Prepare
Registering precompiled user dll's ...
Registered in 0.001364 seconds.
Begin MonoManager ReloadAssembly
Native extension for WindowsStandalone target not found
Refreshing native plugins compatible for Editor in 0.63 ms, found 0 plugins.
Preloading 0 native plugins for Editor in 0.00 ms.
Invoked RoslynAnalysisRunner static constructor.
RoslynAnalysisRunner will not be running.
RoslynAnalysisRunner has terminated.
Mono: successfully reloaded assembly
- Completed reload, in  1.131 seconds
Platform modules already initialized, skipping
Shader 'Universal Render Pipeline/Particles/Lit': fallback shader 'Universal Render Pipeline/Particles/SimpleLit' not found
Refreshing native plugins compatible for Editor in 0.57 ms, found 0 plugins.
Preloading 0 native plugins for Editor in 0.00 ms.
Unloading 2613 Unused Serialized files (Serialized files now loaded: 0)
System memory in use before: 117.2 MB.
System memory in use after: 117.4 MB.

Unloading 7 unused Assets to reduce memory usage. Loaded Objects now: 3330.
Total: 3.479600 ms (FindLiveObjects: 0.585700 ms CreateObjectMapping: 0.134700 ms MarkObjects: 2.732500 ms  DeleteObjects: 0.025400 ms)

========================================================================
Received Import Request.
  Time since last request: 51.218830 seconds.
  path: Assets/Player/Player.prefab
  artifactKey: Guid(9e6610374e8bd584da4240883088f572) Importer(815301076,1909f56bfc062723c751e8b465ee728b)
Start importing Assets/Player/Player.prefab using Guid(9e6610374e8bd584da4240883088f572) Importer(815301076,1909f56bfc062723c751e8b465ee728b)  -> (artifact id: 'f8f649ed4e0aa09bbd4f32ceec229d2b') in 0.088157 seconds
  Import took 0.093269 seconds .

========================================================================
Received Prepare
Registering precompiled user dll's ...
Registered in 0.001339 seconds.
Begin MonoManager ReloadAssembly
Native extension for WindowsStandalone target not found
Refreshing native plugins compatible for Editor in 0.54 ms, found 0 plugins.
Preloading 0 native plugins for Editor in 0.00 ms.
Invoked RoslynAnalysisRunner static constructor.
RoslynAnalysisRunner will not be running.
RoslynAnalysisRunner has terminated.
Mono: successfully reloaded assembly
- Completed reload, in  1.130 seconds
Platform modules already initialized, skipping
Shader 'Universal Render Pipeline/Particles/Lit': fallback shader 'Universal Render Pipeline/Particles/SimpleLit' not found
Refreshing native plugins compatible for Editor in 0.90 ms, found 0 plugins.
Preloading 0 native plugins for Editor in 0.00 ms.
Unloading 2613 Unused Serialized files (Serialized files now loaded: 0)
System memory in use before: 117.4 MB.
System memory in use after: 117.6 MB.

Unloading 7 unused Assets to reduce memory usage. Loaded Objects now: 3335.
Total: 5.062300 ms (FindLiveObjects: 0.781300 ms CreateObjectMapping: 0.219700 ms MarkObjects: 4.028700 ms  DeleteObjects: 0.030400 ms)

========================================================================
Received Prepare
Registering precompiled user dll's ...
Registered in 0.001329 seconds.
Begin MonoManager ReloadAssembly
Native extension for WindowsStandalone target not found
Refreshing native plugins compatible for Editor in 0.89 ms, found 0 plugins.
Preloading 0 native plugins for Editor in 0.00 ms.
Invoked RoslynAnalysisRunner static constructor.
RoslynAnalysisRunner will not be running.
RoslynAnalysisRunner has terminated.
Mono: successfully reloaded assembly
- Completed reload, in  1.162 seconds
Platform modules already initialized, skipping
Shader 'Universal Render Pipeline/Particles/Lit': fallback shader 'Universal Render Pipeline/Particles/SimpleLit' not found
Refreshing native plugins compatible for Editor in 0.83 ms, found 0 plugins.
Preloading 0 native plugins for Editor in 0.00 ms.
Unloading 2613 Unused Serialized files (Serialized files now loaded: 0)
System memory in use before: 117.4 MB.
System memory in use after: 117.6 MB.

Unloading 7 unused Assets to reduce memory usage. Loaded Objects now: 3339.
Total: 4.379900 ms (FindLiveObjects: 0.629500 ms CreateObjectMapping: 0.139200 ms MarkObjects: 3.584200 ms  DeleteObjects: 0.025100 ms)

========================================================================
Received Prepare
Registering precompiled user dll's ...
Registered in 0.001330 seconds.
Begin MonoManager ReloadAssembly
Native extension for WindowsStandalone target not found
Refreshing native plugins compatible for Editor in 0.51 ms, found 0 plugins.
Preloading 0 native plugins for Editor in 0.00 ms.
Invoked RoslynAnalysisRunner static constructor.
RoslynAnalysisRunner will not be running.
RoslynAnalysisRunner has terminated.
Mono: successfully reloaded assembly
- Completed reload, in  1.143 seconds
Platform modules already initialized, skipping
Shader 'Universal Render Pipeline/Particles/Lit': fallback shader 'Universal Render Pipeline/Particles/SimpleLit' not found
Refreshing native plugins compatible for Editor in 0.76 ms, found 0 plugins.
Preloading 0 native plugins for Editor in 0.00 ms.
Unloading 2613 Unused Serialized files (Serialized files now loaded: 0)
System memory in use before: 117.2 MB.
System memory in use after: 117.5 MB.

Unloading 7 unused Assets to reduce memory usage. Loaded Objects now: 3343.
Total: 4.455000 ms (FindLiveObjects: 0.674600 ms CreateObjectMapping: 0.145700 ms MarkObjects: 3.600600 ms  DeleteObjects: 0.032200 ms)

========================================================================
Received Import Request.
  Time since last request: 43.292878 seconds.
  path: Assets/Player/Player.prefab
  artifactKey: Guid(9e6610374e8bd584da4240883088f572) Importer(815301076,1909f56bfc062723c751e8b465ee728b)
Start importing Assets/Player/Player.prefab using Guid(9e6610374e8bd584da4240883088f572) Importer(815301076,1909f56bfc062723c751e8b465ee728b)  -> (artifact id: '8285a4cd27d77e9f4a63747f27ae7b2a') in 0.101402 seconds
  Import took 0.107400 seconds .

========================================================================
Received Prepare
Registering precompiled user dll's ...
Registered in 0.001347 seconds.
Begin MonoManager ReloadAssembly
Native extension for WindowsStandalone target not found
Refreshing native plugins compatible for Editor in 0.52 ms, found 0 plugins.
Preloading 0 native plugins for Editor in 0.00 ms.
Invoked RoslynAnalysisRunner static constructor.
RoslynAnalysisRunner will not be running.
RoslynAnalysisRunner has terminated.
Mono: successfully reloaded assembly
- Completed reload, in  1.132 seconds
Platform modules already initialized, skipping
Shader 'Universal Render Pipeline/Particles/Lit': fallback shader 'Universal Render Pipeline/Particles/SimpleLit' not found
Refreshing native plugins compatible for Editor in 0.68 ms, found 0 plugins.
Preloading 0 native plugins for Editor in 0.00 ms.
Unloading 2613 Unused Serialized files (Serialized files now loaded: 0)
System memory in use before: 117.3 MB.
System memory in use after: 117.5 MB.

Unloading 7 unused Assets to reduce memory usage. Loaded Objects now: 3348.
Total: 4.086700 ms (FindLiveObjects: 0.429500 ms CreateObjectMapping: 0.091100 ms MarkObjects: 3.537600 ms  DeleteObjects: 0.026500 ms)

========================================================================
Received Prepare
Registering precompiled user dll's ...
Registered in 0.001379 seconds.
Begin MonoManager ReloadAssembly
Native extension for WindowsStandalone target not found
Refreshing native plugins compatible for Editor in 0.51 ms, found 0 plugins.
Preloading 0 native plugins for Editor in 0.00 ms.
Invoked RoslynAnalysisRunner static constructor.
RoslynAnalysisRunner will not be running.
RoslynAnalysisRunner has terminated.
Mono: successfully reloaded assembly
- Completed reload, in  1.149 seconds
Platform modules already initialized, skipping
Shader 'Universal Render Pipeline/Particles/Lit': fallback shader 'Universal Render Pipeline/Particles/SimpleLit' not found
Refreshing native plugins compatible for Editor in 1.03 ms, found 0 plugins.
Preloading 0 native plugins for Editor in 0.00 ms.
Unloading 2613 Unused Serialized files (Serialized files now loaded: 0)
System memory in use before: 117.4 MB.
System memory in use after: 117.6 MB.

Unloading 7 unused Assets to reduce memory usage. Loaded Objects now: 3352.
Total: 3.728600 ms (FindLiveObjects: 0.397200 ms CreateObjectMapping: 0.088700 ms MarkObjects: 3.208500 ms  DeleteObjects: 0.031700 ms)

========================================================================
Received Prepare
Registering precompiled user dll's ...
Registered in 0.001359 seconds.
Begin MonoManager ReloadAssembly
Native extension for WindowsStandalone target not found
Refreshing native plugins compatible for Editor in 0.52 ms, found 0 plugins.
Preloading 0 native plugins for Editor in 0.00 ms.
Invoked RoslynAnalysisRunner static constructor.
RoslynAnalysisRunner will not be running.
RoslynAnalysisRunner has terminated.
Mono: successfully reloaded assembly
- Completed reload, in  1.098 seconds
Platform modules already initialized, skipping
Shader 'Universal Render Pipeline/Particles/Lit': fallback shader 'Universal Render Pipeline/Particles/SimpleLit' not found
Refreshing native plugins compatible for Editor in 0.57 ms, found 0 plugins.
Preloading 0 native plugins for Editor in 0.00 ms.
Unloading 2613 Unused Serialized files (Serialized files now loaded: 0)
System memory in use before: 117.3 MB.
System memory in use after: 117.5 MB.

Unloading 7 unused Assets to reduce memory usage. Loaded Objects now: 3356.
Total: 3.202700 ms (FindLiveObjects: 0.414300 ms CreateObjectMapping: 0.084300 ms MarkObjects: 2.673900 ms  DeleteObjects: 0.028300 ms)

AssetImportWorkerClient::OnTransportError - code=2 error=End of file
