Using pre-set license
Built from '2020.3/release' branch; Version is '2020.3.1f1 (77a89f25062f) revision 7841951'; Using compiler version '192528614'; Build Type 'Release'
OS: 'Windows 10 Pro; OS build 19041.867; Version 2004; 64bit' Language: 'en' Physical Memory: 16336 MB
BatchMode: 1, IsHumanControllingUs: 0, StartBugReporterOnCrash: 0, Is64bit: 1, IsPro: 0

 COMMAND LINE ARGUMENTS:
L:\Unity Editors\2020.3.1f1\Editor\Unity.exe
-adb2
-batchMode
-noUpm
-name
AssetImportWorker2
-projectPath
L:/Unity/MinecartGemGame
-logFile
Logs/AssetImportWorker2.log
-srvPort
63530
Successfully changed project path to: L:/Unity/MinecartGemGame
L:/Unity/MinecartGemGame
Using Asset Import Pipeline V2.
Refreshing native plugins compatible for Editor in 61.30 ms, found 0 plugins.
Preloading 0 native plugins for Editor in 0.00 ms.
Initialize engine version: 2020.3.1f1 (77a89f25062f)
[Subsystems] Discovering subsystems at path L:/Unity Editors/2020.3.1f1/Editor/Data/Resources/UnitySubsystems
[Subsystems] Discovering subsystems at path L:/Unity/MinecartGemGame/Assets
GfxDevice: creating device client; threaded=0
Direct3D:
    Version:  Direct3D 11.0 [level 11.1]
    Renderer: NVIDIA GeForce GTX 1080 (ID=0x1b80)
    Vendor:   
    VRAM:     8079 MB
    Driver:   27.21.14.6192
Shader 'Universal Render Pipeline/Particles/Lit': fallback shader 'Universal Render Pipeline/Particles/SimpleLit' not found
Initialize mono
Mono path[0] = 'L:/Unity Editors/2020.3.1f1/Editor/Data/Managed'
Mono path[1] = 'L:/Unity Editors/2020.3.1f1/Editor/Data/MonoBleedingEdge/lib/mono/unityjit'
Mono config path = 'L:/Unity Editors/2020.3.1f1/Editor/Data/MonoBleedingEdge/etc'
Using monoOptions --debugger-agent=transport=dt_socket,embedding=1,server=y,suspend=n,address=127.0.0.1:56296
Begin MonoManager ReloadAssembly
Registering precompiled unity dll's ...
Register platform support module: L:/Unity Editors/2020.3.1f1/Editor/Data/PlaybackEngines/WebGLSupport/UnityEditor.WebGL.Extensions.dll
Register platform support module: L:/Unity Editors/2020.3.1f1/Editor/Data/PlaybackEngines/WindowsStandaloneSupport/UnityEditor.WindowsStandalone.Extensions.dll
Registered in 0.001608 seconds.
Native extension for WindowsStandalone target not found
Native extension for WebGL target not found
Refreshing native plugins compatible for Editor in 62.09 ms, found 0 plugins.
Preloading 0 native plugins for Editor in 0.00 ms.
Invoked RoslynAnalysisRunner static constructor.
RoslynAnalysisRunner will not be running.
RoslynAnalysisRunner has terminated.
Mono: successfully reloaded assembly
- Completed reload, in 12.863 seconds
Platform modules already initialized, skipping
Registering precompiled user dll's ...
Registered in 0.001261 seconds.
Begin MonoManager ReloadAssembly
Native extension for WindowsStandalone target not found
Native extension for WebGL target not found
Refreshing native plugins compatible for Editor in 61.27 ms, found 0 plugins.
Preloading 0 native plugins for Editor in 0.00 ms.
Invoked RoslynAnalysisRunner static constructor.
RoslynAnalysisRunner will not be running.
RoslynAnalysisRunner has terminated.
Mono: successfully reloaded assembly
- Completed reload, in  1.251 seconds
Platform modules already initialized, skipping
========================================================================
Worker process is ready to serve import requests
Shader 'Universal Render Pipeline/Particles/Lit': fallback shader 'Universal Render Pipeline/Particles/SimpleLit' not found
Launched and connected shader compiler UnityShaderCompiler.exe after 0.16 seconds
Refreshing native plugins compatible for Editor in 0.55 ms, found 0 plugins.
Preloading 0 native plugins for Editor in 0.00 ms.
Unloading 2766 Unused Serialized files (Serialized files now loaded: 0)
System memory in use before: 123.9 MB.
System memory in use after: 124.1 MB.

Unloading 15 unused Assets to reduce memory usage. Loaded Objects now: 3215.
Total: 2.877600 ms (FindLiveObjects: 0.407800 ms CreateObjectMapping: 0.098200 ms MarkObjects: 2.338200 ms  DeleteObjects: 0.032300 ms)

========================================================================
Received Prepare
Shader 'Universal Render Pipeline/Particles/Lit': fallback shader 'Universal Render Pipeline/Particles/SimpleLit' not found
Refreshing native plugins compatible for Editor in 1.87 ms, found 0 plugins.
Preloading 0 native plugins for Editor in 0.00 ms.
Unloading 3 Unused Serialized files (Serialized files now loaded: 0)
System memory in use before: 65.2 MB.
System memory in use after: 65.4 MB.

Unloading 3 unused Assets to reduce memory usage. Loaded Objects now: 3215.
Total: 5.612800 ms (FindLiveObjects: 0.582200 ms CreateObjectMapping: 0.204600 ms MarkObjects: 4.714700 ms  DeleteObjects: 0.108700 ms)

========================================================================
Received Import Request.
  path: Assets/Scenes/WinScene.unity
  artifactKey: Guid(9acee6d7c75dc464e959df7638dd0838) Importer(815301076,1909f56bfc062723c751e8b465ee728b)
Start importing Assets/Scenes/WinScene.unity using Guid(9acee6d7c75dc464e959df7638dd0838) Importer(815301076,1909f56bfc062723c751e8b465ee728b)  -> (artifact id: 'c9e57a49a81c54ddc76083ae0303902a') in 0.019977 seconds
  Import took 0.025648 seconds .

========================================================================
Received Prepare
Registering precompiled user dll's ...
Registered in 0.001486 seconds.
Begin MonoManager ReloadAssembly
Native extension for WindowsStandalone target not found
Native extension for WebGL target not found
Refreshing native plugins compatible for Editor in 0.56 ms, found 0 plugins.
Preloading 0 native plugins for Editor in 0.00 ms.
Invoked RoslynAnalysisRunner static constructor.
RoslynAnalysisRunner will not be running.
RoslynAnalysisRunner has terminated.
Mono: successfully reloaded assembly
- Completed reload, in  1.158 seconds
Platform modules already initialized, skipping
Shader 'Universal Render Pipeline/Particles/Lit': fallback shader 'Universal Render Pipeline/Particles/SimpleLit' not found
Refreshing native plugins compatible for Editor in 1.02 ms, found 0 plugins.
Preloading 0 native plugins for Editor in 0.00 ms.
Unloading 2653 Unused Serialized files (Serialized files now loaded: 0)
System memory in use before: 117.8 MB.
System memory in use after: 118.1 MB.

Unloading 7 unused Assets to reduce memory usage. Loaded Objects now: 3219.
Total: 3.310000 ms (FindLiveObjects: 0.559800 ms CreateObjectMapping: 0.131700 ms MarkObjects: 2.588700 ms  DeleteObjects: 0.028400 ms)

========================================================================
Received Prepare
Registering precompiled user dll's ...
Registered in 0.001522 seconds.
Begin MonoManager ReloadAssembly
Native extension for WindowsStandalone target not found
Native extension for WebGL target not found
Refreshing native plugins compatible for Editor in 0.57 ms, found 0 plugins.
Preloading 0 native plugins for Editor in 0.00 ms.
Invoked RoslynAnalysisRunner static constructor.
RoslynAnalysisRunner will not be running.
RoslynAnalysisRunner has terminated.
Mono: successfully reloaded assembly
- Completed reload, in  1.142 seconds
Platform modules already initialized, skipping
Shader 'Universal Render Pipeline/Particles/Lit': fallback shader 'Universal Render Pipeline/Particles/SimpleLit' not found
Refreshing native plugins compatible for Editor in 0.61 ms, found 0 plugins.
Preloading 0 native plugins for Editor in 0.00 ms.
Unloading 2653 Unused Serialized files (Serialized files now loaded: 0)
System memory in use before: 118.0 MB.
System memory in use after: 118.2 MB.

Unloading 7 unused Assets to reduce memory usage. Loaded Objects now: 3223.
Total: 4.749800 ms (FindLiveObjects: 0.580600 ms CreateObjectMapping: 0.128100 ms MarkObjects: 4.005300 ms  DeleteObjects: 0.033900 ms)

========================================================================
Received Import Request.
  Time since last request: 164.857332 seconds.
  path: Assets/Scenes/Level4.unity
  artifactKey: Guid(12170c6df70f1a141bafc4d34454aeec) Importer(815301076,1909f56bfc062723c751e8b465ee728b)
Start importing Assets/Scenes/Level4.unity using Guid(12170c6df70f1a141bafc4d34454aeec) Importer(815301076,1909f56bfc062723c751e8b465ee728b)  -> (artifact id: '05f93b2095d12d1ba0c124d73a73785f') in 0.024595 seconds
  Import took 0.029644 seconds .

========================================================================
Received Import Request.
  Time since last request: 260.568966 seconds.
  path: Assets/Gems/CollectingGems.wav
  artifactKey: Guid(721e598638170fb429ee1cffbc7b5b81) Importer(815301076,1909f56bfc062723c751e8b465ee728b)
Start importing Assets/Gems/CollectingGems.wav using Guid(721e598638170fb429ee1cffbc7b5b81) Importer(815301076,1909f56bfc062723c751e8b465ee728b)  -> (artifact id: '49b3866028c3bbc76d6d32cc41c944d6') in 0.166214 seconds
  Import took 0.171311 seconds .

========================================================================
Received Import Request.
  Time since last request: 0.000226 seconds.
  path: Assets/Gems/GemGreen.png
  artifactKey: Guid(b400e912272aba348a4908c351d41a1a) Importer(815301076,1909f56bfc062723c751e8b465ee728b)
Start importing Assets/Gems/GemGreen.png using Guid(b400e912272aba348a4908c351d41a1a) Importer(815301076,1909f56bfc062723c751e8b465ee728b)  -> (artifact id: 'a466492fd9e564c482d43abb2f06cf1e') in 0.119712 seconds
  Import took 0.142129 seconds .

========================================================================
Received Import Request.
  Time since last request: 0.000240 seconds.
  path: Assets/Gems/GemRed.png
  artifactKey: Guid(59f23768d6fbdd34380d361b9703a1ab) Importer(815301076,1909f56bfc062723c751e8b465ee728b)
Start importing Assets/Gems/GemRed.png using Guid(59f23768d6fbdd34380d361b9703a1ab) Importer(815301076,1909f56bfc062723c751e8b465ee728b)  -> (artifact id: 'cbbbec9f340f4044d74ac2eee8a61278') in 0.020343 seconds
  Import took 0.024862 seconds .

========================================================================
Received Import Request.
  Time since last request: 0.000253 seconds.
  path: Assets/Gems/GemTeal.png
  artifactKey: Guid(daf7e53977e829041a67c2efab2d21f3) Importer(815301076,1909f56bfc062723c751e8b465ee728b)
Start importing Assets/Gems/GemTeal.png using Guid(daf7e53977e829041a67c2efab2d21f3) Importer(815301076,1909f56bfc062723c751e8b465ee728b)  -> (artifact id: '8e0ad32b4402446bcca114d37ccddf7d') in 0.021914 seconds
  Import took 0.037901 seconds .

========================================================================
Received Import Request.
  Time since last request: 0.000311 seconds.
  path: Assets/Gems/DiamondBlue.png
  artifactKey: Guid(3ab9357250cb0cb45849d1fa5d4990cd) Importer(815301076,1909f56bfc062723c751e8b465ee728b)
Start importing Assets/Gems/DiamondBlue.png using Guid(3ab9357250cb0cb45849d1fa5d4990cd) Importer(815301076,1909f56bfc062723c751e8b465ee728b)  -> (artifact id: '9927c538f560520cd7dba798a65251d1') in 0.024131 seconds
  Import took 0.029211 seconds .

========================================================================
Received Import Request.
  Time since last request: 0.000261 seconds.
  path: Assets/Gems/GemLightBlue.png
  artifactKey: Guid(cc6269bde0ca8dd43810ef089b5cdf54) Importer(815301076,1909f56bfc062723c751e8b465ee728b)
Start importing Assets/Gems/GemLightBlue.png using Guid(cc6269bde0ca8dd43810ef089b5cdf54) Importer(815301076,1909f56bfc062723c751e8b465ee728b)  -> (artifact id: '9a0ee93cb0751709d7b1bbe0cf8f9013') in 0.022024 seconds
  Import took 0.027351 seconds .

========================================================================
Received Import Request.
  Time since last request: 0.000219 seconds.
  path: Assets/Gems/GemDarkPink.png
  artifactKey: Guid(dbfbfcf9d547c0143a5219a1da64643f) Importer(815301076,1909f56bfc062723c751e8b465ee728b)
Start importing Assets/Gems/GemDarkPink.png using Guid(dbfbfcf9d547c0143a5219a1da64643f) Importer(815301076,1909f56bfc062723c751e8b465ee728b)  -> (artifact id: 'c35eee9af930785c7182966fbe259e1d') in 0.022131 seconds
  Import took 0.026992 seconds .

========================================================================
Received Import Request.
  Time since last request: 0.000250 seconds.
  path: Assets/Gems/DiamondPurple.png
  artifactKey: Guid(8fcf765ffbf133c42a9334492180681f) Importer(815301076,1909f56bfc062723c751e8b465ee728b)
Start importing Assets/Gems/DiamondPurple.png using Guid(8fcf765ffbf133c42a9334492180681f) Importer(815301076,1909f56bfc062723c751e8b465ee728b)  -> (artifact id: 'c41b5245e64710a5352953dedcffe08e') in 0.023372 seconds
  Import took 0.041044 seconds .

========================================================================
Received Import Request.
  Time since last request: 0.000249 seconds.
  path: Assets/Gems/GemPink.png
  artifactKey: Guid(2d605b6693f3b6c40bbb3771ee7e980f) Importer(815301076,1909f56bfc062723c751e8b465ee728b)
Start importing Assets/Gems/GemPink.png using Guid(2d605b6693f3b6c40bbb3771ee7e980f) Importer(815301076,1909f56bfc062723c751e8b465ee728b)  -> (artifact id: '324887ee1656410ab42edb50c8749f30') in 0.021027 seconds
  Import took 0.025379 seconds .

========================================================================
Received Import Request.
  Time since last request: 11.557127 seconds.
  path: Assets/Enemies/Bat/BatFly.png
  artifactKey: Guid(51a73d895a32cf14d8f916e3d050583d) Importer(815301076,1909f56bfc062723c751e8b465ee728b)
Start importing Assets/Enemies/Bat/BatFly.png using Guid(51a73d895a32cf14d8f916e3d050583d) Importer(815301076,1909f56bfc062723c751e8b465ee728b)  -> (artifact id: '947ad81925f7b416dd166264b601abf5') in 0.023951 seconds
  Import took 0.028872 seconds .

========================================================================
Received Import Request.
  Time since last request: 0.000289 seconds.
  path: Assets/Enemies/Bat/BatIdle.png
  artifactKey: Guid(429ebb53e5b76b6458f4d08196bb9175) Importer(815301076,1909f56bfc062723c751e8b465ee728b)
Start importing Assets/Enemies/Bat/BatIdle.png using Guid(429ebb53e5b76b6458f4d08196bb9175) Importer(815301076,1909f56bfc062723c751e8b465ee728b)  -> (artifact id: 'a8cb7f9b0e9acb07ab906e32b9d4867e') in 0.030448 seconds
  Import took 0.034893 seconds .

========================================================================
Received Import Request.
  Time since last request: 0.289340 seconds.
  path: Assets/Enemies/BatDies.wav
  artifactKey: Guid(b2de6452ce0cbd440a4f663fc48d9977) Importer(815301076,1909f56bfc062723c751e8b465ee728b)
Start importing Assets/Enemies/BatDies.wav using Guid(b2de6452ce0cbd440a4f663fc48d9977) Importer(815301076,1909f56bfc062723c751e8b465ee728b)  -> (artifact id: 'd23c72fa897d153d393d6260bd775bba') in 0.020974 seconds
  Import took 0.034570 seconds .

========================================================================
Received Import Request.
  Time since last request: 0.000358 seconds.
  path: Assets/Enemies/BatSpotsYou.wav
  artifactKey: Guid(e4cbb6a5f89fdcb44883c0c3972ab89f) Importer(815301076,1909f56bfc062723c751e8b465ee728b)
Start importing Assets/Enemies/BatSpotsYou.wav using Guid(e4cbb6a5f89fdcb44883c0c3972ab89f) Importer(815301076,1909f56bfc062723c751e8b465ee728b)  -> (artifact id: '0717de2f23fd7924e0771eb5b5349da2') in 0.033303 seconds
  Import took 0.037901 seconds .

AssetImportWorkerClient::OnTransportError - code=2 error=End of file
